[2019-04-14T11:44:30.984] [ERROR] error - (node:10832) [SEQUELIZE0002] DeprecationWarning: The logging-option should be either a function or false. Default: console.log
[2019-04-14T11:44:31.027] [ERROR] error - Ignoring invalid configuration option passed to Connection: collate. This is currently a warning, but in future versions of MySQL2, an error will be thrown if you pass an invalid configuration options to a Connection
[2019-04-14T11:44:31.027] [ERROR] error - Ignoring invalid configuration option passed to Connection: requestTimeout. This is currently a warning, but in future versions of MySQL2, an error will be thrown if you pass an invalid configuration options to a Connection
[2019-04-14T11:44:32.005] [ERROR] error - Ignoring invalid configuration option passed to Connection: collate. This is currently a warning, but in future versions of MySQL2, an error will be thrown if you pass an invalid configuration options to a Connection
[2019-04-14T11:44:32.005] [ERROR] error - Ignoring invalid configuration option passed to Connection: requestTimeout. This is currently a warning, but in future versions of MySQL2, an error will be thrown if you pass an invalid configuration options to a Connection
[2019-04-14T11:44:32.928] [ERROR] error - Ignoring invalid configuration option passed to Connection: collate. This is currently a warning, but in future versions of MySQL2, an error will be thrown if you pass an invalid configuration options to a Connection
[2019-04-14T11:44:32.928] [ERROR] error - Ignoring invalid configuration option passed to Connection: requestTimeout. This is currently a warning, but in future versions of MySQL2, an error will be thrown if you pass an invalid configuration options to a Connection
[2019-04-14T11:44:52.591] [ERROR] error - Ignoring invalid configuration option passed to Connection: collate. This is currently a warning, but in future versions of MySQL2, an error will be thrown if you pass an invalid configuration options to a Connection
[2019-04-14T11:44:52.591] [ERROR] error - Ignoring invalid configuration option passed to Connection: requestTimeout. This is currently a warning, but in future versions of MySQL2, an error will be thrown if you pass an invalid configuration options to a Connection
[2019-04-14T11:44:52.593] [ERROR] error - Ignoring invalid configuration option passed to Connection: collate. This is currently a warning, but in future versions of MySQL2, an error will be thrown if you pass an invalid configuration options to a Connection
[2019-04-14T11:44:52.593] [ERROR] error - Ignoring invalid configuration option passed to Connection: requestTimeout. This is currently a warning, but in future versions of MySQL2, an error will be thrown if you pass an invalid configuration options to a Connection
[2019-04-14T11:45:22.643] [ERROR] error - Ignoring invalid configuration option passed to Connection: collate. This is currently a warning, but in future versions of MySQL2, an error will be thrown if you pass an invalid configuration options to a Connection
[2019-04-14T11:45:22.644] [ERROR] error - Ignoring invalid configuration option passed to Connection: requestTimeout. This is currently a warning, but in future versions of MySQL2, an error will be thrown if you pass an invalid configuration options to a Connection
[2019-04-14T11:45:22.645] [ERROR] error - Ignoring invalid configuration option passed to Connection: collate. This is currently a warning, but in future versions of MySQL2, an error will be thrown if you pass an invalid configuration options to a Connection
[2019-04-14T11:45:22.645] [ERROR] error - Ignoring invalid configuration option passed to Connection: requestTimeout. This is currently a warning, but in future versions of MySQL2, an error will be thrown if you pass an invalid configuration options to a Connection
[2019-04-14T11:46:20.402] [ERROR] error - Ignoring invalid configuration option passed to Connection: collate. This is currently a warning, but in future versions of MySQL2, an error will be thrown if you pass an invalid configuration options to a Connection
[2019-04-14T11:46:20.402] [ERROR] error - Ignoring invalid configuration option passed to Connection: requestTimeout. This is currently a warning, but in future versions of MySQL2, an error will be thrown if you pass an invalid configuration options to a Connection
[2019-04-14T11:46:20.404] [ERROR] error - Ignoring invalid configuration option passed to Connection: collate. This is currently a warning, but in future versions of MySQL2, an error will be thrown if you pass an invalid configuration options to a Connection
[2019-04-14T11:46:20.404] [ERROR] error - Ignoring invalid configuration option passed to Connection: requestTimeout. This is currently a warning, but in future versions of MySQL2, an error will be thrown if you pass an invalid configuration options to a Connection
[2019-04-14T12:01:05.145] [ERROR] error - Ignoring invalid configuration option passed to Connection: collate. This is currently a warning, but in future versions of MySQL2, an error will be thrown if you pass an invalid configuration options to a Connection
[2019-04-14T12:01:05.146] [ERROR] error - Ignoring invalid configuration option passed to Connection: requestTimeout. This is currently a warning, but in future versions of MySQL2, an error will be thrown if you pass an invalid configuration options to a Connection
[2019-04-14T12:01:05.147] [ERROR] error - Ignoring invalid configuration option passed to Connection: collate. This is currently a warning, but in future versions of MySQL2, an error will be thrown if you pass an invalid configuration options to a Connection
[2019-04-14T12:01:05.148] [ERROR] error - Ignoring invalid configuration option passed to Connection: requestTimeout. This is currently a warning, but in future versions of MySQL2, an error will be thrown if you pass an invalid configuration options to a Connection
[2019-04-14T20:20:28.398] [ERROR] error - Ignoring invalid configuration option passed to Connection: collate. This is currently a warning, but in future versions of MySQL2, an error will be thrown if you pass an invalid configuration options to a Connection
[2019-04-14T20:20:28.398] [ERROR] error - Ignoring invalid configuration option passed to Connection: requestTimeout. This is currently a warning, but in future versions of MySQL2, an error will be thrown if you pass an invalid configuration options to a Connection
[2019-04-14T20:20:28.400] [ERROR] error - Ignoring invalid configuration option passed to Connection: collate. This is currently a warning, but in future versions of MySQL2, an error will be thrown if you pass an invalid configuration options to a Connection
[2019-04-14T20:20:28.400] [ERROR] error - Ignoring invalid configuration option passed to Connection: requestTimeout. This is currently a warning, but in future versions of MySQL2, an error will be thrown if you pass an invalid configuration options to a Connection
[2019-04-14T22:19:56.379] [ERROR] error - (node:4444) [SEQUELIZE0002] DeprecationWarning: The logging-option should be either a function or false. Default: console.log
[2019-04-14T22:19:56.546] [ERROR] error - Ignoring invalid configuration option passed to Connection: collate. This is currently a warning, but in future versions of MySQL2, an error will be thrown if you pass an invalid configuration options to a Connection
[2019-04-14T22:19:56.547] [ERROR] error - Ignoring invalid configuration option passed to Connection: requestTimeout. This is currently a warning, but in future versions of MySQL2, an error will be thrown if you pass an invalid configuration options to a Connection
[2019-04-14T22:19:58.318] [ERROR] error - Ignoring invalid configuration option passed to Connection: collate. This is currently a warning, but in future versions of MySQL2, an error will be thrown if you pass an invalid configuration options to a Connection
[2019-04-14T22:19:58.318] [ERROR] error - Ignoring invalid configuration option passed to Connection: requestTimeout. This is currently a warning, but in future versions of MySQL2, an error will be thrown if you pass an invalid configuration options to a Connection
[2019-04-14T22:20:11.142] [ERROR] error - Ignoring invalid configuration option passed to Connection: collate. This is currently a warning, but in future versions of MySQL2, an error will be thrown if you pass an invalid configuration options to a Connection
[2019-04-14T22:20:11.143] [ERROR] error - Ignoring invalid configuration option passed to Connection: requestTimeout. This is currently a warning, but in future versions of MySQL2, an error will be thrown if you pass an invalid configuration options to a Connection
[2019-04-14T22:20:11.145] [ERROR] error - Ignoring invalid configuration option passed to Connection: collate. This is currently a warning, but in future versions of MySQL2, an error will be thrown if you pass an invalid configuration options to a Connection
[2019-04-14T22:20:11.145] [ERROR] error - Ignoring invalid configuration option passed to Connection: requestTimeout. This is currently a warning, but in future versions of MySQL2, an error will be thrown if you pass an invalid configuration options to a Connection
[2019-04-14T22:23:00.876] [ERROR] error - (node:9808) [SEQUELIZE0002] DeprecationWarning: The logging-option should be either a function or false. Default: console.log
[2019-04-14T22:23:00.905] [ERROR] error - Ignoring invalid configuration option passed to Connection: collate. This is currently a warning, but in future versions of MySQL2, an error will be thrown if you pass an invalid configuration options to a Connection
[2019-04-14T22:23:00.905] [ERROR] error - Ignoring invalid configuration option passed to Connection: requestTimeout. This is currently a warning, but in future versions of MySQL2, an error will be thrown if you pass an invalid configuration options to a Connection
[2019-04-14T22:23:01.081] [ERROR] error - Ignoring invalid configuration option passed to Connection: collate. This is currently a warning, but in future versions of MySQL2, an error will be thrown if you pass an invalid configuration options to a Connection
[2019-04-14T22:23:01.081] [ERROR] error - Ignoring invalid configuration option passed to Connection: requestTimeout. This is currently a warning, but in future versions of MySQL2, an error will be thrown if you pass an invalid configuration options to a Connection
[2019-04-14T22:23:10.585] [ERROR] error - Ignoring invalid configuration option passed to Connection: collate. This is currently a warning, but in future versions of MySQL2, an error will be thrown if you pass an invalid configuration options to a Connection
[2019-04-14T22:23:10.586] [ERROR] error - Ignoring invalid configuration option passed to Connection: requestTimeout. This is currently a warning, but in future versions of MySQL2, an error will be thrown if you pass an invalid configuration options to a Connection
[2019-04-14T22:23:23.764] [ERROR] error - (node:13632) [SEQUELIZE0002] DeprecationWarning: The logging-option should be either a function or false. Default: console.log
[2019-04-14T22:23:23.794] [ERROR] error - Ignoring invalid configuration option passed to Connection: collate. This is currently a warning, but in future versions of MySQL2, an error will be thrown if you pass an invalid configuration options to a Connection
[2019-04-14T22:23:23.794] [ERROR] error - Ignoring invalid configuration option passed to Connection: requestTimeout. This is currently a warning, but in future versions of MySQL2, an error will be thrown if you pass an invalid configuration options to a Connection
[2019-04-14T22:23:24.499] [ERROR] error - Ignoring invalid configuration option passed to Connection: collate. This is currently a warning, but in future versions of MySQL2, an error will be thrown if you pass an invalid configuration options to a Connection
[2019-04-14T22:23:24.499] [ERROR] error - Ignoring invalid configuration option passed to Connection: requestTimeout. This is currently a warning, but in future versions of MySQL2, an error will be thrown if you pass an invalid configuration options to a Connection
[2019-04-14T22:24:04.281] [ERROR] error - (node:14092) [SEQUELIZE0002] DeprecationWarning: The logging-option should be either a function or false. Default: console.log
[2019-04-14T22:24:04.340] [ERROR] error - Ignoring invalid configuration option passed to Connection: collate. This is currently a warning, but in future versions of MySQL2, an error will be thrown if you pass an invalid configuration options to a Connection
[2019-04-14T22:24:04.340] [ERROR] error - Ignoring invalid configuration option passed to Connection: requestTimeout. This is currently a warning, but in future versions of MySQL2, an error will be thrown if you pass an invalid configuration options to a Connection
[2019-04-14T22:24:04.739] [ERROR] error - Ignoring invalid configuration option passed to Connection: collate. This is currently a warning, but in future versions of MySQL2, an error will be thrown if you pass an invalid configuration options to a Connection
[2019-04-14T22:24:04.739] [ERROR] error - Ignoring invalid configuration option passed to Connection: requestTimeout. This is currently a warning, but in future versions of MySQL2, an error will be thrown if you pass an invalid configuration options to a Connection
[2019-04-14T22:24:08.174] [ERROR] error - Ignoring invalid configuration option passed to Connection: collate. This is currently a warning, but in future versions of MySQL2, an error will be thrown if you pass an invalid configuration options to a Connection
[2019-04-14T22:24:08.174] [ERROR] error - Ignoring invalid configuration option passed to Connection: requestTimeout. This is currently a warning, but in future versions of MySQL2, an error will be thrown if you pass an invalid configuration options to a Connection
[2019-04-14T22:24:27.911] [ERROR] error - Ignoring invalid configuration option passed to Connection: collate. This is currently a warning, but in future versions of MySQL2, an error will be thrown if you pass an invalid configuration options to a Connection
[2019-04-14T22:24:27.912] [ERROR] error - Ignoring invalid configuration option passed to Connection: requestTimeout. This is currently a warning, but in future versions of MySQL2, an error will be thrown if you pass an invalid configuration options to a Connection
[2019-04-14T22:24:27.914] [ERROR] error - Ignoring invalid configuration option passed to Connection: collate. This is currently a warning, but in future versions of MySQL2, an error will be thrown if you pass an invalid configuration options to a Connection
[2019-04-14T22:24:27.914] [ERROR] error - Ignoring invalid configuration option passed to Connection: requestTimeout. This is currently a warning, but in future versions of MySQL2, an error will be thrown if you pass an invalid configuration options to a Connection
[2019-04-14T22:24:35.275] [ERROR] error - (node:10548) [SEQUELIZE0002] DeprecationWarning: The logging-option should be either a function or false. Default: console.log
[2019-04-14T22:24:35.305] [ERROR] error - Ignoring invalid configuration option passed to Connection: collate. This is currently a warning, but in future versions of MySQL2, an error will be thrown if you pass an invalid configuration options to a Connection
[2019-04-14T22:24:35.305] [ERROR] error - Ignoring invalid configuration option passed to Connection: requestTimeout. This is currently a warning, but in future versions of MySQL2, an error will be thrown if you pass an invalid configuration options to a Connection
[2019-04-14T22:24:35.700] [ERROR] error - Ignoring invalid configuration option passed to Connection: collate. This is currently a warning, but in future versions of MySQL2, an error will be thrown if you pass an invalid configuration options to a Connection
[2019-04-14T22:24:35.716] [ERROR] error - Ignoring invalid configuration option passed to Connection: requestTimeout. This is currently a warning, but in future versions of MySQL2, an error will be thrown if you pass an invalid configuration options to a Connection
[2019-04-14T22:24:50.330] [ERROR] error - Ignoring invalid configuration option passed to Connection: collate. This is currently a warning, but in future versions of MySQL2, an error will be thrown if you pass an invalid configuration options to a Connection
[2019-04-14T22:24:50.330] [ERROR] error - Ignoring invalid configuration option passed to Connection: requestTimeout. This is currently a warning, but in future versions of MySQL2, an error will be thrown if you pass an invalid configuration options to a Connection
[2019-04-14T22:24:50.332] [ERROR] error - Ignoring invalid configuration option passed to Connection: collate. This is currently a warning, but in future versions of MySQL2, an error will be thrown if you pass an invalid configuration options to a Connection
[2019-04-14T22:24:50.333] [ERROR] error - Ignoring invalid configuration option passed to Connection: requestTimeout. This is currently a warning, but in future versions of MySQL2, an error will be thrown if you pass an invalid configuration options to a Connection
[2019-04-14T22:25:36.256] [ERROR] error - Ignoring invalid configuration option passed to Connection: collate. This is currently a warning, but in future versions of MySQL2, an error will be thrown if you pass an invalid configuration options to a Connection
[2019-04-14T22:25:36.257] [ERROR] error - Ignoring invalid configuration option passed to Connection: requestTimeout. This is currently a warning, but in future versions of MySQL2, an error will be thrown if you pass an invalid configuration options to a Connection
[2019-04-14T22:25:36.260] [ERROR] error - Ignoring invalid configuration option passed to Connection: collate. This is currently a warning, but in future versions of MySQL2, an error will be thrown if you pass an invalid configuration options to a Connection
[2019-04-14T22:25:36.260] [ERROR] error - Ignoring invalid configuration option passed to Connection: requestTimeout. This is currently a warning, but in future versions of MySQL2, an error will be thrown if you pass an invalid configuration options to a Connection
[2019-04-14T22:26:29.687] [ERROR] error - 
*************** error log start ***************
request method: POST
request originalUrl:  /bonus/admin/scene/getSceneList
request client ip:  ::1
request body: 
{}
response time: 8432
err name: Error
err message: Unknown column 'note' in 'field list'
err stack: Error: Unknown column 'note' in 'field list'
    at PromisePool.query (d:\jin11\sign\sign-backend\node_modules\mysql2\promise.js:322:22)
    at Function.getSceneList (d:\jin11\sign\sign-backend\common\db\db-helper.js:66:31)
    at Object.getSceneList (d:\jin11\sign\sign-backend\services\admin\scene-service.js:16:34)
    at getSceneList (d:\jin11\sign\sign-backend\controllers\admin\scene-ctrl.js:6:38)
    at dispatch (d:\jin11\sign\sign-backend\node_modules\koa-router\node_modules\koa-compose\index.js:44:32)
    at next (d:\jin11\sign\sign-backend\node_modules\koa-router\node_modules\koa-compose\index.js:45:18)
    at d:\jin11\sign\sign-backend\node_modules\koa-router\lib\router.js:346:16
    at dispatch (d:\jin11\sign\sign-backend\node_modules\koa-router\node_modules\koa-compose\index.js:44:32)
    at d:\jin11\sign\sign-backend\node_modules\koa-router\node_modules\koa-compose\index.js:36:12
    at dispatch (d:\jin11\sign\sign-backend\node_modules\koa-router\lib\router.js:351:31)
    at dispatch (d:\jin11\sign\sign-backend\node_modules\koa-compose\index.js:42:32)
    at app.use (d:\jin11\sign\sign-backend\app.js:38:11)
    at dispatch (d:\jin11\sign\sign-backend\node_modules\koa-compose\index.js:42:32)
    at views (d:\jin11\sign\sign-backend\node_modules\koa-views\lib\index.js:61:12)
    at dispatch (d:\jin11\sign\sign-backend\node_modules\koa-compose\index.js:42:32)
    at serve (d:\jin11\sign\sign-backend\node_modules\koa-static\index.js:47:14)
    at dispatch (d:\jin11\sign\sign-backend\node_modules\koa-compose\index.js:42:32)
    at filter (d:\jin11\sign\sign-backend\node_modules\koa-json\index.js:25:12)
    at dispatch (d:\jin11\sign\sign-backend\node_modules\koa-compose\index.js:42:32)
    at parseBody.then.body (d:\jin11\sign\sign-backend\node_modules\koa-bodyparser\index.js:74:14)
    at <anonymous>
    at process._tickCallback (internal/process/next_tick.js:188:7)
*************** error log end ***************

[2019-04-14T22:26:29.703] [ERROR] error - Ignoring invalid configuration option passed to Connection: collate. This is currently a warning, but in future versions of MySQL2, an error will be thrown if you pass an invalid configuration options to a Connection
[2019-04-14T22:26:29.703] [ERROR] error - Ignoring invalid configuration option passed to Connection: requestTimeout. This is currently a warning, but in future versions of MySQL2, an error will be thrown if you pass an invalid configuration options to a Connection
[2019-04-14T22:26:29.705] [ERROR] error - Ignoring invalid configuration option passed to Connection: collate. This is currently a warning, but in future versions of MySQL2, an error will be thrown if you pass an invalid configuration options to a Connection
[2019-04-14T22:26:29.705] [ERROR] error - Ignoring invalid configuration option passed to Connection: requestTimeout. This is currently a warning, but in future versions of MySQL2, an error will be thrown if you pass an invalid configuration options to a Connection
[2019-04-14T22:27:03.838] [ERROR] error - 
*************** error log start ***************
request method: POST
request originalUrl:  /bonus/admin/scene/getSceneList
request client ip:  ::1
request body: 
{}
response time: 7055
err name: Error
err message: Table 'app.scene' doesn't exist
err stack: Error: Table 'app.scene' doesn't exist
    at PromisePool.query (d:\jin11\sign\sign-backend\node_modules\mysql2\promise.js:322:22)
    at Function.getSceneList (d:\jin11\sign\sign-backend\common\db\db-helper.js:66:31)
    at Object.getSceneList (d:\jin11\sign\sign-backend\services\admin\scene-service.js:16:34)
    at getSceneList (d:\jin11\sign\sign-backend\controllers\admin\scene-ctrl.js:6:38)
    at dispatch (d:\jin11\sign\sign-backend\node_modules\koa-router\node_modules\koa-compose\index.js:44:32)
    at next (d:\jin11\sign\sign-backend\node_modules\koa-router\node_modules\koa-compose\index.js:45:18)
    at d:\jin11\sign\sign-backend\node_modules\koa-router\lib\router.js:346:16
    at dispatch (d:\jin11\sign\sign-backend\node_modules\koa-router\node_modules\koa-compose\index.js:44:32)
    at d:\jin11\sign\sign-backend\node_modules\koa-router\node_modules\koa-compose\index.js:36:12
    at dispatch (d:\jin11\sign\sign-backend\node_modules\koa-router\lib\router.js:351:31)
    at dispatch (d:\jin11\sign\sign-backend\node_modules\koa-compose\index.js:42:32)
    at app.use (d:\jin11\sign\sign-backend\app.js:38:11)
    at dispatch (d:\jin11\sign\sign-backend\node_modules\koa-compose\index.js:42:32)
    at views (d:\jin11\sign\sign-backend\node_modules\koa-views\lib\index.js:61:12)
    at dispatch (d:\jin11\sign\sign-backend\node_modules\koa-compose\index.js:42:32)
    at serve (d:\jin11\sign\sign-backend\node_modules\koa-static\index.js:47:14)
    at dispatch (d:\jin11\sign\sign-backend\node_modules\koa-compose\index.js:42:32)
    at filter (d:\jin11\sign\sign-backend\node_modules\koa-json\index.js:25:12)
    at dispatch (d:\jin11\sign\sign-backend\node_modules\koa-compose\index.js:42:32)
    at parseBody.then.body (d:\jin11\sign\sign-backend\node_modules\koa-bodyparser\index.js:74:14)
    at <anonymous>
    at process._tickCallback (internal/process/next_tick.js:188:7)
*************** error log end ***************

[2019-04-14T22:27:03.855] [ERROR] error - Ignoring invalid configuration option passed to Connection: collate. This is currently a warning, but in future versions of MySQL2, an error will be thrown if you pass an invalid configuration options to a Connection
[2019-04-14T22:27:03.855] [ERROR] error - Ignoring invalid configuration option passed to Connection: requestTimeout. This is currently a warning, but in future versions of MySQL2, an error will be thrown if you pass an invalid configuration options to a Connection
[2019-04-14T22:27:03.857] [ERROR] error - Ignoring invalid configuration option passed to Connection: collate. This is currently a warning, but in future versions of MySQL2, an error will be thrown if you pass an invalid configuration options to a Connection
[2019-04-14T22:27:03.857] [ERROR] error - Ignoring invalid configuration option passed to Connection: requestTimeout. This is currently a warning, but in future versions of MySQL2, an error will be thrown if you pass an invalid configuration options to a Connection
[2019-04-14T22:27:20.967] [ERROR] error - (node:12296) [SEQUELIZE0002] DeprecationWarning: The logging-option should be either a function or false. Default: console.log
[2019-04-14T22:27:21.002] [ERROR] error - Ignoring invalid configuration option passed to Connection: collate. This is currently a warning, but in future versions of MySQL2, an error will be thrown if you pass an invalid configuration options to a Connection
[2019-04-14T22:27:21.002] [ERROR] error - Ignoring invalid configuration option passed to Connection: requestTimeout. This is currently a warning, but in future versions of MySQL2, an error will be thrown if you pass an invalid configuration options to a Connection
[2019-04-14T22:27:21.508] [ERROR] error - Ignoring invalid configuration option passed to Connection: collate. This is currently a warning, but in future versions of MySQL2, an error will be thrown if you pass an invalid configuration options to a Connection
[2019-04-14T22:27:21.508] [ERROR] error - Ignoring invalid configuration option passed to Connection: requestTimeout. This is currently a warning, but in future versions of MySQL2, an error will be thrown if you pass an invalid configuration options to a Connection
[2019-04-14T22:27:37.956] [ERROR] error - Ignoring invalid configuration option passed to Connection: collate. This is currently a warning, but in future versions of MySQL2, an error will be thrown if you pass an invalid configuration options to a Connection
[2019-04-14T22:27:37.957] [ERROR] error - Ignoring invalid configuration option passed to Connection: requestTimeout. This is currently a warning, but in future versions of MySQL2, an error will be thrown if you pass an invalid configuration options to a Connection
[2019-04-14T22:27:37.960] [ERROR] error - Ignoring invalid configuration option passed to Connection: collate. This is currently a warning, but in future versions of MySQL2, an error will be thrown if you pass an invalid configuration options to a Connection
[2019-04-14T22:27:37.960] [ERROR] error - Ignoring invalid configuration option passed to Connection: requestTimeout. This is currently a warning, but in future versions of MySQL2, an error will be thrown if you pass an invalid configuration options to a Connection
[2019-04-14T22:28:24.788] [ERROR] error - Ignoring invalid configuration option passed to Connection: collate. This is currently a warning, but in future versions of MySQL2, an error will be thrown if you pass an invalid configuration options to a Connection
[2019-04-14T22:28:24.788] [ERROR] error - Ignoring invalid configuration option passed to Connection: requestTimeout. This is currently a warning, but in future versions of MySQL2, an error will be thrown if you pass an invalid configuration options to a Connection
[2019-04-14T22:28:24.790] [ERROR] error - Ignoring invalid configuration option passed to Connection: collate. This is currently a warning, but in future versions of MySQL2, an error will be thrown if you pass an invalid configuration options to a Connection
[2019-04-14T22:28:24.790] [ERROR] error - Ignoring invalid configuration option passed to Connection: requestTimeout. This is currently a warning, but in future versions of MySQL2, an error will be thrown if you pass an invalid configuration options to a Connection
[2019-04-14T22:29:42.491] [ERROR] error - Ignoring invalid configuration option passed to Connection: collate. This is currently a warning, but in future versions of MySQL2, an error will be thrown if you pass an invalid configuration options to a Connection
[2019-04-14T22:29:42.491] [ERROR] error - Ignoring invalid configuration option passed to Connection: requestTimeout. This is currently a warning, but in future versions of MySQL2, an error will be thrown if you pass an invalid configuration options to a Connection
[2019-04-14T22:29:42.493] [ERROR] error - Ignoring invalid configuration option passed to Connection: collate. This is currently a warning, but in future versions of MySQL2, an error will be thrown if you pass an invalid configuration options to a Connection
[2019-04-14T22:29:42.494] [ERROR] error - Ignoring invalid configuration option passed to Connection: requestTimeout. This is currently a warning, but in future versions of MySQL2, an error will be thrown if you pass an invalid configuration options to a Connection
[2019-04-14T22:35:17.290] [ERROR] error - (node:8444) [SEQUELIZE0002] DeprecationWarning: The logging-option should be either a function or false. Default: console.log
[2019-04-14T22:35:17.320] [ERROR] error - Ignoring invalid configuration option passed to Connection: collate. This is currently a warning, but in future versions of MySQL2, an error will be thrown if you pass an invalid configuration options to a Connection
[2019-04-14T22:35:17.321] [ERROR] error - Ignoring invalid configuration option passed to Connection: requestTimeout. This is currently a warning, but in future versions of MySQL2, an error will be thrown if you pass an invalid configuration options to a Connection
[2019-04-14T22:35:17.597] [ERROR] error - Ignoring invalid configuration option passed to Connection: collate. This is currently a warning, but in future versions of MySQL2, an error will be thrown if you pass an invalid configuration options to a Connection
[2019-04-14T22:35:17.598] [ERROR] error - Ignoring invalid configuration option passed to Connection: requestTimeout. This is currently a warning, but in future versions of MySQL2, an error will be thrown if you pass an invalid configuration options to a Connection
[2019-04-14T22:35:49.663] [ERROR] error - (node:12936) [SEQUELIZE0002] DeprecationWarning: The logging-option should be either a function or false. Default: console.log
[2019-04-14T22:35:49.722] [ERROR] error - Ignoring invalid configuration option passed to Connection: collate. This is currently a warning, but in future versions of MySQL2, an error will be thrown if you pass an invalid configuration options to a Connection
[2019-04-14T22:35:49.722] [ERROR] error - Ignoring invalid configuration option passed to Connection: requestTimeout. This is currently a warning, but in future versions of MySQL2, an error will be thrown if you pass an invalid configuration options to a Connection
[2019-04-14T22:35:49.949] [ERROR] error - Ignoring invalid configuration option passed to Connection: collate. This is currently a warning, but in future versions of MySQL2, an error will be thrown if you pass an invalid configuration options to a Connection
[2019-04-14T22:35:49.949] [ERROR] error - Ignoring invalid configuration option passed to Connection: requestTimeout. This is currently a warning, but in future versions of MySQL2, an error will be thrown if you pass an invalid configuration options to a Connection
[2019-04-14T22:39:31.062] [ERROR] error - (node:13028) [SEQUELIZE0002] DeprecationWarning: The logging-option should be either a function or false. Default: console.log
[2019-04-14T22:39:31.091] [ERROR] error - Ignoring invalid configuration option passed to Connection: collate. This is currently a warning, but in future versions of MySQL2, an error will be thrown if you pass an invalid configuration options to a Connection
[2019-04-14T22:39:31.091] [ERROR] error - Ignoring invalid configuration option passed to Connection: requestTimeout. This is currently a warning, but in future versions of MySQL2, an error will be thrown if you pass an invalid configuration options to a Connection
[2019-04-14T22:39:31.611] [ERROR] error - Ignoring invalid configuration option passed to Connection: collate. This is currently a warning, but in future versions of MySQL2, an error will be thrown if you pass an invalid configuration options to a Connection
[2019-04-14T22:39:31.612] [ERROR] error - Ignoring invalid configuration option passed to Connection: requestTimeout. This is currently a warning, but in future versions of MySQL2, an error will be thrown if you pass an invalid configuration options to a Connection
[2019-04-14T22:39:45.845] [ERROR] error - 
*************** error log start ***************
request method: POST
request originalUrl:  /bonus/admin/signon/getSignonList
request client ip:  ::1
request body: 
{"page":1,"pageSize":10}
response time: 7087
err name: Error
err message: You have an error in your SQL syntax; check the manual that corresponds to your MySQL server version for the right syntax to use near 'SELECT FOUND_ROWS() as total' at line 1
err stack: Error: You have an error in your SQL syntax; check the manual that corresponds to your MySQL server version for the right syntax to use near 'SELECT FOUND_ROWS() as total' at line 1
    at PromisePool.query (d:\jin11\sign\sign-backend\node_modules\mysql2\promise.js:322:22)
    at Function.getSignonList (d:\jin11\sign\sign-backend\common\db\db-helper.js:85:31)
    at Object.getSignonListAndCountIncludeByPage (d:\jin11\sign\sign-backend\services\admin\signon-service.js:44:35)
    at getSignonList (d:\jin11\sign\sign-backend\controllers\admin\signon-ctrl.js:13:40)
    at dispatch (d:\jin11\sign\sign-backend\node_modules\koa-router\node_modules\koa-compose\index.js:44:32)
    at next (d:\jin11\sign\sign-backend\node_modules\koa-router\node_modules\koa-compose\index.js:45:18)
    at d:\jin11\sign\sign-backend\node_modules\koa-router\lib\router.js:346:16
    at dispatch (d:\jin11\sign\sign-backend\node_modules\koa-router\node_modules\koa-compose\index.js:44:32)
    at d:\jin11\sign\sign-backend\node_modules\koa-router\node_modules\koa-compose\index.js:36:12
    at dispatch (d:\jin11\sign\sign-backend\node_modules\koa-router\lib\router.js:351:31)
    at dispatch (d:\jin11\sign\sign-backend\node_modules\koa-compose\index.js:42:32)
    at app.use (d:\jin11\sign\sign-backend\app.js:38:11)
    at dispatch (d:\jin11\sign\sign-backend\node_modules\koa-compose\index.js:42:32)
    at views (d:\jin11\sign\sign-backend\node_modules\koa-views\lib\index.js:61:12)
    at dispatch (d:\jin11\sign\sign-backend\node_modules\koa-compose\index.js:42:32)
    at serve (d:\jin11\sign\sign-backend\node_modules\koa-static\index.js:47:14)
    at dispatch (d:\jin11\sign\sign-backend\node_modules\koa-compose\index.js:42:32)
    at filter (d:\jin11\sign\sign-backend\node_modules\koa-json\index.js:25:12)
    at dispatch (d:\jin11\sign\sign-backend\node_modules\koa-compose\index.js:42:32)
    at parseBody.then.body (d:\jin11\sign\sign-backend\node_modules\koa-bodyparser\index.js:74:14)
    at <anonymous>
    at process._tickCallback (internal/process/next_tick.js:188:7)
*************** error log end ***************

[2019-04-14T22:40:16.917] [ERROR] error - 
*************** error log start ***************
request method: POST
request originalUrl:  /bonus/admin/signon/getSignonList
request client ip:  ::1
request body: 
{"page":1,"pageSize":10}
response time: 5604
err name: Error
err message: You have an error in your SQL syntax; check the manual that corresponds to your MySQL server version for the right syntax to use near 'SELECT FOUND_ROWS() as total' at line 1
err stack: Error: You have an error in your SQL syntax; check the manual that corresponds to your MySQL server version for the right syntax to use near 'SELECT FOUND_ROWS() as total' at line 1
    at PromisePool.query (d:\jin11\sign\sign-backend\node_modules\mysql2\promise.js:322:22)
    at Function.getSignonList (d:\jin11\sign\sign-backend\common\db\db-helper.js:85:31)
    at Object.getSignonListAndCountIncludeByPage (d:\jin11\sign\sign-backend\services\admin\signon-service.js:44:35)
    at getSignonList (d:\jin11\sign\sign-backend\controllers\admin\signon-ctrl.js:13:40)
    at dispatch (d:\jin11\sign\sign-backend\node_modules\koa-router\node_modules\koa-compose\index.js:44:32)
    at next (d:\jin11\sign\sign-backend\node_modules\koa-router\node_modules\koa-compose\index.js:45:18)
    at d:\jin11\sign\sign-backend\node_modules\koa-router\lib\router.js:346:16
    at dispatch (d:\jin11\sign\sign-backend\node_modules\koa-router\node_modules\koa-compose\index.js:44:32)
    at d:\jin11\sign\sign-backend\node_modules\koa-router\node_modules\koa-compose\index.js:36:12
    at dispatch (d:\jin11\sign\sign-backend\node_modules\koa-router\lib\router.js:351:31)
    at dispatch (d:\jin11\sign\sign-backend\node_modules\koa-compose\index.js:42:32)
    at app.use (d:\jin11\sign\sign-backend\app.js:38:11)
    at dispatch (d:\jin11\sign\sign-backend\node_modules\koa-compose\index.js:42:32)
    at views (d:\jin11\sign\sign-backend\node_modules\koa-views\lib\index.js:61:12)
    at dispatch (d:\jin11\sign\sign-backend\node_modules\koa-compose\index.js:42:32)
    at serve (d:\jin11\sign\sign-backend\node_modules\koa-static\index.js:47:14)
    at dispatch (d:\jin11\sign\sign-backend\node_modules\koa-compose\index.js:42:32)
    at filter (d:\jin11\sign\sign-backend\node_modules\koa-json\index.js:25:12)
    at dispatch (d:\jin11\sign\sign-backend\node_modules\koa-compose\index.js:42:32)
    at parseBody.then.body (d:\jin11\sign\sign-backend\node_modules\koa-bodyparser\index.js:74:14)
    at <anonymous>
    at process._tickCallback (internal/process/next_tick.js:188:7)
*************** error log end ***************

[2019-04-14T22:40:38.616] [ERROR] error - (node:11232) [SEQUELIZE0002] DeprecationWarning: The logging-option should be either a function or false. Default: console.log
[2019-04-14T22:40:38.670] [ERROR] error - Ignoring invalid configuration option passed to Connection: collate. This is currently a warning, but in future versions of MySQL2, an error will be thrown if you pass an invalid configuration options to a Connection
[2019-04-14T22:40:38.670] [ERROR] error - Ignoring invalid configuration option passed to Connection: requestTimeout. This is currently a warning, but in future versions of MySQL2, an error will be thrown if you pass an invalid configuration options to a Connection
[2019-04-14T22:40:39.487] [ERROR] error - Ignoring invalid configuration option passed to Connection: collate. This is currently a warning, but in future versions of MySQL2, an error will be thrown if you pass an invalid configuration options to a Connection
[2019-04-14T22:40:39.487] [ERROR] error - Ignoring invalid configuration option passed to Connection: requestTimeout. This is currently a warning, but in future versions of MySQL2, an error will be thrown if you pass an invalid configuration options to a Connection
[2019-04-14T22:45:19.540] [ERROR] error - (node:12776) [SEQUELIZE0002] DeprecationWarning: The logging-option should be either a function or false. Default: console.log
[2019-04-14T22:45:19.572] [ERROR] error - Ignoring invalid configuration option passed to Connection: collate. This is currently a warning, but in future versions of MySQL2, an error will be thrown if you pass an invalid configuration options to a Connection
[2019-04-14T22:45:19.572] [ERROR] error - Ignoring invalid configuration option passed to Connection: requestTimeout. This is currently a warning, but in future versions of MySQL2, an error will be thrown if you pass an invalid configuration options to a Connection
[2019-04-14T22:45:20.451] [ERROR] error - Ignoring invalid configuration option passed to Connection: collate. This is currently a warning, but in future versions of MySQL2, an error will be thrown if you pass an invalid configuration options to a Connection
[2019-04-14T22:45:20.451] [ERROR] error - Ignoring invalid configuration option passed to Connection: requestTimeout. This is currently a warning, but in future versions of MySQL2, an error will be thrown if you pass an invalid configuration options to a Connection
[2019-04-14T22:45:29.112] [ERROR] error - 
*************** error log start ***************
request method: POST
request originalUrl:  /bonus/admin/signon/getSignonList
request client ip:  ::1
request body: 
{"page":1,"pageSize":10}
response time: 3978
err name: Error
err message: Table 'app.c' doesn't exist
err stack: Error: Table 'app.c' doesn't exist
    at PromisePool.query (d:\jin11\sign\sign-backend\node_modules\mysql2\promise.js:322:22)
    at Function.getSignonList (d:\jin11\sign\sign-backend\common\db\db-helper.js:85:31)
    at Object.getSignonListAndCountIncludeByPage (d:\jin11\sign\sign-backend\services\admin\signon-service.js:44:35)
    at getSignonList (d:\jin11\sign\sign-backend\controllers\admin\signon-ctrl.js:13:40)
    at dispatch (d:\jin11\sign\sign-backend\node_modules\koa-router\node_modules\koa-compose\index.js:44:32)
    at next (d:\jin11\sign\sign-backend\node_modules\koa-router\node_modules\koa-compose\index.js:45:18)
    at d:\jin11\sign\sign-backend\node_modules\koa-router\lib\router.js:346:16
    at dispatch (d:\jin11\sign\sign-backend\node_modules\koa-router\node_modules\koa-compose\index.js:44:32)
    at d:\jin11\sign\sign-backend\node_modules\koa-router\node_modules\koa-compose\index.js:36:12
    at dispatch (d:\jin11\sign\sign-backend\node_modules\koa-router\lib\router.js:351:31)
    at dispatch (d:\jin11\sign\sign-backend\node_modules\koa-compose\index.js:42:32)
    at app.use (d:\jin11\sign\sign-backend\app.js:38:11)
    at dispatch (d:\jin11\sign\sign-backend\node_modules\koa-compose\index.js:42:32)
    at views (d:\jin11\sign\sign-backend\node_modules\koa-views\lib\index.js:61:12)
    at dispatch (d:\jin11\sign\sign-backend\node_modules\koa-compose\index.js:42:32)
    at serve (d:\jin11\sign\sign-backend\node_modules\koa-static\index.js:47:14)
    at dispatch (d:\jin11\sign\sign-backend\node_modules\koa-compose\index.js:42:32)
    at filter (d:\jin11\sign\sign-backend\node_modules\koa-json\index.js:25:12)
    at dispatch (d:\jin11\sign\sign-backend\node_modules\koa-compose\index.js:42:32)
    at parseBody.then.body (d:\jin11\sign\sign-backend\node_modules\koa-bodyparser\index.js:74:14)
    at <anonymous>
    at process._tickCallback (internal/process/next_tick.js:188:7)
*************** error log end ***************

[2019-04-14T22:45:52.550] [ERROR] error - (node:11444) [SEQUELIZE0002] DeprecationWarning: The logging-option should be either a function or false. Default: console.log
[2019-04-14T22:45:52.587] [ERROR] error - Ignoring invalid configuration option passed to Connection: collate. This is currently a warning, but in future versions of MySQL2, an error will be thrown if you pass an invalid configuration options to a Connection
[2019-04-14T22:45:52.588] [ERROR] error - Ignoring invalid configuration option passed to Connection: requestTimeout. This is currently a warning, but in future versions of MySQL2, an error will be thrown if you pass an invalid configuration options to a Connection
[2019-04-14T22:45:53.036] [ERROR] error - Ignoring invalid configuration option passed to Connection: collate. This is currently a warning, but in future versions of MySQL2, an error will be thrown if you pass an invalid configuration options to a Connection
[2019-04-14T22:45:53.036] [ERROR] error - Ignoring invalid configuration option passed to Connection: requestTimeout. This is currently a warning, but in future versions of MySQL2, an error will be thrown if you pass an invalid configuration options to a Connection
[2019-04-14T22:50:16.094] [ERROR] error - (node:5624) [SEQUELIZE0002] DeprecationWarning: The logging-option should be either a function or false. Default: console.log
[2019-04-14T22:50:16.131] [ERROR] error - Ignoring invalid configuration option passed to Connection: collate. This is currently a warning, but in future versions of MySQL2, an error will be thrown if you pass an invalid configuration options to a Connection
[2019-04-14T22:50:16.131] [ERROR] error - Ignoring invalid configuration option passed to Connection: requestTimeout. This is currently a warning, but in future versions of MySQL2, an error will be thrown if you pass an invalid configuration options to a Connection
[2019-04-14T22:50:17.372] [ERROR] error - Ignoring invalid configuration option passed to Connection: collate. This is currently a warning, but in future versions of MySQL2, an error will be thrown if you pass an invalid configuration options to a Connection
[2019-04-14T22:50:17.372] [ERROR] error - Ignoring invalid configuration option passed to Connection: requestTimeout. This is currently a warning, but in future versions of MySQL2, an error will be thrown if you pass an invalid configuration options to a Connection
[2019-04-14T22:51:04.981] [ERROR] error - (node:12560) [SEQUELIZE0002] DeprecationWarning: The logging-option should be either a function or false. Default: console.log
[2019-04-14T22:51:05.041] [ERROR] error - Ignoring invalid configuration option passed to Connection: collate. This is currently a warning, but in future versions of MySQL2, an error will be thrown if you pass an invalid configuration options to a Connection
[2019-04-14T22:51:05.041] [ERROR] error - Ignoring invalid configuration option passed to Connection: requestTimeout. This is currently a warning, but in future versions of MySQL2, an error will be thrown if you pass an invalid configuration options to a Connection
[2019-04-14T22:51:05.576] [ERROR] error - Ignoring invalid configuration option passed to Connection: collate. This is currently a warning, but in future versions of MySQL2, an error will be thrown if you pass an invalid configuration options to a Connection
[2019-04-14T22:51:05.576] [ERROR] error - Ignoring invalid configuration option passed to Connection: requestTimeout. This is currently a warning, but in future versions of MySQL2, an error will be thrown if you pass an invalid configuration options to a Connection
[2019-04-14T22:55:39.229] [ERROR] error - (node:6140) [SEQUELIZE0002] DeprecationWarning: The logging-option should be either a function or false. Default: console.log
[2019-04-14T22:55:39.278] [ERROR] error - Ignoring invalid configuration option passed to Connection: collate. This is currently a warning, but in future versions of MySQL2, an error will be thrown if you pass an invalid configuration options to a Connection
[2019-04-14T22:55:39.279] [ERROR] error - Ignoring invalid configuration option passed to Connection: requestTimeout. This is currently a warning, but in future versions of MySQL2, an error will be thrown if you pass an invalid configuration options to a Connection
[2019-04-14T22:55:39.755] [ERROR] error - Ignoring invalid configuration option passed to Connection: collate. This is currently a warning, but in future versions of MySQL2, an error will be thrown if you pass an invalid configuration options to a Connection
[2019-04-14T22:55:39.756] [ERROR] error - Ignoring invalid configuration option passed to Connection: requestTimeout. This is currently a warning, but in future versions of MySQL2, an error will be thrown if you pass an invalid configuration options to a Connection
[2019-04-14T22:55:56.258] [ERROR] error - 
*************** error log start ***************
request method: POST
request originalUrl:  /bonus/admin/signon/getSignonList
request client ip:  ::1
request body: 
{"page":1,"pageSize":10}
response time: 8463
err name: Error
err message: Column 'id' in field list is ambiguous
err stack: Error: Column 'id' in field list is ambiguous
    at PromisePool.query (d:\jin11\sign\sign-backend\node_modules\mysql2\promise.js:322:22)
    at Function.getSignonList (d:\jin11\sign\sign-backend\common\db\db-helper.js:85:31)
    at Object.getSignonListAndCountIncludeByPage (d:\jin11\sign\sign-backend\services\admin\signon-service.js:44:35)
    at getSignonList (d:\jin11\sign\sign-backend\controllers\admin\signon-ctrl.js:13:40)
    at dispatch (d:\jin11\sign\sign-backend\node_modules\koa-router\node_modules\koa-compose\index.js:44:32)
    at next (d:\jin11\sign\sign-backend\node_modules\koa-router\node_modules\koa-compose\index.js:45:18)
    at d:\jin11\sign\sign-backend\node_modules\koa-router\lib\router.js:346:16
    at dispatch (d:\jin11\sign\sign-backend\node_modules\koa-router\node_modules\koa-compose\index.js:44:32)
    at d:\jin11\sign\sign-backend\node_modules\koa-router\node_modules\koa-compose\index.js:36:12
    at dispatch (d:\jin11\sign\sign-backend\node_modules\koa-router\lib\router.js:351:31)
    at dispatch (d:\jin11\sign\sign-backend\node_modules\koa-compose\index.js:42:32)
    at app.use (d:\jin11\sign\sign-backend\app.js:38:11)
    at dispatch (d:\jin11\sign\sign-backend\node_modules\koa-compose\index.js:42:32)
    at views (d:\jin11\sign\sign-backend\node_modules\koa-views\lib\index.js:61:12)
    at dispatch (d:\jin11\sign\sign-backend\node_modules\koa-compose\index.js:42:32)
    at serve (d:\jin11\sign\sign-backend\node_modules\koa-static\index.js:47:14)
    at dispatch (d:\jin11\sign\sign-backend\node_modules\koa-compose\index.js:42:32)
    at filter (d:\jin11\sign\sign-backend\node_modules\koa-json\index.js:25:12)
    at dispatch (d:\jin11\sign\sign-backend\node_modules\koa-compose\index.js:42:32)
    at parseBody.then.body (d:\jin11\sign\sign-backend\node_modules\koa-bodyparser\index.js:74:14)
    at <anonymous>
    at process._tickCallback (internal/process/next_tick.js:188:7)
*************** error log end ***************

[2019-04-14T22:57:22.681] [ERROR] error - (node:8788) [SEQUELIZE0002] DeprecationWarning: The logging-option should be either a function or false. Default: console.log
[2019-04-14T22:57:22.733] [ERROR] error - Ignoring invalid configuration option passed to Connection: collate. This is currently a warning, but in future versions of MySQL2, an error will be thrown if you pass an invalid configuration options to a Connection
[2019-04-14T22:57:22.734] [ERROR] error - Ignoring invalid configuration option passed to Connection: requestTimeout. This is currently a warning, but in future versions of MySQL2, an error will be thrown if you pass an invalid configuration options to a Connection
[2019-04-14T22:57:23.608] [ERROR] error - Ignoring invalid configuration option passed to Connection: collate. This is currently a warning, but in future versions of MySQL2, an error will be thrown if you pass an invalid configuration options to a Connection
[2019-04-14T22:57:23.609] [ERROR] error - Ignoring invalid configuration option passed to Connection: requestTimeout. This is currently a warning, but in future versions of MySQL2, an error will be thrown if you pass an invalid configuration options to a Connection
[2019-04-14T22:57:34.618] [ERROR] error - 
*************** error log start ***************
request method: POST
request originalUrl:  /bonus/admin/signon/getSignonList
request client ip:  ::1
request body: 
{"page":1,"pageSize":10}
response time: 5517
err name: Error
err message: You have an error in your SQL syntax; check the manual that corresponds to your MySQL server version for the right syntax to use near 'aName, rule_desc, start_at, end_at, checkintype_id  FROM signon a left join chec' at line 1
err stack: Error: You have an error in your SQL syntax; check the manual that corresponds to your MySQL server version for the right syntax to use near 'aName, rule_desc, start_at, end_at, checkintype_id  FROM signon a left join chec' at line 1
    at PromisePool.query (d:\jin11\sign\sign-backend\node_modules\mysql2\promise.js:322:22)
    at Function.getSignonList (d:\jin11\sign\sign-backend\common\db\db-helper.js:85:31)
    at Object.getSignonListAndCountIncludeByPage (d:\jin11\sign\sign-backend\services\admin\signon-service.js:44:35)
    at getSignonList (d:\jin11\sign\sign-backend\controllers\admin\signon-ctrl.js:13:40)
    at dispatch (d:\jin11\sign\sign-backend\node_modules\koa-router\node_modules\koa-compose\index.js:44:32)
    at next (d:\jin11\sign\sign-backend\node_modules\koa-router\node_modules\koa-compose\index.js:45:18)
    at d:\jin11\sign\sign-backend\node_modules\koa-router\lib\router.js:346:16
    at dispatch (d:\jin11\sign\sign-backend\node_modules\koa-router\node_modules\koa-compose\index.js:44:32)
    at d:\jin11\sign\sign-backend\node_modules\koa-router\node_modules\koa-compose\index.js:36:12
    at dispatch (d:\jin11\sign\sign-backend\node_modules\koa-router\lib\router.js:351:31)
    at dispatch (d:\jin11\sign\sign-backend\node_modules\koa-compose\index.js:42:32)
    at app.use (d:\jin11\sign\sign-backend\app.js:38:11)
    at dispatch (d:\jin11\sign\sign-backend\node_modules\koa-compose\index.js:42:32)
    at views (d:\jin11\sign\sign-backend\node_modules\koa-views\lib\index.js:61:12)
    at dispatch (d:\jin11\sign\sign-backend\node_modules\koa-compose\index.js:42:32)
    at serve (d:\jin11\sign\sign-backend\node_modules\koa-static\index.js:47:14)
    at dispatch (d:\jin11\sign\sign-backend\node_modules\koa-compose\index.js:42:32)
    at filter (d:\jin11\sign\sign-backend\node_modules\koa-json\index.js:25:12)
    at dispatch (d:\jin11\sign\sign-backend\node_modules\koa-compose\index.js:42:32)
    at parseBody.then.body (d:\jin11\sign\sign-backend\node_modules\koa-bodyparser\index.js:74:14)
    at <anonymous>
    at process._tickCallback (internal/process/next_tick.js:188:7)
*************** error log end ***************

[2019-04-14T22:58:16.984] [ERROR] error - (node:8888) [SEQUELIZE0002] DeprecationWarning: The logging-option should be either a function or false. Default: console.log
[2019-04-14T22:58:17.023] [ERROR] error - Ignoring invalid configuration option passed to Connection: collate. This is currently a warning, but in future versions of MySQL2, an error will be thrown if you pass an invalid configuration options to a Connection
[2019-04-14T22:58:17.024] [ERROR] error - Ignoring invalid configuration option passed to Connection: requestTimeout. This is currently a warning, but in future versions of MySQL2, an error will be thrown if you pass an invalid configuration options to a Connection
[2019-04-14T22:58:17.621] [ERROR] error - Ignoring invalid configuration option passed to Connection: collate. This is currently a warning, but in future versions of MySQL2, an error will be thrown if you pass an invalid configuration options to a Connection
[2019-04-14T22:58:17.621] [ERROR] error - Ignoring invalid configuration option passed to Connection: requestTimeout. This is currently a warning, but in future versions of MySQL2, an error will be thrown if you pass an invalid configuration options to a Connection
[2019-04-14T22:58:25.618] [ERROR] error - 
*************** error log start ***************
request method: POST
request originalUrl:  /bonus/admin/signon/getSignonList
request client ip:  ::1
request body: 
{"page":1,"pageSize":10}
response time: 3734
err name: Error
err message: Column 'name' in field list is ambiguous
err stack: Error: Column 'name' in field list is ambiguous
    at PromisePool.query (d:\jin11\sign\sign-backend\node_modules\mysql2\promise.js:322:22)
    at Function.getSignonList (d:\jin11\sign\sign-backend\common\db\db-helper.js:85:31)
    at Object.getSignonListAndCountIncludeByPage (d:\jin11\sign\sign-backend\services\admin\signon-service.js:44:35)
    at getSignonList (d:\jin11\sign\sign-backend\controllers\admin\signon-ctrl.js:13:40)
    at dispatch (d:\jin11\sign\sign-backend\node_modules\koa-router\node_modules\koa-compose\index.js:44:32)
    at next (d:\jin11\sign\sign-backend\node_modules\koa-router\node_modules\koa-compose\index.js:45:18)
    at d:\jin11\sign\sign-backend\node_modules\koa-router\lib\router.js:346:16
    at dispatch (d:\jin11\sign\sign-backend\node_modules\koa-router\node_modules\koa-compose\index.js:44:32)
    at d:\jin11\sign\sign-backend\node_modules\koa-router\node_modules\koa-compose\index.js:36:12
    at dispatch (d:\jin11\sign\sign-backend\node_modules\koa-router\lib\router.js:351:31)
    at dispatch (d:\jin11\sign\sign-backend\node_modules\koa-compose\index.js:42:32)
    at app.use (d:\jin11\sign\sign-backend\app.js:38:11)
    at dispatch (d:\jin11\sign\sign-backend\node_modules\koa-compose\index.js:42:32)
    at views (d:\jin11\sign\sign-backend\node_modules\koa-views\lib\index.js:61:12)
    at dispatch (d:\jin11\sign\sign-backend\node_modules\koa-compose\index.js:42:32)
    at serve (d:\jin11\sign\sign-backend\node_modules\koa-static\index.js:47:14)
    at dispatch (d:\jin11\sign\sign-backend\node_modules\koa-compose\index.js:42:32)
    at filter (d:\jin11\sign\sign-backend\node_modules\koa-json\index.js:25:12)
    at dispatch (d:\jin11\sign\sign-backend\node_modules\koa-compose\index.js:42:32)
    at parseBody.then.body (d:\jin11\sign\sign-backend\node_modules\koa-bodyparser\index.js:74:14)
    at <anonymous>
    at process._tickCallback (internal/process/next_tick.js:188:7)
*************** error log end ***************

[2019-04-14T22:59:00.725] [ERROR] error - (node:4452) [SEQUELIZE0002] DeprecationWarning: The logging-option should be either a function or false. Default: console.log
[2019-04-14T22:59:00.758] [ERROR] error - Ignoring invalid configuration option passed to Connection: collate. This is currently a warning, but in future versions of MySQL2, an error will be thrown if you pass an invalid configuration options to a Connection
[2019-04-14T22:59:00.758] [ERROR] error - Ignoring invalid configuration option passed to Connection: requestTimeout. This is currently a warning, but in future versions of MySQL2, an error will be thrown if you pass an invalid configuration options to a Connection
[2019-04-14T22:59:01.639] [ERROR] error - Ignoring invalid configuration option passed to Connection: collate. This is currently a warning, but in future versions of MySQL2, an error will be thrown if you pass an invalid configuration options to a Connection
[2019-04-14T22:59:01.639] [ERROR] error - Ignoring invalid configuration option passed to Connection: requestTimeout. This is currently a warning, but in future versions of MySQL2, an error will be thrown if you pass an invalid configuration options to a Connection
[2019-04-14T23:01:19.601] [ERROR] error - (node:12868) [SEQUELIZE0002] DeprecationWarning: The logging-option should be either a function or false. Default: console.log
[2019-04-14T23:01:19.648] [ERROR] error - Ignoring invalid configuration option passed to Connection: collate. This is currently a warning, but in future versions of MySQL2, an error will be thrown if you pass an invalid configuration options to a Connection
[2019-04-14T23:01:19.649] [ERROR] error - Ignoring invalid configuration option passed to Connection: requestTimeout. This is currently a warning, but in future versions of MySQL2, an error will be thrown if you pass an invalid configuration options to a Connection
[2019-04-14T23:01:20.120] [ERROR] error - Ignoring invalid configuration option passed to Connection: collate. This is currently a warning, but in future versions of MySQL2, an error will be thrown if you pass an invalid configuration options to a Connection
[2019-04-14T23:01:20.120] [ERROR] error - Ignoring invalid configuration option passed to Connection: requestTimeout. This is currently a warning, but in future versions of MySQL2, an error will be thrown if you pass an invalid configuration options to a Connection
[2019-04-14T23:01:37.138] [ERROR] error - (node:13824) [SEQUELIZE0002] DeprecationWarning: The logging-option should be either a function or false. Default: console.log
[2019-04-14T23:01:37.181] [ERROR] error - Ignoring invalid configuration option passed to Connection: collate. This is currently a warning, but in future versions of MySQL2, an error will be thrown if you pass an invalid configuration options to a Connection
[2019-04-14T23:01:37.181] [ERROR] error - Ignoring invalid configuration option passed to Connection: requestTimeout. This is currently a warning, but in future versions of MySQL2, an error will be thrown if you pass an invalid configuration options to a Connection
[2019-04-14T23:01:37.777] [ERROR] error - Ignoring invalid configuration option passed to Connection: collate. This is currently a warning, but in future versions of MySQL2, an error will be thrown if you pass an invalid configuration options to a Connection
[2019-04-14T23:01:37.778] [ERROR] error - Ignoring invalid configuration option passed to Connection: requestTimeout. This is currently a warning, but in future versions of MySQL2, an error will be thrown if you pass an invalid configuration options to a Connection
[2019-04-14T23:01:44.615] [ERROR] error - 
*************** error log start ***************
request method: POST
request originalUrl:  /bonus/admin/signon/getSignonList
request client ip:  ::1
request body: 
{"page":1,"pageSize":10}
response time: 2416
err name: Error
err message: You have an error in your SQL syntax; check the manual that corresponds to your MySQL server version for the right syntax to use near 'rule_desc, start_at, end_at, checkintype_id  FROM signon a left join checkin_typ' at line 1
err stack: Error: You have an error in your SQL syntax; check the manual that corresponds to your MySQL server version for the right syntax to use near 'rule_desc, start_at, end_at, checkintype_id  FROM signon a left join checkin_typ' at line 1
    at PromisePool.query (d:\jin11\sign\sign-backend\node_modules\mysql2\promise.js:322:22)
    at Function.getSignonList (d:\jin11\sign\sign-backend\common\db\db-helper.js:85:31)
    at Object.getSignonListAndCountIncludeByPage (d:\jin11\sign\sign-backend\services\admin\signon-service.js:44:35)
    at getSignonList (d:\jin11\sign\sign-backend\controllers\admin\signon-ctrl.js:13:40)
    at dispatch (d:\jin11\sign\sign-backend\node_modules\koa-router\node_modules\koa-compose\index.js:44:32)
    at next (d:\jin11\sign\sign-backend\node_modules\koa-router\node_modules\koa-compose\index.js:45:18)
    at d:\jin11\sign\sign-backend\node_modules\koa-router\lib\router.js:346:16
    at dispatch (d:\jin11\sign\sign-backend\node_modules\koa-router\node_modules\koa-compose\index.js:44:32)
    at d:\jin11\sign\sign-backend\node_modules\koa-router\node_modules\koa-compose\index.js:36:12
    at dispatch (d:\jin11\sign\sign-backend\node_modules\koa-router\lib\router.js:351:31)
    at dispatch (d:\jin11\sign\sign-backend\node_modules\koa-compose\index.js:42:32)
    at app.use (d:\jin11\sign\sign-backend\app.js:38:11)
    at dispatch (d:\jin11\sign\sign-backend\node_modules\koa-compose\index.js:42:32)
    at views (d:\jin11\sign\sign-backend\node_modules\koa-views\lib\index.js:61:12)
    at dispatch (d:\jin11\sign\sign-backend\node_modules\koa-compose\index.js:42:32)
    at serve (d:\jin11\sign\sign-backend\node_modules\koa-static\index.js:47:14)
    at dispatch (d:\jin11\sign\sign-backend\node_modules\koa-compose\index.js:42:32)
    at filter (d:\jin11\sign\sign-backend\node_modules\koa-json\index.js:25:12)
    at dispatch (d:\jin11\sign\sign-backend\node_modules\koa-compose\index.js:42:32)
    at parseBody.then.body (d:\jin11\sign\sign-backend\node_modules\koa-bodyparser\index.js:74:14)
    at <anonymous>
    at process._tickCallback (internal/process/next_tick.js:188:7)
*************** error log end ***************

[2019-04-14T23:02:15.370] [ERROR] error - (node:10164) [SEQUELIZE0002] DeprecationWarning: The logging-option should be either a function or false. Default: console.log
[2019-04-14T23:02:15.407] [ERROR] error - Ignoring invalid configuration option passed to Connection: collate. This is currently a warning, but in future versions of MySQL2, an error will be thrown if you pass an invalid configuration options to a Connection
[2019-04-14T23:02:15.407] [ERROR] error - Ignoring invalid configuration option passed to Connection: requestTimeout. This is currently a warning, but in future versions of MySQL2, an error will be thrown if you pass an invalid configuration options to a Connection
[2019-04-14T23:02:16.194] [ERROR] error - Ignoring invalid configuration option passed to Connection: collate. This is currently a warning, but in future versions of MySQL2, an error will be thrown if you pass an invalid configuration options to a Connection
[2019-04-14T23:02:16.195] [ERROR] error - Ignoring invalid configuration option passed to Connection: requestTimeout. This is currently a warning, but in future versions of MySQL2, an error will be thrown if you pass an invalid configuration options to a Connection
[2019-04-14T23:06:10.350] [ERROR] error - (node:13416) [SEQUELIZE0002] DeprecationWarning: The logging-option should be either a function or false. Default: console.log
[2019-04-14T23:06:10.422] [ERROR] error - Ignoring invalid configuration option passed to Connection: collate. This is currently a warning, but in future versions of MySQL2, an error will be thrown if you pass an invalid configuration options to a Connection
[2019-04-14T23:06:10.422] [ERROR] error - Ignoring invalid configuration option passed to Connection: requestTimeout. This is currently a warning, but in future versions of MySQL2, an error will be thrown if you pass an invalid configuration options to a Connection
[2019-04-14T23:06:10.997] [ERROR] error - Ignoring invalid configuration option passed to Connection: collate. This is currently a warning, but in future versions of MySQL2, an error will be thrown if you pass an invalid configuration options to a Connection
[2019-04-14T23:06:10.998] [ERROR] error - Ignoring invalid configuration option passed to Connection: requestTimeout. This is currently a warning, but in future versions of MySQL2, an error will be thrown if you pass an invalid configuration options to a Connection
[2019-04-14T23:11:33.215] [ERROR] error - (node:14256) [SEQUELIZE0002] DeprecationWarning: The logging-option should be either a function or false. Default: console.log
[2019-04-14T23:11:33.292] [ERROR] error - Ignoring invalid configuration option passed to Connection: collate. This is currently a warning, but in future versions of MySQL2, an error will be thrown if you pass an invalid configuration options to a Connection
[2019-04-14T23:11:33.292] [ERROR] error - Ignoring invalid configuration option passed to Connection: requestTimeout. This is currently a warning, but in future versions of MySQL2, an error will be thrown if you pass an invalid configuration options to a Connection
[2019-04-14T23:11:33.863] [ERROR] error - Ignoring invalid configuration option passed to Connection: collate. This is currently a warning, but in future versions of MySQL2, an error will be thrown if you pass an invalid configuration options to a Connection
[2019-04-14T23:11:33.863] [ERROR] error - Ignoring invalid configuration option passed to Connection: requestTimeout. This is currently a warning, but in future versions of MySQL2, an error will be thrown if you pass an invalid configuration options to a Connection
[2019-04-14T23:11:41.415] [ERROR] error - 
*************** error log start ***************
request method: POST
request originalUrl:  /bonus/admin/signon/getSignonList
request client ip:  ::1
request body: 
{"page":1,"pageSize":10}
response time: 3245
err name: Error
err message: Incorrect parameter count in the call to native function 'JSON_OBJECT'
err stack: Error: Incorrect parameter count in the call to native function 'JSON_OBJECT'
    at PromisePool.query (d:\jin11\sign\sign-backend\node_modules\mysql2\promise.js:322:22)
    at Function.getSignonList (d:\jin11\sign\sign-backend\common\db\db-helper.js:85:31)
    at Object.getSignonListAndCountIncludeByPage (d:\jin11\sign\sign-backend\services\admin\signon-service.js:44:35)
    at getSignonList (d:\jin11\sign\sign-backend\controllers\admin\signon-ctrl.js:13:40)
    at dispatch (d:\jin11\sign\sign-backend\node_modules\koa-router\node_modules\koa-compose\index.js:44:32)
    at next (d:\jin11\sign\sign-backend\node_modules\koa-router\node_modules\koa-compose\index.js:45:18)
    at d:\jin11\sign\sign-backend\node_modules\koa-router\lib\router.js:346:16
    at dispatch (d:\jin11\sign\sign-backend\node_modules\koa-router\node_modules\koa-compose\index.js:44:32)
    at d:\jin11\sign\sign-backend\node_modules\koa-router\node_modules\koa-compose\index.js:36:12
    at dispatch (d:\jin11\sign\sign-backend\node_modules\koa-router\lib\router.js:351:31)
    at dispatch (d:\jin11\sign\sign-backend\node_modules\koa-compose\index.js:42:32)
    at app.use (d:\jin11\sign\sign-backend\app.js:38:11)
    at dispatch (d:\jin11\sign\sign-backend\node_modules\koa-compose\index.js:42:32)
    at views (d:\jin11\sign\sign-backend\node_modules\koa-views\lib\index.js:61:12)
    at dispatch (d:\jin11\sign\sign-backend\node_modules\koa-compose\index.js:42:32)
    at serve (d:\jin11\sign\sign-backend\node_modules\koa-static\index.js:47:14)
    at dispatch (d:\jin11\sign\sign-backend\node_modules\koa-compose\index.js:42:32)
    at filter (d:\jin11\sign\sign-backend\node_modules\koa-json\index.js:25:12)
    at dispatch (d:\jin11\sign\sign-backend\node_modules\koa-compose\index.js:42:32)
    at parseBody.then.body (d:\jin11\sign\sign-backend\node_modules\koa-bodyparser\index.js:74:14)
    at <anonymous>
    at process._tickCallback (internal/process/next_tick.js:188:7)
*************** error log end ***************

[2019-04-14T23:14:44.635] [ERROR] error - (node:7860) [SEQUELIZE0002] DeprecationWarning: The logging-option should be either a function or false. Default: console.log
[2019-04-14T23:14:44.681] [ERROR] error - Ignoring invalid configuration option passed to Connection: collate. This is currently a warning, but in future versions of MySQL2, an error will be thrown if you pass an invalid configuration options to a Connection
[2019-04-14T23:14:44.682] [ERROR] error - Ignoring invalid configuration option passed to Connection: requestTimeout. This is currently a warning, but in future versions of MySQL2, an error will be thrown if you pass an invalid configuration options to a Connection
[2019-04-14T23:14:45.348] [ERROR] error - Ignoring invalid configuration option passed to Connection: collate. This is currently a warning, but in future versions of MySQL2, an error will be thrown if you pass an invalid configuration options to a Connection
[2019-04-14T23:14:45.349] [ERROR] error - Ignoring invalid configuration option passed to Connection: requestTimeout. This is currently a warning, but in future versions of MySQL2, an error will be thrown if you pass an invalid configuration options to a Connection
[2019-04-14T23:15:28.917] [ERROR] error - 
*************** error log start ***************
request method: POST
request originalUrl:  /bonus/admin/signon/getSignonList
request client ip:  ::1
request body: 
{"page":1,"pageSize":10}
response time: 3459
err name: Error
err message: Incorrect parameter count in the call to native function 'JSON_EXTRACT'
err stack: Error: Incorrect parameter count in the call to native function 'JSON_EXTRACT'
    at PromisePool.query (d:\jin11\sign\sign-backend\node_modules\mysql2\promise.js:322:22)
    at Function.getSignonList (d:\jin11\sign\sign-backend\common\db\db-helper.js:85:31)
    at Object.getSignonListAndCountIncludeByPage (d:\jin11\sign\sign-backend\services\admin\signon-service.js:44:35)
    at getSignonList (d:\jin11\sign\sign-backend\controllers\admin\signon-ctrl.js:13:40)
    at dispatch (d:\jin11\sign\sign-backend\node_modules\koa-router\node_modules\koa-compose\index.js:44:32)
    at next (d:\jin11\sign\sign-backend\node_modules\koa-router\node_modules\koa-compose\index.js:45:18)
    at d:\jin11\sign\sign-backend\node_modules\koa-router\lib\router.js:346:16
    at dispatch (d:\jin11\sign\sign-backend\node_modules\koa-router\node_modules\koa-compose\index.js:44:32)
    at d:\jin11\sign\sign-backend\node_modules\koa-router\node_modules\koa-compose\index.js:36:12
    at dispatch (d:\jin11\sign\sign-backend\node_modules\koa-router\lib\router.js:351:31)
    at dispatch (d:\jin11\sign\sign-backend\node_modules\koa-compose\index.js:42:32)
    at app.use (d:\jin11\sign\sign-backend\app.js:38:11)
    at dispatch (d:\jin11\sign\sign-backend\node_modules\koa-compose\index.js:42:32)
    at views (d:\jin11\sign\sign-backend\node_modules\koa-views\lib\index.js:61:12)
    at dispatch (d:\jin11\sign\sign-backend\node_modules\koa-compose\index.js:42:32)
    at serve (d:\jin11\sign\sign-backend\node_modules\koa-static\index.js:47:14)
    at dispatch (d:\jin11\sign\sign-backend\node_modules\koa-compose\index.js:42:32)
    at filter (d:\jin11\sign\sign-backend\node_modules\koa-json\index.js:25:12)
    at dispatch (d:\jin11\sign\sign-backend\node_modules\koa-compose\index.js:42:32)
    at parseBody.then.body (d:\jin11\sign\sign-backend\node_modules\koa-bodyparser\index.js:74:14)
    at <anonymous>
    at process._tickCallback (internal/process/next_tick.js:188:7)
*************** error log end ***************

[2019-04-14T23:15:53.661] [ERROR] error - (node:13288) [SEQUELIZE0002] DeprecationWarning: The logging-option should be either a function or false. Default: console.log
[2019-04-14T23:15:53.704] [ERROR] error - Ignoring invalid configuration option passed to Connection: collate. This is currently a warning, but in future versions of MySQL2, an error will be thrown if you pass an invalid configuration options to a Connection
[2019-04-14T23:15:53.704] [ERROR] error - Ignoring invalid configuration option passed to Connection: requestTimeout. This is currently a warning, but in future versions of MySQL2, an error will be thrown if you pass an invalid configuration options to a Connection
[2019-04-14T23:15:54.260] [ERROR] error - Ignoring invalid configuration option passed to Connection: collate. This is currently a warning, but in future versions of MySQL2, an error will be thrown if you pass an invalid configuration options to a Connection
[2019-04-14T23:15:54.261] [ERROR] error - Ignoring invalid configuration option passed to Connection: requestTimeout. This is currently a warning, but in future versions of MySQL2, an error will be thrown if you pass an invalid configuration options to a Connection
[2019-04-14T23:16:09.696] [ERROR] error - Ignoring invalid configuration option passed to Connection: collate. This is currently a warning, but in future versions of MySQL2, an error will be thrown if you pass an invalid configuration options to a Connection
[2019-04-14T23:16:09.696] [ERROR] error - Ignoring invalid configuration option passed to Connection: requestTimeout. This is currently a warning, but in future versions of MySQL2, an error will be thrown if you pass an invalid configuration options to a Connection
[2019-04-14T23:16:09.747] [ERROR] error - Ignoring invalid configuration option passed to Connection: collate. This is currently a warning, but in future versions of MySQL2, an error will be thrown if you pass an invalid configuration options to a Connection
[2019-04-14T23:16:09.749] [ERROR] error - Ignoring invalid configuration option passed to Connection: requestTimeout. This is currently a warning, but in future versions of MySQL2, an error will be thrown if you pass an invalid configuration options to a Connection
