[2019-04-14T11:44:33.000] [INFO] info - 
*************** response log start ***************
request method: POST
request originalUrl:  /bonus/admin/signon/getSignonList
request client ip:  ::1
request body: 
{"page":1,"pageSize":10}
response time: 123
response status: 200
response body: 
{"status":0,"code":0,"msg":"SUCCESS","data":{"list":[{"cycle_text":{"type":5,"name":"自定义","number":"18"},"prizes_text":{"prizes":[{"1":["1","2","3","4","5","1"],"2":["2","3","4","5"],"3":["1","1"],"4":["2"],"5":["4"],"6":["3","1","2","4","5","1","2","3","4","5","3","4","5"],"9":["3","4","5"]}]},"extra_text":{},"rule":{},"start_at":"2019-04-24","end_at":"2019-05-29","createdAt":"2019-04-09 21:42:05","updatedAt":"2019-04-10 21:59:07","id":"1","name":"连续签到领取红包","rule_desc":"连续签到领取红包","checkintype_id":"2","checkin_type":{"name":"连续签到","type":2}}],"count":1}}
*************** response log end ***************

[2019-04-14T11:44:52.619] [INFO] info - 
*************** response log start ***************
request method: POST
request originalUrl:  /bonus/admin/signon/getSignonList
request client ip:  ::1
request body: 
{"page":1,"pageSize":10}
response time: 33
response status: 200
response body: 
{"status":0,"code":0,"msg":"SUCCESS","data":{"list":[{"cycle_text":{"type":5,"name":"自定义","number":"18"},"prizes_text":{"prizes":[{"1":["1","2","3","4","5","1"],"2":["2","3","4","5"],"3":["1","1"],"4":["2"],"5":["4"],"6":["3","1","2","4","5","1","2","3","4","5","3","4","5"],"9":["3","4","5"]}]},"extra_text":{},"rule":{},"start_at":"2019-04-24","end_at":"2019-05-29","createdAt":"2019-04-09 21:42:05","updatedAt":"2019-04-10 21:59:07","id":"1","name":"连续签到领取红包","rule_desc":"连续签到领取红包","checkintype_id":"2","checkin_type":{"name":"连续签到","type":2}}],"count":1}}
*************** response log end ***************

[2019-04-14T11:44:55.691] [INFO] info - 
*************** response log start ***************
request method: POST
request originalUrl:  /bonus/admin/signon/getSignonList
request client ip:  ::1
request body: 
{"page":1,"pageSize":10}
response time: 13
response status: 200
response body: 
{"status":0,"code":0,"msg":"SUCCESS","data":{"list":[{"cycle_text":{"type":5,"name":"自定义","number":"18"},"prizes_text":{"prizes":[{"1":["1","2","3","4","5","1"],"2":["2","3","4","5"],"3":["1","1"],"4":["2"],"5":["4"],"6":["3","1","2","4","5","1","2","3","4","5","3","4","5"],"9":["3","4","5"]}]},"extra_text":{},"rule":{},"start_at":"2019-04-24","end_at":"2019-05-29","createdAt":"2019-04-09 21:42:05","updatedAt":"2019-04-10 21:59:07","id":"1","name":"连续签到领取红包","rule_desc":"连续签到领取红包","checkintype_id":"2","checkin_type":{"name":"连续签到","type":2}}],"count":1}}
*************** response log end ***************

[2019-04-14T11:44:59.096] [INFO] info - 
*************** response log start ***************
request method: POST
request originalUrl:  /bonus/admin/signon/getSignonList
request client ip:  ::1
request body: 
{"page":1,"pageSize":10}
response time: 12
response status: 200
response body: 
{"status":0,"code":0,"msg":"SUCCESS","data":{"list":[{"cycle_text":{"type":5,"name":"自定义","number":"18"},"prizes_text":{"prizes":[{"1":["1","2","3","4","5","1"],"2":["2","3","4","5"],"3":["1","1"],"4":["2"],"5":["4"],"6":["3","1","2","4","5","1","2","3","4","5","3","4","5"],"9":["3","4","5"]}]},"extra_text":{},"rule":{},"start_at":"2019-04-24","end_at":"2019-05-29","createdAt":"2019-04-09 21:42:05","updatedAt":"2019-04-10 21:59:07","id":"1","name":"连续签到领取红包","rule_desc":"连续签到领取红包","checkintype_id":"2","checkin_type":{"name":"连续签到","type":2}}],"count":1}}
*************** response log end ***************

[2019-04-14T11:45:04.045] [INFO] info - 
*************** response log start ***************
request method: POST
request originalUrl:  /bonus/admin/signon/getSignonList
request client ip:  ::1
request body: 
{"page":1,"pageSize":10}
response time: 12
response status: 200
response body: 
{"status":0,"code":0,"msg":"SUCCESS","data":{"list":[{"cycle_text":{"type":5,"name":"自定义","number":"18"},"prizes_text":{"prizes":[{"1":["1","2","3","4","5","1"],"2":["2","3","4","5"],"3":["1","1"],"4":["2"],"5":["4"],"6":["3","1","2","4","5","1","2","3","4","5","3","4","5"],"9":["3","4","5"]}]},"extra_text":{},"rule":{},"start_at":"2019-04-24","end_at":"2019-05-29","createdAt":"2019-04-09 21:42:05","updatedAt":"2019-04-10 21:59:07","id":"1","name":"连续签到领取红包","rule_desc":"连续签到领取红包","checkintype_id":"2","checkin_type":{"name":"连续签到","type":2}}],"count":1}}
*************** response log end ***************

[2019-04-14T11:45:22.665] [INFO] info - 
*************** response log start ***************
request method: POST
request originalUrl:  /bonus/admin/signon/getSignonList
request client ip:  ::1
request body: 
{"page":1,"pageSize":10}
response time: 27
response status: 200
response body: 
{"status":0,"code":0,"msg":"SUCCESS","data":{"list":[{"cycle_text":{"type":5,"name":"自定义","number":"18"},"prizes_text":{"prizes":[{"1":["1","2","3","4","5","1"],"2":["2","3","4","5"],"3":["1","1"],"4":["2"],"5":["4"],"6":["3","1","2","4","5","1","2","3","4","5","3","4","5"],"9":["3","4","5"]}]},"extra_text":{},"rule":{},"start_at":"2019-04-24","end_at":"2019-05-29","createdAt":"2019-04-09 21:42:05","updatedAt":"2019-04-10 21:59:07","id":"1","name":"连续签到领取红包","rule_desc":"连续签到领取红包","checkintype_id":"2","checkin_type":{"name":"连续签到","type":2}}],"count":1}}
*************** response log end ***************

[2019-04-14T11:45:24.672] [INFO] info - 
*************** response log start ***************
request method: POST
request originalUrl:  /bonus/admin/signon/getSignonList
request client ip:  ::1
request body: 
{"page":1,"pageSize":10}
response time: 12
response status: 200
response body: 
{"status":0,"code":0,"msg":"SUCCESS","data":{"list":[{"cycle_text":{"type":5,"name":"自定义","number":"18"},"prizes_text":{"prizes":[{"1":["1","2","3","4","5","1"],"2":["2","3","4","5"],"3":["1","1"],"4":["2"],"5":["4"],"6":["3","1","2","4","5","1","2","3","4","5","3","4","5"],"9":["3","4","5"]}]},"extra_text":{},"rule":{},"start_at":"2019-04-24","end_at":"2019-05-29","createdAt":"2019-04-09 21:42:05","updatedAt":"2019-04-10 21:59:07","id":"1","name":"连续签到领取红包","rule_desc":"连续签到领取红包","checkintype_id":"2","checkin_type":{"name":"连续签到","type":2}}],"count":1}}
*************** response log end ***************

[2019-04-14T11:45:27.285] [INFO] info - 
*************** response log start ***************
request method: POST
request originalUrl:  /bonus/admin/signon/getSignonList
request client ip:  ::1
request body: 
{"page":1,"pageSize":10}
response time: 18
response status: 200
response body: 
{"status":0,"code":0,"msg":"SUCCESS","data":{"list":[{"cycle_text":{"type":5,"name":"自定义","number":"18"},"prizes_text":{"prizes":[{"1":["1","2","3","4","5","1"],"2":["2","3","4","5"],"3":["1","1"],"4":["2"],"5":["4"],"6":["3","1","2","4","5","1","2","3","4","5","3","4","5"],"9":["3","4","5"]}]},"extra_text":{},"rule":{},"start_at":"2019-04-24","end_at":"2019-05-29","createdAt":"2019-04-09 21:42:05","updatedAt":"2019-04-10 21:59:07","id":"1","name":"连续签到领取红包","rule_desc":"连续签到领取红包","checkintype_id":"2","checkin_type":{"name":"连续签到","type":2}}],"count":1}}
*************** response log end ***************

[2019-04-14T11:45:31.221] [INFO] info - 
*************** response log start ***************
request method: POST
request originalUrl:  /bonus/admin/signon/getSignonList
request client ip:  ::1
request body: 
{"page":1,"pageSize":10}
response time: 13
response status: 200
response body: 
{"status":0,"code":0,"msg":"SUCCESS","data":{"list":[{"cycle_text":{"type":5,"name":"自定义","number":"18"},"prizes_text":{"prizes":[{"1":["1","2","3","4","5","1"],"2":["2","3","4","5"],"3":["1","1"],"4":["2"],"5":["4"],"6":["3","1","2","4","5","1","2","3","4","5","3","4","5"],"9":["3","4","5"]}]},"extra_text":{},"rule":{},"start_at":"2019-04-24","end_at":"2019-05-29","createdAt":"2019-04-09 21:42:05","updatedAt":"2019-04-10 21:59:07","id":"1","name":"连续签到领取红包","rule_desc":"连续签到领取红包","checkintype_id":"2","checkin_type":{"name":"连续签到","type":2}}],"count":1}}
*************** response log end ***************

[2019-04-14T11:45:35.649] [INFO] info - 
*************** response log start ***************
request method: POST
request originalUrl:  /bonus/admin/signon/getSignonList
request client ip:  ::1
request body: 
{"page":1,"pageSize":10}
response time: 18
response status: 200
response body: 
{"status":0,"code":0,"msg":"SUCCESS","data":{"list":[{"cycle_text":{"type":5,"name":"自定义","number":"18"},"prizes_text":{"prizes":[{"1":["1","2","3","4","5","1"],"2":["2","3","4","5"],"3":["1","1"],"4":["2"],"5":["4"],"6":["3","1","2","4","5","1","2","3","4","5","3","4","5"],"9":["3","4","5"]}]},"extra_text":{},"rule":{},"start_at":"2019-04-24","end_at":"2019-05-29","createdAt":"2019-04-09 21:42:05","updatedAt":"2019-04-10 21:59:07","id":"1","name":"连续签到领取红包","rule_desc":"连续签到领取红包","checkintype_id":"2","checkin_type":{"name":"连续签到","type":2}}],"count":1}}
*************** response log end ***************

[2019-04-14T11:46:20.424] [INFO] info - 
*************** response log start ***************
request method: POST
request originalUrl:  /bonus/admin/signon/getSignonList
request client ip:  ::1
request body: 
{"page":1,"pageSize":10}
response time: 24
response status: 200
response body: 
{"status":0,"code":0,"msg":"SUCCESS","data":{"list":[{"cycle_text":{"type":5,"name":"自定义","number":"18"},"prizes_text":{"prizes":[{"1":["1","2","3","4","5","1"],"2":["2","3","4","5"],"3":["1","1"],"4":["2"],"5":["4"],"6":["3","1","2","4","5","1","2","3","4","5","3","4","5"],"9":["3","4","5"]}]},"extra_text":{},"rule":{},"start_at":"2019-04-24","end_at":"2019-05-29","createdAt":"2019-04-09 21:42:05","updatedAt":"2019-04-10 21:59:07","id":"1","name":"连续签到领取红包","rule_desc":"连续签到领取红包","checkintype_id":"2","checkin_type":{"name":"连续签到","type":2}}],"count":1}}
*************** response log end ***************

[2019-04-14T11:46:22.358] [INFO] info - 
*************** response log start ***************
request method: POST
request originalUrl:  /bonus/admin/signon/getSignonList
request client ip:  ::1
request body: 
{"page":1,"pageSize":10}
response time: 11
response status: 200
response body: 
{"status":0,"code":0,"msg":"SUCCESS","data":{"list":[{"cycle_text":{"type":5,"name":"自定义","number":"18"},"prizes_text":{"prizes":[{"1":["1","2","3","4","5","1"],"2":["2","3","4","5"],"3":["1","1"],"4":["2"],"5":["4"],"6":["3","1","2","4","5","1","2","3","4","5","3","4","5"],"9":["3","4","5"]}]},"extra_text":{},"rule":{},"start_at":"2019-04-24","end_at":"2019-05-29","createdAt":"2019-04-09 21:42:05","updatedAt":"2019-04-10 21:59:07","id":"1","name":"连续签到领取红包","rule_desc":"连续签到领取红包","checkintype_id":"2","checkin_type":{"name":"连续签到","type":2}}],"count":1}}
*************** response log end ***************

[2019-04-14T11:46:29.931] [INFO] info - 
*************** response log start ***************
request method: POST
request originalUrl:  /bonus/admin/signon/getSignonList
request client ip:  ::1
request body: 
{"page":1,"pageSize":10}
response time: 11
response status: 200
response body: 
{"status":0,"code":0,"msg":"SUCCESS","data":{"list":[{"cycle_text":{"type":5,"name":"自定义","number":"18"},"prizes_text":{"prizes":[{"1":["1","2","3","4","5","1"],"2":["2","3","4","5"],"3":["1","1"],"4":["2"],"5":["4"],"6":["3","1","2","4","5","1","2","3","4","5","3","4","5"],"9":["3","4","5"]}]},"extra_text":{},"rule":{},"start_at":"2019-04-24","end_at":"2019-05-29","createdAt":"2019-04-09 21:42:05","updatedAt":"2019-04-10 21:59:07","id":"1","name":"连续签到领取红包","rule_desc":"连续签到领取红包","checkintype_id":"2","checkin_type":{"name":"连续签到","type":2}}],"count":1}}
*************** response log end ***************

[2019-04-14T11:46:33.421] [INFO] info - 
*************** response log start ***************
request method: POST
request originalUrl:  /bonus/admin/signon/getSignonList
request client ip:  ::1
request body: 
{"page":1,"pageSize":10}
response time: 12
response status: 200
response body: 
{"status":0,"code":0,"msg":"SUCCESS","data":{"list":[{"cycle_text":{"type":5,"name":"自定义","number":"18"},"prizes_text":{"prizes":[{"1":["1","2","3","4","5","1"],"2":["2","3","4","5"],"3":["1","1"],"4":["2"],"5":["4"],"6":["3","1","2","4","5","1","2","3","4","5","3","4","5"],"9":["3","4","5"]}]},"extra_text":{},"rule":{},"start_at":"2019-04-24","end_at":"2019-05-29","createdAt":"2019-04-09 21:42:05","updatedAt":"2019-04-10 21:59:07","id":"1","name":"连续签到领取红包","rule_desc":"连续签到领取红包","checkintype_id":"2","checkin_type":{"name":"连续签到","type":2}}],"count":1}}
*************** response log end ***************

[2019-04-14T11:46:35.375] [INFO] info - 
*************** response log start ***************
request method: POST
request originalUrl:  /bonus/admin/signon/getSignonList
request client ip:  ::1
request body: 
{"page":1,"pageSize":10}
response time: 17
response status: 200
response body: 
{"status":0,"code":0,"msg":"SUCCESS","data":{"list":[{"cycle_text":{"type":5,"name":"自定义","number":"18"},"prizes_text":{"prizes":[{"1":["1","2","3","4","5","1"],"2":["2","3","4","5"],"3":["1","1"],"4":["2"],"5":["4"],"6":["3","1","2","4","5","1","2","3","4","5","3","4","5"],"9":["3","4","5"]}]},"extra_text":{},"rule":{},"start_at":"2019-04-24","end_at":"2019-05-29","createdAt":"2019-04-09 21:42:05","updatedAt":"2019-04-10 21:59:07","id":"1","name":"连续签到领取红包","rule_desc":"连续签到领取红包","checkintype_id":"2","checkin_type":{"name":"连续签到","type":2}}],"count":1}}
*************** response log end ***************

[2019-04-14T11:46:40.546] [INFO] info - 
*************** response log start ***************
request method: POST
request originalUrl:  /bonus/admin/signon/getSignonList
request client ip:  ::1
request body: 
{"page":1,"pageSize":10}
response time: 16
response status: 200
response body: 
{"status":0,"code":0,"msg":"SUCCESS","data":{"list":[{"cycle_text":{"type":5,"name":"自定义","number":"18"},"prizes_text":{"prizes":[{"1":["1","2","3","4","5","1"],"2":["2","3","4","5"],"3":["1","1"],"4":["2"],"5":["4"],"6":["3","1","2","4","5","1","2","3","4","5","3","4","5"],"9":["3","4","5"]}]},"extra_text":{},"rule":{},"start_at":"2019-04-24","end_at":"2019-05-29","createdAt":"2019-04-09 21:42:05","updatedAt":"2019-04-10 21:59:07","id":"1","name":"连续签到领取红包","rule_desc":"连续签到领取红包","checkintype_id":"2","checkin_type":{"name":"连续签到","type":2}}],"count":1}}
*************** response log end ***************

[2019-04-14T12:01:05.173] [INFO] info - 
*************** response log start ***************
request method: POST
request originalUrl:  /bonus/admin/signon/getSignonList
request client ip:  ::1
request body: 
{"page":1,"pageSize":10}
response time: 30
response status: 200
response body: 
{"status":0,"code":0,"msg":"SUCCESS","data":{"list":[{"cycle_text":{"type":5,"name":"自定义","number":"18"},"prizes_text":{"prizes":[{"1":["1","2","3","4","5","1"],"2":["2","3","4","5"],"3":["1","1"],"4":["2"],"5":["4"],"6":["3","1","2","4","5","1","2","3","4","5","3","4","5"],"9":["3","4","5"]}]},"extra_text":{},"rule":{},"start_at":"2019-04-24","end_at":"2019-05-29","createdAt":"2019-04-09 21:42:05","updatedAt":"2019-04-10 21:59:07","id":"1","name":"连续签到领取红包","rule_desc":"连续签到领取红包","checkintype_id":"2","checkin_type":{"name":"连续签到","type":2}}],"count":1}}
*************** response log end ***************

[2019-04-14T12:01:08.454] [INFO] info - 
*************** response log start ***************
request method: POST
request originalUrl:  /bonus/admin/signon/getSignonList
request client ip:  ::1
request body: 
{"page":1,"pageSize":10}
response time: 11
response status: 200
response body: 
{"status":0,"code":0,"msg":"SUCCESS","data":{"list":[{"cycle_text":{"type":5,"name":"自定义","number":"18"},"prizes_text":{"prizes":[{"1":["1","2","3","4","5","1"],"2":["2","3","4","5"],"3":["1","1"],"4":["2"],"5":["4"],"6":["3","1","2","4","5","1","2","3","4","5","3","4","5"],"9":["3","4","5"]}]},"extra_text":{},"rule":{},"start_at":"2019-04-24","end_at":"2019-05-29","createdAt":"2019-04-09 21:42:05","updatedAt":"2019-04-10 21:59:07","id":"1","name":"连续签到领取红包","rule_desc":"连续签到领取红包","checkintype_id":"2","checkin_type":{"name":"连续签到","type":2}}],"count":1}}
*************** response log end ***************

[2019-04-14T12:01:10.987] [INFO] info - 
*************** response log start ***************
request method: POST
request originalUrl:  /bonus/admin/signon/getSignonList
request client ip:  ::1
request body: 
{"page":1,"pageSize":10}
response time: 14
response status: 200
response body: 
{"status":0,"code":0,"msg":"SUCCESS","data":{"list":[{"cycle_text":{"type":5,"name":"自定义","number":"18"},"prizes_text":{"prizes":[{"1":["1","2","3","4","5","1"],"2":["2","3","4","5"],"3":["1","1"],"4":["2"],"5":["4"],"6":["3","1","2","4","5","1","2","3","4","5","3","4","5"],"9":["3","4","5"]}]},"extra_text":{},"rule":{},"start_at":"2019-04-24","end_at":"2019-05-29","createdAt":"2019-04-09 21:42:05","updatedAt":"2019-04-10 21:59:07","id":"1","name":"连续签到领取红包","rule_desc":"连续签到领取红包","checkintype_id":"2","checkin_type":{"name":"连续签到","type":2}}],"count":1}}
*************** response log end ***************

[2019-04-14T12:01:14.123] [INFO] info - 
*************** response log start ***************
request method: POST
request originalUrl:  /bonus/admin/signon/getSignonList
request client ip:  ::1
request body: 
{"page":1,"pageSize":10}
response time: 13
response status: 200
response body: 
{"status":0,"code":0,"msg":"SUCCESS","data":{"list":[{"cycle_text":{"type":5,"name":"自定义","number":"18"},"prizes_text":{"prizes":[{"1":["1","2","3","4","5","1"],"2":["2","3","4","5"],"3":["1","1"],"4":["2"],"5":["4"],"6":["3","1","2","4","5","1","2","3","4","5","3","4","5"],"9":["3","4","5"]}]},"extra_text":{},"rule":{},"start_at":"2019-04-24","end_at":"2019-05-29","createdAt":"2019-04-09 21:42:05","updatedAt":"2019-04-10 21:59:07","id":"1","name":"连续签到领取红包","rule_desc":"连续签到领取红包","checkintype_id":"2","checkin_type":{"name":"连续签到","type":2}}],"count":1}}
*************** response log end ***************

[2019-04-14T12:01:20.196] [INFO] info - 
*************** response log start ***************
request method: POST
request originalUrl:  /bonus/admin/signon/getSignonList
request client ip:  ::1
request body: 
{"page":1,"pageSize":10}
response time: 14
response status: 200
response body: 
{"status":0,"code":0,"msg":"SUCCESS","data":{"list":[{"cycle_text":{"type":5,"name":"自定义","number":"18"},"prizes_text":{"prizes":[{"1":["1","2","3","4","5","1"],"2":["2","3","4","5"],"3":["1","1"],"4":["2"],"5":["4"],"6":["3","1","2","4","5","1","2","3","4","5","3","4","5"],"9":["3","4","5"]}]},"extra_text":{},"rule":{},"start_at":"2019-04-24","end_at":"2019-05-29","createdAt":"2019-04-09 21:42:05","updatedAt":"2019-04-10 21:59:07","id":"1","name":"连续签到领取红包","rule_desc":"连续签到领取红包","checkintype_id":"2","checkin_type":{"name":"连续签到","type":2}}],"count":1}}
*************** response log end ***************

[2019-04-14T20:20:28.422] [INFO] info - 
*************** response log start ***************
request method: POST
request originalUrl:  /bonus/admin/signon/getSignonList
request client ip:  ::1
request body: 
{"page":1,"pageSize":10}
response time: 26
response status: 200
response body: 
{"status":0,"code":0,"msg":"SUCCESS","data":{"list":[{"cycle_text":{"type":5,"name":"自定义","number":"18"},"prizes_text":{"prizes":[{"1":["1","2","3","4","5","1"],"2":["2","3","4","5"],"3":["1","1"],"4":["2"],"5":["4"],"6":["3","1","2","4","5","1","2","3","4","5","3","4","5"],"9":["3","4","5"]}]},"extra_text":{},"rule":{},"start_at":"2019-04-24","end_at":"2019-05-29","createdAt":"2019-04-09 21:42:05","updatedAt":"2019-04-10 21:59:07","id":"1","name":"连续签到领取红包","rule_desc":"连续签到领取红包","checkintype_id":"2","checkin_type":{"name":"连续签到","type":2}}],"count":1}}
*************** response log end ***************

[2019-04-14T20:20:33.964] [INFO] info - 
*************** response log start ***************
request method: POST
request originalUrl:  /bonus/admin/signon/getSignonList
request client ip:  ::1
request body: 
{"page":1,"pageSize":10}
response time: 12
response status: 200
response body: 
{"status":0,"code":0,"msg":"SUCCESS","data":{"list":[{"cycle_text":{"type":5,"name":"自定义","number":"18"},"prizes_text":{"prizes":[{"1":["1","2","3","4","5","1"],"2":["2","3","4","5"],"3":["1","1"],"4":["2"],"5":["4"],"6":["3","1","2","4","5","1","2","3","4","5","3","4","5"],"9":["3","4","5"]}]},"extra_text":{},"rule":{},"start_at":"2019-04-24","end_at":"2019-05-29","createdAt":"2019-04-09 21:42:05","updatedAt":"2019-04-10 21:59:07","id":"1","name":"连续签到领取红包","rule_desc":"连续签到领取红包","checkintype_id":"2","checkin_type":{"name":"连续签到","type":2}}],"count":1}}
*************** response log end ***************

[2019-04-14T22:20:11.185] [INFO] info - 
*************** response log start ***************
request method: POST
request originalUrl:  /bonus/admin/signon/getSignonList
request client ip:  ::1
request body: 
{"page":1,"pageSize":10}
response time: 58
response status: 200
response body: 
{"status":0,"code":0,"msg":"SUCCESS","data":{"list":[{"cycle_text":{"type":5,"name":"自定义","number":"18"},"prizes_text":{"prizes":[{"1":["1","2","3","4","5","1"],"2":["2","3","4","5"],"3":["1","1"],"4":["2"],"5":["4"],"6":["3","1","2","4","5","1","2","3","4","5","3","4","5"],"9":["3","4","5"]}]},"extra_text":{},"rule":{},"start_at":"2019-04-24","end_at":"2019-05-29","createdAt":"2019-04-09 21:42:05","updatedAt":"2019-04-10 21:59:07","id":"1","name":"连续签到领取红包","rule_desc":"连续签到领取红包","checkintype_id":"2","checkin_type":{"name":"连续签到","type":2}}],"count":1}}
*************** response log end ***************

[2019-04-14T22:23:10.619] [INFO] info - 
*************** response log start ***************
request method: POST
request originalUrl:  /bonus/admin/signon/getSignonList
request client ip:  ::1
request body: 
{"page":1,"pageSize":10}
response time: 58
response status: 200
response body: 
{"status":0,"code":0,"msg":"SUCCESS","data":{"list":[{"cycle_text":{"type":5,"name":"自定义","number":"18"},"prizes_text":{"prizes":[{"1":["1","2","3","4","5","1"],"2":["2","3","4","5"],"3":["1","1"],"4":["2"],"5":["4"],"6":["3","1","2","4","5","1","2","3","4","5","3","4","5"],"9":["3","4","5"]}]},"extra_text":{},"rule":{},"start_at":"2019-04-24","end_at":"2019-05-29","createdAt":"2019-04-09 21:42:05","updatedAt":"2019-04-10 21:59:07","id":"1","name":"连续签到领取红包","rule_desc":"连续签到领取红包","checkintype_id":"2","checkin_type":{"name":"连续签到","type":2}}],"count":1}}
*************** response log end ***************

[2019-04-14T22:24:08.276] [INFO] info - 
*************** response log start ***************
request method: POST
request originalUrl:  /bonus/admin/signon/getSignonList
request client ip:  ::1
request body: 
{"page":1,"pageSize":10}
response time: 44
response status: 200
response body: 
{"status":0,"code":0,"msg":"SUCCESS","data":{"list":[{"cycle_text":{"type":5,"name":"自定义","number":"18"},"prizes_text":{"prizes":[{"1":["1","2","3","4","5","1"],"2":["2","3","4","5"],"3":["1","1"],"4":["2"],"5":["4"],"6":["3","1","2","4","5","1","2","3","4","5","3","4","5"],"9":["3","4","5"]}]},"extra_text":{},"rule":{},"start_at":"2019-04-24","end_at":"2019-05-29","createdAt":"2019-04-09 21:42:05","updatedAt":"2019-04-10 21:59:07","id":"1","name":"连续签到领取红包","rule_desc":"连续签到领取红包","checkintype_id":"2","checkin_type":{"name":"连续签到","type":2}}],"count":1}}
*************** response log end ***************

[2019-04-14T22:24:27.942] [INFO] info - 
*************** response log start ***************
request method: POST
request originalUrl:  /bonus/admin/signon/getSignonList
request client ip:  ::1
request body: 
{"page":1,"pageSize":10}
response time: 36
response status: 200
response body: 
{"status":0,"code":0,"msg":"SUCCESS","data":{"list":[{"cycle_text":{"type":5,"name":"自定义","number":"18"},"prizes_text":{"prizes":[{"1":["1","2","3","4","5","1"],"2":["2","3","4","5"],"3":["1","1"],"4":["2"],"5":["4"],"6":["3","1","2","4","5","1","2","3","4","5","3","4","5"],"9":["3","4","5"]}]},"extra_text":{},"rule":{},"start_at":"2019-04-24","end_at":"2019-05-29","createdAt":"2019-04-09 21:42:05","updatedAt":"2019-04-10 21:59:07","id":"1","name":"连续签到领取红包","rule_desc":"连续签到领取红包","checkintype_id":"2","checkin_type":{"name":"连续签到","type":2}}],"count":1}}
*************** response log end ***************

[2019-04-14T22:24:50.376] [INFO] info - 
*************** response log start ***************
request method: POST
request originalUrl:  /bonus/admin/signon/getSignonList
request client ip:  ::1
request body: 
{"page":1,"pageSize":10}
response time: 68
response status: 200
response body: 
{"status":0,"code":0,"msg":"SUCCESS","data":{"list":[{"cycle_text":{"type":5,"name":"自定义","number":"18"},"prizes_text":{"prizes":[{"1":["1","2","3","4","5","1"],"2":["2","3","4","5"],"3":["1","1"],"4":["2"],"5":["4"],"6":["3","1","2","4","5","1","2","3","4","5","3","4","5"],"9":["3","4","5"]}]},"extra_text":{},"rule":{},"start_at":"2019-04-24","end_at":"2019-05-29","createdAt":"2019-04-09 21:42:05","updatedAt":"2019-04-10 21:59:07","id":"1","name":"连续签到领取红包","rule_desc":"连续签到领取红包","checkintype_id":"2","checkin_type":{"name":"连续签到","type":2}}],"count":1}}
*************** response log end ***************

[2019-04-14T22:24:56.411] [INFO] info - 
*************** response log start ***************
request method: POST
request originalUrl:  /bonus/admin/signon/getSignonList
request client ip:  ::1
request body: 
{"page":1,"pageSize":10}
response time: 18
response status: 200
response body: 
{"status":0,"code":0,"msg":"SUCCESS","data":{"list":[{"cycle_text":{"type":5,"name":"自定义","number":"18"},"prizes_text":{"prizes":[{"1":["1","2","3","4","5","1"],"2":["2","3","4","5"],"3":["1","1"],"4":["2"],"5":["4"],"6":["3","1","2","4","5","1","2","3","4","5","3","4","5"],"9":["3","4","5"]}]},"extra_text":{},"rule":{},"start_at":"2019-04-24","end_at":"2019-05-29","createdAt":"2019-04-09 21:42:05","updatedAt":"2019-04-10 21:59:07","id":"1","name":"连续签到领取红包","rule_desc":"连续签到领取红包","checkintype_id":"2","checkin_type":{"name":"连续签到","type":2}}],"count":1}}
*************** response log end ***************

[2019-04-14T22:25:36.285] [INFO] info - 
*************** response log start ***************
request method: POST
request originalUrl:  /bonus/admin/signon/getSignonList
request client ip:  ::1
request body: 
{"page":1,"pageSize":10}
response time: 33
response status: 200
response body: 
{"status":0,"code":0,"msg":"SUCCESS","data":{"list":[{"cycle_text":{"type":5,"name":"自定义","number":"18"},"prizes_text":{"prizes":[{"1":["1","2","3","4","5","1"],"2":["2","3","4","5"],"3":["1","1"],"4":["2"],"5":["4"],"6":["3","1","2","4","5","1","2","3","4","5","3","4","5"],"9":["3","4","5"]}]},"extra_text":{},"rule":{},"start_at":"2019-04-24","end_at":"2019-05-29","createdAt":"2019-04-09 21:42:05","updatedAt":"2019-04-10 21:59:07","id":"1","name":"连续签到领取红包","rule_desc":"连续签到领取红包","checkintype_id":"2","checkin_type":{"name":"连续签到","type":2}}],"count":1}}
*************** response log end ***************

[2019-04-14T22:26:29.739] [INFO] info - 
*************** response log start ***************
request method: POST
request originalUrl:  /bonus/admin/signon/getSignonList
request client ip:  ::1
request body: 
{}
response time: 37
response status: 200
response body: 
{"status":0,"code":0,"msg":"SUCCESS","data":{"list":[{"cycle_text":{"type":5,"name":"自定义","number":"18"},"prizes_text":{"prizes":[{"1":["1","2","3","4","5","1"],"2":["2","3","4","5"],"3":["1","1"],"4":["2"],"5":["4"],"6":["3","1","2","4","5","1","2","3","4","5","3","4","5"],"9":["3","4","5"]}]},"extra_text":{},"rule":{},"start_at":"2019-04-24","end_at":"2019-05-29","createdAt":"2019-04-09 21:42:05","updatedAt":"2019-04-10 21:59:07","id":"1","name":"连续签到领取红包","rule_desc":"连续签到领取红包","checkintype_id":"2","checkin_type":{"name":"连续签到","type":2}}],"count":1}}
*************** response log end ***************

[2019-04-14T22:27:03.880] [INFO] info - 
*************** response log start ***************
request method: POST
request originalUrl:  /bonus/admin/signon/getSignonList
request client ip:  ::1
request body: 
{}
response time: 29
response status: 200
response body: 
{"status":0,"code":0,"msg":"SUCCESS","data":{"list":[{"cycle_text":{"type":5,"name":"自定义","number":"18"},"prizes_text":{"prizes":[{"1":["1","2","3","4","5","1"],"2":["2","3","4","5"],"3":["1","1"],"4":["2"],"5":["4"],"6":["3","1","2","4","5","1","2","3","4","5","3","4","5"],"9":["3","4","5"]}]},"extra_text":{},"rule":{},"start_at":"2019-04-24","end_at":"2019-05-29","createdAt":"2019-04-09 21:42:05","updatedAt":"2019-04-10 21:59:07","id":"1","name":"连续签到领取红包","rule_desc":"连续签到领取红包","checkintype_id":"2","checkin_type":{"name":"连续签到","type":2}}],"count":1}}
*************** response log end ***************

[2019-04-14T22:27:39.517] [INFO] info - 
*************** response log start ***************
request method: POST
request originalUrl:  /bonus/admin/scene/getSceneList
request client ip:  ::1
request body: 
{}
response time: 7264
response status: 200
response body: 
{"status":0,"code":0,"msg":"SUCCESS","data":{"list":[]}}
*************** response log end ***************

[2019-04-14T22:27:39.563] [INFO] info - 
*************** response log start ***************
request method: POST
request originalUrl:  /bonus/admin/signon/getSignonList
request client ip:  ::1
request body: 
{}
response time: 1620
response status: 200
response body: 
{"status":0,"code":0,"msg":"SUCCESS","data":{"list":[{"cycle_text":{"type":5,"name":"自定义","number":"18"},"prizes_text":{"prizes":[{"1":["1","2","3","4","5","1"],"2":["2","3","4","5"],"3":["1","1"],"4":["2"],"5":["4"],"6":["3","1","2","4","5","1","2","3","4","5","3","4","5"],"9":["3","4","5"]}]},"extra_text":{},"rule":{},"start_at":"2019-04-24","end_at":"2019-05-29","createdAt":"2019-04-09 21:42:05","updatedAt":"2019-04-10 21:59:07","id":"1","name":"连续签到领取红包","rule_desc":"连续签到领取红包","checkintype_id":"2","checkin_type":{"name":"连续签到","type":2}}],"count":1}}
*************** response log end ***************

[2019-04-14T22:28:24.779] [INFO] info - 
*************** response log start ***************
request method: POST
request originalUrl:  /bonus/admin/scene/getSceneList
request client ip:  ::1
request body: 
{}
response time: 7688
response status: 200
response body: 
{"status":0,"code":0,"msg":"SUCCESS","data":{"list":[{"id":1,"name":"电台1","note":"电台1","createdAt":"2019-04-14 22:28:09"}]}}
*************** response log end ***************

[2019-04-14T22:28:24.845] [INFO] info - 
*************** response log start ***************
request method: POST
request originalUrl:  /bonus/admin/signon/getSignonList
request client ip:  ::1
request body: 
{}
response time: 60
response status: 200
response body: 
{"status":0,"code":0,"msg":"SUCCESS","data":{"list":[{"cycle_text":{"type":5,"name":"自定义","number":"18"},"prizes_text":{"prizes":[{"1":["1","2","3","4","5","1"],"2":["2","3","4","5"],"3":["1","1"],"4":["2"],"5":["4"],"6":["3","1","2","4","5","1","2","3","4","5","3","4","5"],"9":["3","4","5"]}]},"extra_text":{},"rule":{},"start_at":"2019-04-24","end_at":"2019-05-29","createdAt":"2019-04-09 21:42:05","updatedAt":"2019-04-10 21:59:07","id":"1","name":"连续签到领取红包","rule_desc":"连续签到领取红包","checkintype_id":"2","checkin_type":{"name":"连续签到","type":2}}],"count":1}}
*************** response log end ***************

[2019-04-14T22:28:29.958] [INFO] info - 
*************** response log start ***************
request method: POST
request originalUrl:  /bonus/admin/signon/getSignonListBySceneId
request client ip:  ::1
request body: 
{"sceneId":1,"type":1}
response time: 52
response status: 200
response body: 
{"status":0,"code":0,"msg":"SUCCESS","data":{"list":[]}}
*************** response log end ***************

[2019-04-14T22:28:40.335] [INFO] info - 
*************** response log start ***************
request method: POST
request originalUrl:  /bonus/admin/signon/getSignonList
request client ip:  ::1
request body: 
{"page":1,"pageSize":10}
response time: 13
response status: 200
response body: 
{"status":0,"code":0,"msg":"SUCCESS","data":{"list":[{"cycle_text":{"type":5,"name":"自定义","number":"18"},"prizes_text":{"prizes":[{"1":["1","2","3","4","5","1"],"2":["2","3","4","5"],"3":["1","1"],"4":["2"],"5":["4"],"6":["3","1","2","4","5","1","2","3","4","5","3","4","5"],"9":["3","4","5"]}]},"extra_text":{},"rule":{},"start_at":"2019-04-24","end_at":"2019-05-29","createdAt":"2019-04-09 21:42:05","updatedAt":"2019-04-10 21:59:07","id":"1","name":"连续签到领取红包","rule_desc":"连续签到领取红包","checkintype_id":"2","checkin_type":{"name":"连续签到","type":2}}],"count":1}}
*************** response log end ***************

[2019-04-14T22:29:41.419] [INFO] info - 
*************** response log start ***************
request method: POST
request originalUrl:  /bonus/admin/checkintype/getCheckInTypeList
request client ip:  ::1
request body: 
{}
response time: 16
response status: 200
response body: 
{"status":0,"code":0,"msg":"SUCCESS","data":{"list":[{"id":1,"type":1,"name":"每日签到"},{"id":2,"type":2,"name":"连续签到"},{"id":3,"type":3,"name":"累计签到"}]}}
*************** response log end ***************

[2019-04-14T22:29:41.445] [INFO] info - 
*************** response log start ***************
request method: POST
request originalUrl:  /bonus/admin/datetype/getDateTypeList
request client ip:  ::1
request body: 
{"type":0}
response time: 36
response status: 200
response body: 
{"status":0,"code":0,"msg":"SUCCESS","data":{"list":[{"id":1,"type":1,"name":"日"},{"id":2,"type":2,"name":"周"},{"id":3,"type":3,"name":"月"},{"id":4,"type":4,"name":"年"},{"id":5,"type":5,"name":"自定义"}]}}
*************** response log end ***************

[2019-04-14T22:29:42.513] [INFO] info - 
*************** response log start ***************
request method: POST
request originalUrl:  /bonus/admin/signon/getSignonList
request client ip:  ::1
request body: 
{"page":1,"pageSize":10}
response time: 25
response status: 200
response body: 
{"status":0,"code":0,"msg":"SUCCESS","data":{"list":[{"cycle_text":{"type":5,"name":"自定义","number":"18"},"prizes_text":{"prizes":[{"1":["1","2","3","4","5","1"],"2":["2","3","4","5"],"3":["1","1"],"4":["2"],"5":["4"],"6":["3","1","2","4","5","1","2","3","4","5","3","4","5"],"9":["3","4","5"]}]},"extra_text":{},"rule":{},"start_at":"2019-04-24","end_at":"2019-05-29","createdAt":"2019-04-09 21:42:05","updatedAt":"2019-04-10 21:59:07","id":"1","name":"连续签到领取红包","rule_desc":"连续签到领取红包","checkintype_id":"2","checkin_type":{"name":"连续签到","type":2}}],"count":1}}
*************** response log end ***************

[2019-04-14T22:36:05.611] [INFO] info - 
*************** response log start ***************
request method: POST
request originalUrl:  /bonus/admin/signon/getSignonList
request client ip:  ::1
request body: 
{"page":1,"pageSize":10}
response time: 28
response status: 200
response body: 
{"status":0,"code":0,"msg":"SUCCESS","data":{}}
*************** response log end ***************

[2019-04-14T22:40:54.813] [INFO] info - 
*************** response log start ***************
request method: POST
request originalUrl:  /bonus/admin/signon/getSignonList
request client ip:  ::1
request body: 
{"page":1,"pageSize":10}
response time: 12048
response status: 200
response body: 
{"status":0,"code":0,"msg":"SUCCESS","data":{}}
*************** response log end ***************

[2019-04-14T22:51:20.873] [INFO] info - 
*************** response log start ***************
request method: POST
request originalUrl:  /bonus/admin/signon/getSignonList
request client ip:  ::1
request body: 
{"page":1,"pageSize":10}
response time: 10512
response status: 200
response body: 
{"status":0,"code":0,"msg":"SUCCESS","data":{"list":[{"id":1,"name":"连续签到领取红包","rule_desc":"连续签到领取红包","start_at":"2019-04-24 00:00:00","end_at":"2019-05-29 00:00:00","checkintype_id":2}]}}
*************** response log end ***************

[2019-04-14T23:02:51.381] [INFO] info - 
*************** response log start ***************
request method: POST
request originalUrl:  /bonus/admin/signon/getSignonList
request client ip:  ::1
request body: 
{"page":1,"pageSize":10}
response time: 28467
response status: 200
response body: 
{"status":0,"code":0,"msg":"SUCCESS","data":{"list":[{"id":1,"name":"连续签到领取红包","checktypename":"连续签到","checktypetype":2,"rule_desc":"连续签到领取红包","start_at":"2019-04-24 00:00:00","end_at":"2019-05-29 00:00:00","checkintype_id":2}]}}
*************** response log end ***************

[2019-04-14T23:04:28.816] [INFO] info - 
*************** response log start ***************
request method: POST
request originalUrl:  /bonus/admin/signon/getSignonList
request client ip:  ::1
request body: 
{"page":1,"pageSize":10}
response time: 84512
response status: 200
response body: 
{"status":0,"code":0,"msg":"SUCCESS","data":{"list":[{"id":1,"name":"连续签到领取红包","checktypename":"连续签到","checktypetype":2,"rule_desc":"连续签到领取红包","start_at":"2019-04-24 00:00:00","end_at":"2019-05-29 00:00:00","checkintype_id":2}]}}
*************** response log end ***************

[2019-04-14T23:04:32.274] [INFO] info - 
*************** response log start ***************
request method: POST
request originalUrl:  /bonus/admin/signon/getSignonList
request client ip:  ::1
request body: 
{"page":1,"pageSize":10}
response time: 3453
response status: 200
response body: 
{"status":0,"code":0,"msg":"SUCCESS","data":{"list":[{"id":1,"name":"连续签到领取红包","checktypename":"连续签到","checktypetype":2,"rule_desc":"连续签到领取红包","start_at":"2019-04-24 00:00:00","end_at":"2019-05-29 00:00:00","checkintype_id":2}]}}
*************** response log end ***************

[2019-04-14T23:06:21.980] [INFO] info - 
*************** response log start ***************
request method: POST
request originalUrl:  /bonus/admin/signon/getSignonList
request client ip:  ::1
request body: 
{"page":1,"pageSize":10}
response time: 6546
response status: 200
response body: 
{"status":0,"code":0,"msg":"SUCCESS","data":{"list":[{"id":1,"name":"连续签到领取红包","cycle_text":"{\"type\":5,\"name\":\"自定义\",\"number\":\"18\"}","checktypename":"连续签到","checktypetype":2,"rule_desc":"连续签到领取红包","start_at":"2019-04-24 00:00:00","end_at":"2019-05-29 00:00:00","checkintype_id":2}]}}
*************** response log end ***************

[2019-04-14T23:16:04.959] [INFO] info - 
*************** response log start ***************
request method: POST
request originalUrl:  /bonus/admin/signon/getSignonList
request client ip:  ::1
request body: 
{"page":1,"pageSize":10}
response time: 5328
response status: 200
response body: 
{"status":0,"code":0,"msg":"SUCCESS","data":{"list":[{"id":1,"name":"连续签到领取红包","cycle_text":"{\"type\":5,\"name\":\"自定义\",\"number\":\"18\"}","checktypename":"连续签到","checktypetype":2,"rule_desc":"连续签到领取红包","start_at":"2019-04-24 00:00:00","end_at":"2019-05-29 00:00:00","checkintype_id":2}]}}
*************** response log end ***************

[2019-04-14T23:16:09.734] [INFO] info - 
*************** response log start ***************
request method: POST
request originalUrl:  /bonus/admin/signon/getSignonById
request client ip:  ::1
request body: 
{"id":1}
response time: 47
response status: 200
response body: 
{"status":0,"code":0,"msg":"SUCCESS","data":{"cycle_text":{"type":5,"name":"自定义","number":"18"},"prizes_text":{"prizes":[{"1":["1","2","3","4","5","1"],"2":["2","3","4","5"],"3":["1","1"],"4":["2"],"5":["4"],"6":["3","1","2","4","5","1","2","3","4","5","3","4","5"],"9":["3","4","5"]}]},"extra_text":{},"rule":{},"start_at":"2019-04-24","end_at":"2019-05-29","createdAt":"2019-04-09 21:42:05","updatedAt":"2019-04-10 21:59:07","id":"1","name":"连续签到领取红包","rule_desc":"连续签到领取红包","checkintype_id":"2","checkin_type":{"createdAt":"2019-04-05 05:53:11","updatedAt":"2019-04-05 05:53:15","id":"2","type":2,"name":"连续签到"}}}
*************** response log end ***************

[2019-04-14T23:16:09.777] [INFO] info - 
*************** response log start ***************
request method: POST
request originalUrl:  /bonus/admin/prize/getPrizeList
request client ip:  ::1
request body: 
{"currentPage":1,"pageSize":10}
response time: 35
response status: 200
response body: 
{"status":0,"code":0,"msg":"SUCCESS","data":{"list":[{"createdAt":"2019-04-10 05:42:42","updatedAt":"2019-04-10 05:42:45","id":"1","name":"奖品一","desc":"奖品一"},{"createdAt":"2019-04-10 05:43:25","updatedAt":"2019-04-10 05:43:27","id":"2","name":"奖品二","desc":"奖品二"},{"createdAt":"2019-04-10 05:43:46","updatedAt":"2019-04-10 05:43:50","id":"3","name":"奖品三","desc":"奖品三"},{"createdAt":"2019-04-10 05:44:10","updatedAt":"2019-04-10 05:44:13","id":"4","name":"奖品四","desc":"奖品四"},{"createdAt":"2019-04-10 05:44:30","updatedAt":"2019-04-10 05:44:32","id":"5","name":"精品五","desc":"精品五"}],"total":5}}
*************** response log end ***************

