[2019-04-07T09:42:20.492] [INFO] info - 
*************** response log start ***************
request method: POST
request originalUrl:  /bonus/admin/signon/getSignonList
request client ip:  ::1
request body: 
{"page":1,"pageSize":10}
response time: 54
response status: 200
response body: 
{"status":0,"code":0,"msg":"SUCCESS","data":{"list":[{"cycle_text":{"type":4,"name":"年","number":0},"extra_text":{},"rule":{},"start_at":"2019-04-25","end_at":"2019-05-31","createdAt":"2019-04-05 17:47:11","updatedAt":"2019-04-05 17:47:11","id":"10","name":"测试3","rule_desc":"测试3","checkintype_id":"3","checkin_type":{"name":"累计签到","type":3}},{"cycle_text":{},"extra_text":{},"rule":{},"start_at":"Invalid date","end_at":"Invalid date","createdAt":"Invalid date","updatedAt":"Invalid date","id":"11","name":null,"rule_desc":null,"checkintype_id":null,"checkin_type":null}],"count":2}}
*************** response log end ***************

[2019-04-07T09:42:21.737] [INFO] info - 
*************** response log start ***************
request method: POST
request originalUrl:  /bonus/admin/checkintype/getCheckInTypeList
request client ip:  ::1
request body: 
{}
response time: 10
response status: 200
response body: 
{"status":0,"code":0,"msg":"SUCCESS","data":{"list":[{"createdAt":"2019-04-05 05:52:52","updatedAt":"2019-04-05 05:52:55","id":"1","type":1,"name":"每日签到"},{"createdAt":"2019-04-05 05:53:11","updatedAt":"2019-04-05 05:53:15","id":"2","type":2,"name":"连续签到"},{"createdAt":"2019-04-05 05:53:34","updatedAt":"2019-04-05 05:53:37","id":"3","type":3,"name":"累计签到"}]}}
*************** response log end ***************

[2019-04-07T09:42:21.769] [INFO] info - 
*************** response log start ***************
request method: POST
request originalUrl:  /bonus/admin/datetype/getDateTypeList
request client ip:  ::1
request body: 
{"type":0}
response time: 12
response status: 200
response body: 
{"status":0,"code":0,"msg":"SUCCESS","data":{"list":[]}}
*************** response log end ***************

[2019-04-07T09:42:39.640] [INFO] info - 
*************** response log start ***************
request method: POST
request originalUrl:  /bonus/admin/signon/getSignonList
request client ip:  ::1
request body: 
{"page":1,"pageSize":10}
response time: 28
response status: 200
response body: 
{"status":0,"code":0,"msg":"SUCCESS","data":{"list":[{"cycle_text":{"type":4,"name":"年","number":0},"extra_text":{},"rule":{},"start_at":"2019-04-25","end_at":"2019-05-31","createdAt":"2019-04-05 17:47:11","updatedAt":"2019-04-05 17:47:11","id":"10","name":"测试3","rule_desc":"测试3","checkintype_id":"3","checkin_type":{"name":"累计签到","type":3}},{"cycle_text":{},"extra_text":{},"rule":{},"start_at":"Invalid date","end_at":"Invalid date","createdAt":"Invalid date","updatedAt":"Invalid date","id":"11","name":null,"rule_desc":null,"checkintype_id":null,"checkin_type":null}],"count":2}}
*************** response log end ***************

[2019-04-07T09:42:45.954] [INFO] info - 
*************** response log start ***************
request method: POST
request originalUrl:  /bonus/admin/signon/getSignonList
request client ip:  ::1
request body: 
{"page":1,"pageSize":10}
response time: 14
response status: 200
response body: 
{"status":0,"code":0,"msg":"SUCCESS","data":{"list":[{"cycle_text":{"type":4,"name":"年","number":0},"extra_text":{},"rule":{},"start_at":"2019-04-25","end_at":"2019-05-31","createdAt":"2019-04-05 17:47:11","updatedAt":"2019-04-05 17:47:11","id":"10","name":"测试3","rule_desc":"测试3","checkintype_id":"3","checkin_type":{"name":"累计签到","type":3}},{"cycle_text":{},"extra_text":{},"rule":{},"start_at":"Invalid date","end_at":"Invalid date","createdAt":"Invalid date","updatedAt":"Invalid date","id":"11","name":null,"rule_desc":null,"checkintype_id":null,"checkin_type":null}],"count":2}}
*************** response log end ***************

[2019-04-07T09:42:48.528] [INFO] info - 
*************** response log start ***************
request method: POST
request originalUrl:  /bonus/admin/checkintype/getCheckInTypeList
request client ip:  ::1
request body: 
{}
response time: 8
response status: 200
response body: 
{"status":0,"code":0,"msg":"SUCCESS","data":{"list":[{"createdAt":"2019-04-05 05:52:52","updatedAt":"2019-04-05 05:52:55","id":"1","type":1,"name":"每日签到"},{"createdAt":"2019-04-05 05:53:11","updatedAt":"2019-04-05 05:53:15","id":"2","type":2,"name":"连续签到"},{"createdAt":"2019-04-05 05:53:34","updatedAt":"2019-04-05 05:53:37","id":"3","type":3,"name":"累计签到"}]}}
*************** response log end ***************

[2019-04-07T09:42:48.635] [INFO] info - 
*************** response log start ***************
request method: POST
request originalUrl:  /bonus/admin/datetype/getDateTypeList
request client ip:  ::1
request body: 
{"type":0}
response time: 13
response status: 200
response body: 
{"status":0,"code":0,"msg":"SUCCESS","data":{"list":[]}}
*************** response log end ***************

[2019-04-07T09:42:48.999] [INFO] info - 
*************** response log start ***************
request method: POST
request originalUrl:  /bonus/admin/signon/getSignonList
request client ip:  ::1
request body: 
{"page":1,"pageSize":10}
response time: 11
response status: 200
response body: 
{"status":0,"code":0,"msg":"SUCCESS","data":{"list":[{"cycle_text":{"type":4,"name":"年","number":0},"extra_text":{},"rule":{},"start_at":"2019-04-25","end_at":"2019-05-31","createdAt":"2019-04-05 17:47:11","updatedAt":"2019-04-05 17:47:11","id":"10","name":"测试3","rule_desc":"测试3","checkintype_id":"3","checkin_type":{"name":"累计签到","type":3}},{"cycle_text":{},"extra_text":{},"rule":{},"start_at":"Invalid date","end_at":"Invalid date","createdAt":"Invalid date","updatedAt":"Invalid date","id":"11","name":null,"rule_desc":null,"checkintype_id":null,"checkin_type":null}],"count":2}}
*************** response log end ***************

[2019-04-07T09:43:40.969] [INFO] info - 
*************** response log start ***************
request method: POST
request originalUrl:  /bonus/admin/signon/getSignonList
request client ip:  ::1
request body: 
{"page":1,"pageSize":10}
response time: 66
response status: 200
response body: 
{"status":0,"code":0,"msg":"SUCCESS","data":{"list":[{"cycle_text":{"type":4,"name":"年","number":0},"extra_text":{},"rule":{},"start_at":"2019-04-25","end_at":"2019-05-31","createdAt":"2019-04-05 17:47:11","updatedAt":"2019-04-05 17:47:11","id":"10","name":"测试3","rule_desc":"测试3","checkintype_id":"3","checkin_type":{"name":"累计签到","type":3}}],"count":1}}
*************** response log end ***************

[2019-04-07T09:43:42.878] [INFO] info - 
*************** response log start ***************
request method: POST
request originalUrl:  /bonus/admin/checkintype/getCheckInTypeList
request client ip:  ::1
request body: 
{}
response time: 9
response status: 200
response body: 
{"status":0,"code":0,"msg":"SUCCESS","data":{"list":[{"createdAt":"2019-04-05 05:52:52","updatedAt":"2019-04-05 05:52:55","id":"1","type":1,"name":"每日签到"},{"createdAt":"2019-04-05 05:53:11","updatedAt":"2019-04-05 05:53:15","id":"2","type":2,"name":"连续签到"},{"createdAt":"2019-04-05 05:53:34","updatedAt":"2019-04-05 05:53:37","id":"3","type":3,"name":"累计签到"}]}}
*************** response log end ***************

[2019-04-07T09:43:42.924] [INFO] info - 
*************** response log start ***************
request method: POST
request originalUrl:  /bonus/admin/datetype/getDateTypeList
request client ip:  ::1
request body: 
{"type":0}
response time: 9
response status: 200
response body: 
{"status":0,"code":0,"msg":"SUCCESS","data":{"list":[]}}
*************** response log end ***************

[2019-04-07T09:43:58.370] [INFO] info - 
*************** response log start ***************
request method: POST
request originalUrl:  /bonus/admin/datetype/getDateTypeList
request client ip:  ::1
request body: 
{"type":1}
response time: 28
response status: 200
response body: 
{"status":0,"code":0,"msg":"SUCCESS","data":{"list":[{"createdAt":"2019-04-05 05:54:33","updatedAt":"2019-04-05 05:55:17","id":"1","type":1,"name":"日"}]}}
*************** response log end ***************

[2019-04-07T09:44:07.180] [INFO] info - 
*************** response log start ***************
request method: POST
request originalUrl:  /bonus/admin/signon/addSignon
request client ip:  ::1
request body: 
{"checkinType":1,"dateType":1,"startAt":"2019-04-26","endAt":"2019-05-31","number":0,"name":"每日签到-领奖","desc":"每日签到-领奖"}
response time: 72
response status: 200
response body: 
{"status":0,"code":0,"msg":"SUCCESS","data":{"cycle_text":{"type":1,"name":"日","number":0},"extra_text":{},"rule":{},"start_at":"2019-04-26","end_at":"2019-05-31","createdAt":"2019-04-07 09:44:07","updatedAt":"2019-04-07 09:44:07","id":12,"name":"每日签到-领奖","checkintype_id":1,"rule_desc":"每日签到-领奖"}}
*************** response log end ***************

[2019-04-07T09:44:08.840] [INFO] info - 
*************** response log start ***************
request method: POST
request originalUrl:  /bonus/admin/signon/getSignonList
request client ip:  ::1
request body: 
{"page":1,"pageSize":10}
response time: 22
response status: 200
response body: 
{"status":0,"code":0,"msg":"SUCCESS","data":{"list":[{"cycle_text":{"type":1,"name":"日","number":0},"extra_text":{},"rule":{},"start_at":"2019-04-26","end_at":"2019-05-31","createdAt":"2019-04-07 09:44:07","updatedAt":"2019-04-07 09:44:07","id":"12","name":"每日签到-领奖","rule_desc":"每日签到-领奖","checkintype_id":"1","checkin_type":{"name":"每日签到","type":1}},{"cycle_text":{"type":4,"name":"年","number":0},"extra_text":{},"rule":{},"start_at":"2019-04-25","end_at":"2019-05-31","createdAt":"2019-04-05 17:47:11","updatedAt":"2019-04-05 17:47:11","id":"10","name":"测试3","rule_desc":"测试3","checkintype_id":"3","checkin_type":{"name":"累计签到","type":3}}],"count":2}}
*************** response log end ***************

[2019-04-07T09:44:23.061] [INFO] info - 
*************** response log start ***************
request method: POST
request originalUrl:  /bonus/admin/scene/getSceneList
request client ip:  ::1
request body: 
{}
response time: 17
response status: 200
response body: 
{"status":0,"code":0,"msg":"SUCCESS","data":{"list":[{"createdAt":"2019-04-04 21:51:33","updatedAt":"2019-04-04 21:51:33","id":"1","name":"测试","desc":"测试"}]}}
*************** response log end ***************

[2019-04-07T09:44:23.142] [INFO] info - 
*************** response log start ***************
request method: POST
request originalUrl:  /bonus/admin/signon/getSignonList
request client ip:  ::1
request body: 
{}
response time: 15
response status: 200
response body: 
{"status":0,"code":0,"msg":"SUCCESS","data":{"list":[{"cycle_text":{"type":1,"name":"日","number":0},"extra_text":{},"rule":{},"start_at":"2019-04-26","end_at":"2019-05-31","createdAt":"2019-04-07 09:44:07","updatedAt":"2019-04-07 09:44:07","id":"12","name":"每日签到-领奖","rule_desc":"每日签到-领奖","checkintype_id":"1","checkin_type":{"name":"每日签到","type":1}},{"cycle_text":{"type":4,"name":"年","number":0},"extra_text":{},"rule":{},"start_at":"2019-04-25","end_at":"2019-05-31","createdAt":"2019-04-05 17:47:11","updatedAt":"2019-04-05 17:47:11","id":"10","name":"测试3","rule_desc":"测试3","checkintype_id":"3","checkin_type":{"name":"累计签到","type":3}}],"count":2}}
*************** response log end ***************

[2019-04-07T09:44:26.221] [INFO] info - 
*************** response log start ***************
request method: POST
request originalUrl:  /bonus/admin/signon/getSignonList
request client ip:  ::1
request body: 
{"page":1,"pageSize":10}
response time: 14
response status: 200
response body: 
{"status":0,"code":0,"msg":"SUCCESS","data":{"list":[{"cycle_text":{"type":1,"name":"日","number":0},"extra_text":{},"rule":{},"start_at":"2019-04-26","end_at":"2019-05-31","createdAt":"2019-04-07 09:44:07","updatedAt":"2019-04-07 09:44:07","id":"12","name":"每日签到-领奖","rule_desc":"每日签到-领奖","checkintype_id":"1","checkin_type":{"name":"每日签到","type":1}},{"cycle_text":{"type":4,"name":"年","number":0},"extra_text":{},"rule":{},"start_at":"2019-04-25","end_at":"2019-05-31","createdAt":"2019-04-05 17:47:11","updatedAt":"2019-04-05 17:47:11","id":"10","name":"测试3","rule_desc":"测试3","checkintype_id":"3","checkin_type":{"name":"累计签到","type":3}}],"count":2}}
*************** response log end ***************

[2019-04-07T09:44:30.446] [INFO] info - 
*************** response log start ***************
request method: POST
request originalUrl:  /bonus/admin/checkintype/getCheckInTypeList
request client ip:  ::1
request body: 
{}
response time: 8
response status: 200
response body: 
{"status":0,"code":0,"msg":"SUCCESS","data":{"list":[{"createdAt":"2019-04-05 05:52:52","updatedAt":"2019-04-05 05:52:55","id":"1","type":1,"name":"每日签到"},{"createdAt":"2019-04-05 05:53:11","updatedAt":"2019-04-05 05:53:15","id":"2","type":2,"name":"连续签到"},{"createdAt":"2019-04-05 05:53:34","updatedAt":"2019-04-05 05:53:37","id":"3","type":3,"name":"累计签到"}]}}
*************** response log end ***************

[2019-04-07T09:44:30.460] [INFO] info - 
*************** response log start ***************
request method: POST
request originalUrl:  /bonus/admin/datetype/getDateTypeList
request client ip:  ::1
request body: 
{"type":0}
response time: 6
response status: 200
response body: 
{"status":0,"code":0,"msg":"SUCCESS","data":{"list":[]}}
*************** response log end ***************

[2019-04-07T09:44:32.650] [INFO] info - 
*************** response log start ***************
request method: POST
request originalUrl:  /bonus/admin/signon/getSignonList
request client ip:  ::1
request body: 
{"page":1,"pageSize":10}
response time: 14
response status: 200
response body: 
{"status":0,"code":0,"msg":"SUCCESS","data":{"list":[{"cycle_text":{"type":1,"name":"日","number":0},"extra_text":{},"rule":{},"start_at":"2019-04-26","end_at":"2019-05-31","createdAt":"2019-04-07 09:44:07","updatedAt":"2019-04-07 09:44:07","id":"12","name":"每日签到-领奖","rule_desc":"每日签到-领奖","checkintype_id":"1","checkin_type":{"name":"每日签到","type":1}},{"cycle_text":{"type":4,"name":"年","number":0},"extra_text":{},"rule":{},"start_at":"2019-04-25","end_at":"2019-05-31","createdAt":"2019-04-05 17:47:11","updatedAt":"2019-04-05 17:47:11","id":"10","name":"测试3","rule_desc":"测试3","checkintype_id":"3","checkin_type":{"name":"累计签到","type":3}}],"count":2}}
*************** response log end ***************

[2019-04-07T09:44:35.269] [INFO] info - 
*************** response log start ***************
request method: POST
request originalUrl:  /bonus/admin/checkintype/getCheckInTypeList
request client ip:  ::1
request body: 
{}
response time: 7
response status: 200
response body: 
{"status":0,"code":0,"msg":"SUCCESS","data":{"list":[{"createdAt":"2019-04-05 05:52:52","updatedAt":"2019-04-05 05:52:55","id":"1","type":1,"name":"每日签到"},{"createdAt":"2019-04-05 05:53:11","updatedAt":"2019-04-05 05:53:15","id":"2","type":2,"name":"连续签到"},{"createdAt":"2019-04-05 05:53:34","updatedAt":"2019-04-05 05:53:37","id":"3","type":3,"name":"累计签到"}]}}
*************** response log end ***************

[2019-04-07T09:44:35.284] [INFO] info - 
*************** response log start ***************
request method: POST
request originalUrl:  /bonus/admin/datetype/getDateTypeList
request client ip:  ::1
request body: 
{"type":0}
response time: 9
response status: 200
response body: 
{"status":0,"code":0,"msg":"SUCCESS","data":{"list":[]}}
*************** response log end ***************

[2019-04-07T09:44:38.541] [INFO] info - 
*************** response log start ***************
request method: POST
request originalUrl:  /bonus/admin/signon/getSignonList
request client ip:  ::1
request body: 
{"page":1,"pageSize":10}
response time: 15
response status: 200
response body: 
{"status":0,"code":0,"msg":"SUCCESS","data":{"list":[{"cycle_text":{"type":1,"name":"日","number":0},"extra_text":{},"rule":{},"start_at":"2019-04-26","end_at":"2019-05-31","createdAt":"2019-04-07 09:44:07","updatedAt":"2019-04-07 09:44:07","id":"12","name":"每日签到-领奖","rule_desc":"每日签到-领奖","checkintype_id":"1","checkin_type":{"name":"每日签到","type":1}},{"cycle_text":{"type":4,"name":"年","number":0},"extra_text":{},"rule":{},"start_at":"2019-04-25","end_at":"2019-05-31","createdAt":"2019-04-05 17:47:11","updatedAt":"2019-04-05 17:47:11","id":"10","name":"测试3","rule_desc":"测试3","checkintype_id":"3","checkin_type":{"name":"累计签到","type":3}}],"count":2}}
*************** response log end ***************

[2019-04-07T09:47:55.050] [INFO] info - 
*************** response log start ***************
request method: POST
request originalUrl:  /bonus/admin/checkintype/getCheckInTypeList
request client ip:  ::1
request body: 
{}
response time: 15
response status: 200
response body: 
{"status":0,"code":0,"msg":"SUCCESS","data":{"list":[{"createdAt":"2019-04-05 05:52:52","updatedAt":"2019-04-05 05:52:55","id":"1","type":1,"name":"每日签到"},{"createdAt":"2019-04-05 05:53:11","updatedAt":"2019-04-05 05:53:15","id":"2","type":2,"name":"连续签到"},{"createdAt":"2019-04-05 05:53:34","updatedAt":"2019-04-05 05:53:37","id":"3","type":3,"name":"累计签到"}]}}
*************** response log end ***************

[2019-04-07T09:47:55.063] [INFO] info - 
*************** response log start ***************
request method: POST
request originalUrl:  /bonus/admin/datetype/getDateTypeList
request client ip:  ::1
request body: 
{"type":0}
response time: 6
response status: 200
response body: 
{"status":0,"code":0,"msg":"SUCCESS","data":{"list":[]}}
*************** response log end ***************

[2019-04-07T09:47:56.533] [INFO] info - 
*************** response log start ***************
request method: POST
request originalUrl:  /bonus/admin/signon/getSignonList
request client ip:  ::1
request body: 
{"page":1,"pageSize":10}
response time: 14
response status: 200
response body: 
{"status":0,"code":0,"msg":"SUCCESS","data":{"list":[{"cycle_text":{"type":1,"name":"日","number":0},"extra_text":{},"rule":{},"start_at":"2019-04-26","end_at":"2019-05-31","createdAt":"2019-04-07 09:44:07","updatedAt":"2019-04-07 09:44:07","id":"12","name":"每日签到-领奖","rule_desc":"每日签到-领奖","checkintype_id":"1","checkin_type":{"name":"每日签到","type":1}},{"cycle_text":{"type":4,"name":"年","number":0},"extra_text":{},"rule":{},"start_at":"2019-04-25","end_at":"2019-05-31","createdAt":"2019-04-05 17:47:11","updatedAt":"2019-04-05 17:47:11","id":"10","name":"测试3","rule_desc":"测试3","checkintype_id":"3","checkin_type":{"name":"累计签到","type":3}}],"count":2}}
*************** response log end ***************

[2019-04-07T09:50:17.771] [INFO] info - 
*************** response log start ***************
request method: POST
request originalUrl:  /bonus/admin/checkintype/getCheckInTypeList
request client ip:  ::1
request body: 
{}
response time: 16
response status: 200
response body: 
{"status":0,"code":0,"msg":"SUCCESS","data":{"list":[{"createdAt":"2019-04-05 05:52:52","updatedAt":"2019-04-05 05:52:55","id":"1","type":1,"name":"每日签到"},{"createdAt":"2019-04-05 05:53:11","updatedAt":"2019-04-05 05:53:15","id":"2","type":2,"name":"连续签到"},{"createdAt":"2019-04-05 05:53:34","updatedAt":"2019-04-05 05:53:37","id":"3","type":3,"name":"累计签到"}]}}
*************** response log end ***************

[2019-04-07T09:50:17.793] [INFO] info - 
*************** response log start ***************
request method: POST
request originalUrl:  /bonus/admin/datetype/getDateTypeList
request client ip:  ::1
request body: 
{"type":0}
response time: 6
response status: 200
response body: 
{"status":0,"code":0,"msg":"SUCCESS","data":{"list":[]}}
*************** response log end ***************

[2019-04-07T09:50:43.658] [INFO] info - 
*************** response log start ***************
request method: POST
request originalUrl:  /bonus/admin/datetype/getDateTypeList
request client ip:  ::1
request body: 
{"type":1}
response time: 19
response status: 200
response body: 
{"status":0,"code":0,"msg":"SUCCESS","data":{"list":[{"createdAt":"2019-04-05 05:54:33","updatedAt":"2019-04-05 05:55:17","id":"1","type":1,"name":"日"}]}}
*************** response log end ***************

[2019-04-07T09:55:34.354] [INFO] info - 
*************** response log start ***************
request method: POST
request originalUrl:  /bonus/admin/signon/getSignonList
request client ip:  ::1
request body: 
{"page":1,"pageSize":10}
response time: 31
response status: 200
response body: 
{"status":0,"code":0,"msg":"SUCCESS","data":{"list":[{"cycle_text":{"type":1,"name":"日","number":0},"extra_text":{},"rule":{},"start_at":"2019-04-26","end_at":"2019-05-31","createdAt":"2019-04-07 09:44:07","updatedAt":"2019-04-07 09:44:07","id":"12","name":"每日签到-领奖","rule_desc":"每日签到-领奖","checkintype_id":"1","checkin_type":{"name":"每日签到","type":1}},{"cycle_text":{"type":4,"name":"年","number":0},"extra_text":{},"rule":{},"start_at":"2019-04-25","end_at":"2019-05-31","createdAt":"2019-04-05 17:47:11","updatedAt":"2019-04-05 17:47:11","id":"10","name":"测试3","rule_desc":"测试3","checkintype_id":"3","checkin_type":{"name":"累计签到","type":3}}],"count":2}}
*************** response log end ***************

[2019-04-07T09:55:58.474] [INFO] info - 
*************** response log start ***************
request method: POST
request originalUrl:  /bonus/admin/datetype/getDateTypeList
request client ip:  ::1
request body: 
{"type":0}
response time: 16
response status: 200
response body: 
{"status":0,"code":0,"msg":"SUCCESS","data":{"list":[]}}
*************** response log end ***************

[2019-04-07T09:55:58.478] [INFO] info - 
*************** response log start ***************
request method: POST
request originalUrl:  /bonus/admin/checkintype/getCheckInTypeList
request client ip:  ::1
request body: 
{}
response time: 35
response status: 200
response body: 
{"status":0,"code":0,"msg":"SUCCESS","data":{"list":[{"createdAt":"2019-04-05 05:52:52","updatedAt":"2019-04-05 05:52:55","id":"1","type":1,"name":"每日签到"},{"createdAt":"2019-04-05 05:53:11","updatedAt":"2019-04-05 05:53:15","id":"2","type":2,"name":"连续签到"},{"createdAt":"2019-04-05 05:53:34","updatedAt":"2019-04-05 05:53:37","id":"3","type":3,"name":"累计签到"}]}}
*************** response log end ***************

[2019-04-07T09:59:28.143] [INFO] info - 
*************** response log start ***************
request method: POST
request originalUrl:  /bonus/admin/checkintype/getCheckInTypeList
request client ip:  ::1
request body: 
{}
response time: 21
response status: 200
response body: 
{"status":0,"code":0,"msg":"SUCCESS","data":{"list":[{"createdAt":"2019-04-05 05:52:52","updatedAt":"2019-04-05 05:52:55","id":"1","type":1,"name":"每日签到"},{"createdAt":"2019-04-05 05:53:11","updatedAt":"2019-04-05 05:53:15","id":"2","type":2,"name":"连续签到"},{"createdAt":"2019-04-05 05:53:34","updatedAt":"2019-04-05 05:53:37","id":"3","type":3,"name":"累计签到"}]}}
*************** response log end ***************

[2019-04-07T09:59:28.149] [INFO] info - 
*************** response log start ***************
request method: POST
request originalUrl:  /bonus/admin/datetype/getDateTypeList
request client ip:  ::1
request body: 
{"type":0}
response time: 19
response status: 200
response body: 
{"status":0,"code":0,"msg":"SUCCESS","data":{"list":[]}}
*************** response log end ***************

[2019-04-07T09:59:28.180] [INFO] info - 
*************** response log start ***************
request method: POST
request originalUrl:  /bonus/admin/checkintype/getCheckInTypeList
request client ip:  ::1
request body: 
{}
response time: 7
response status: 200
response body: 
{"status":0,"code":0,"msg":"SUCCESS","data":{"list":[{"createdAt":"2019-04-05 05:52:52","updatedAt":"2019-04-05 05:52:55","id":"1","type":1,"name":"每日签到"},{"createdAt":"2019-04-05 05:53:11","updatedAt":"2019-04-05 05:53:15","id":"2","type":2,"name":"连续签到"},{"createdAt":"2019-04-05 05:53:34","updatedAt":"2019-04-05 05:53:37","id":"3","type":3,"name":"累计签到"}]}}
*************** response log end ***************

[2019-04-07T09:59:30.547] [INFO] info - 
*************** response log start ***************
request method: POST
request originalUrl:  /bonus/admin/checkintype/getCheckInTypeList
request client ip:  ::1
request body: 
{}
response time: 11
response status: 200
response body: 
{"status":0,"code":0,"msg":"SUCCESS","data":{"list":[{"createdAt":"2019-04-05 05:52:52","updatedAt":"2019-04-05 05:52:55","id":"1","type":1,"name":"每日签到"},{"createdAt":"2019-04-05 05:53:11","updatedAt":"2019-04-05 05:53:15","id":"2","type":2,"name":"连续签到"},{"createdAt":"2019-04-05 05:53:34","updatedAt":"2019-04-05 05:53:37","id":"3","type":3,"name":"累计签到"}]}}
*************** response log end ***************

[2019-04-07T09:59:30.561] [INFO] info - 
*************** response log start ***************
request method: POST
request originalUrl:  /bonus/admin/datetype/getDateTypeList
request client ip:  ::1
request body: 
{"type":0}
response time: 7
response status: 200
response body: 
{"status":0,"code":0,"msg":"SUCCESS","data":{"list":[]}}
*************** response log end ***************

[2019-04-07T09:59:30.592] [INFO] info - 
*************** response log start ***************
request method: POST
request originalUrl:  /bonus/admin/checkintype/getCheckInTypeList
request client ip:  ::1
request body: 
{}
response time: 8
response status: 200
response body: 
{"status":0,"code":0,"msg":"SUCCESS","data":{"list":[{"createdAt":"2019-04-05 05:52:52","updatedAt":"2019-04-05 05:52:55","id":"1","type":1,"name":"每日签到"},{"createdAt":"2019-04-05 05:53:11","updatedAt":"2019-04-05 05:53:15","id":"2","type":2,"name":"连续签到"},{"createdAt":"2019-04-05 05:53:34","updatedAt":"2019-04-05 05:53:37","id":"3","type":3,"name":"累计签到"}]}}
*************** response log end ***************

[2019-04-07T09:59:33.874] [INFO] info - 
*************** response log start ***************
request method: POST
request originalUrl:  /bonus/admin/checkintype/getCheckInTypeList
request client ip:  ::1
request body: 
{}
response time: 6
response status: 200
response body: 
{"status":0,"code":0,"msg":"SUCCESS","data":{"list":[{"createdAt":"2019-04-05 05:52:52","updatedAt":"2019-04-05 05:52:55","id":"1","type":1,"name":"每日签到"},{"createdAt":"2019-04-05 05:53:11","updatedAt":"2019-04-05 05:53:15","id":"2","type":2,"name":"连续签到"},{"createdAt":"2019-04-05 05:53:34","updatedAt":"2019-04-05 05:53:37","id":"3","type":3,"name":"累计签到"}]}}
*************** response log end ***************

[2019-04-07T09:59:33.889] [INFO] info - 
*************** response log start ***************
request method: POST
request originalUrl:  /bonus/admin/datetype/getDateTypeList
request client ip:  ::1
request body: 
{"type":0}
response time: 7
response status: 200
response body: 
{"status":0,"code":0,"msg":"SUCCESS","data":{"list":[]}}
*************** response log end ***************

[2019-04-07T09:59:33.906] [INFO] info - 
*************** response log start ***************
request method: POST
request originalUrl:  /bonus/admin/checkintype/getCheckInTypeList
request client ip:  ::1
request body: 
{}
response time: 9
response status: 200
response body: 
{"status":0,"code":0,"msg":"SUCCESS","data":{"list":[{"createdAt":"2019-04-05 05:52:52","updatedAt":"2019-04-05 05:52:55","id":"1","type":1,"name":"每日签到"},{"createdAt":"2019-04-05 05:53:11","updatedAt":"2019-04-05 05:53:15","id":"2","type":2,"name":"连续签到"},{"createdAt":"2019-04-05 05:53:34","updatedAt":"2019-04-05 05:53:37","id":"3","type":3,"name":"累计签到"}]}}
*************** response log end ***************

[2019-04-07T10:00:16.142] [INFO] info - 
*************** response log start ***************
request method: POST
request originalUrl:  /bonus/admin/checkintype/getCheckInTypeList
request client ip:  ::1
request body: 
{}
response time: 32
response status: 200
response body: 
{"status":0,"code":0,"msg":"SUCCESS","data":{"list":[{"createdAt":"2019-04-05 05:52:52","updatedAt":"2019-04-05 05:52:55","id":"1","type":1,"name":"每日签到"},{"createdAt":"2019-04-05 05:53:11","updatedAt":"2019-04-05 05:53:15","id":"2","type":2,"name":"连续签到"},{"createdAt":"2019-04-05 05:53:34","updatedAt":"2019-04-05 05:53:37","id":"3","type":3,"name":"累计签到"}]}}
*************** response log end ***************

[2019-04-07T10:00:16.152] [INFO] info - 
*************** response log start ***************
request method: POST
request originalUrl:  /bonus/admin/datetype/getDateTypeList
request client ip:  ::1
request body: 
{"type":0}
response time: 36
response status: 200
response body: 
{"status":0,"code":0,"msg":"SUCCESS","data":{"list":[]}}
*************** response log end ***************

[2019-04-07T10:00:18.814] [INFO] info - 
*************** response log start ***************
request method: POST
request originalUrl:  /bonus/admin/checkintype/getCheckInTypeList
request client ip:  ::1
request body: 
{}
response time: 7
response status: 200
response body: 
{"status":0,"code":0,"msg":"SUCCESS","data":{"list":[{"createdAt":"2019-04-05 05:52:52","updatedAt":"2019-04-05 05:52:55","id":"1","type":1,"name":"每日签到"},{"createdAt":"2019-04-05 05:53:11","updatedAt":"2019-04-05 05:53:15","id":"2","type":2,"name":"连续签到"},{"createdAt":"2019-04-05 05:53:34","updatedAt":"2019-04-05 05:53:37","id":"3","type":3,"name":"累计签到"}]}}
*************** response log end ***************

[2019-04-07T10:00:18.836] [INFO] info - 
*************** response log start ***************
request method: POST
request originalUrl:  /bonus/admin/datetype/getDateTypeList
request client ip:  ::1
request body: 
{"type":0}
response time: 9
response status: 200
response body: 
{"status":0,"code":0,"msg":"SUCCESS","data":{"list":[]}}
*************** response log end ***************

[2019-04-07T10:00:25.878] [INFO] info - 
*************** response log start ***************
request method: POST
request originalUrl:  /bonus/admin/checkintype/getCheckInTypeList
request client ip:  ::1
request body: 
{}
response time: 6
response status: 200
response body: 
{"status":0,"code":0,"msg":"SUCCESS","data":{"list":[{"createdAt":"2019-04-05 05:52:52","updatedAt":"2019-04-05 05:52:55","id":"1","type":1,"name":"每日签到"},{"createdAt":"2019-04-05 05:53:11","updatedAt":"2019-04-05 05:53:15","id":"2","type":2,"name":"连续签到"},{"createdAt":"2019-04-05 05:53:34","updatedAt":"2019-04-05 05:53:37","id":"3","type":3,"name":"累计签到"}]}}
*************** response log end ***************

[2019-04-07T10:00:25.894] [INFO] info - 
*************** response log start ***************
request method: POST
request originalUrl:  /bonus/admin/datetype/getDateTypeList
request client ip:  ::1
request body: 
{"type":0}
response time: 8
response status: 200
response body: 
{"status":0,"code":0,"msg":"SUCCESS","data":{"list":[]}}
*************** response log end ***************

[2019-04-07T10:00:36.915] [INFO] info - 
*************** response log start ***************
request method: POST
request originalUrl:  /bonus/admin/checkintype/getCheckInTypeList
request client ip:  ::1
request body: 
{}
response time: 22
response status: 200
response body: 
{"status":0,"code":0,"msg":"SUCCESS","data":{"list":[{"createdAt":"2019-04-05 05:52:52","updatedAt":"2019-04-05 05:52:55","id":"1","type":1,"name":"每日签到"},{"createdAt":"2019-04-05 05:53:11","updatedAt":"2019-04-05 05:53:15","id":"2","type":2,"name":"连续签到"},{"createdAt":"2019-04-05 05:53:34","updatedAt":"2019-04-05 05:53:37","id":"3","type":3,"name":"累计签到"}]}}
*************** response log end ***************

[2019-04-07T10:00:36.920] [INFO] info - 
*************** response log start ***************
request method: POST
request originalUrl:  /bonus/admin/datetype/getDateTypeList
request client ip:  ::1
request body: 
{"type":0}
response time: 21
response status: 200
response body: 
{"status":0,"code":0,"msg":"SUCCESS","data":{"list":[]}}
*************** response log end ***************

[2019-04-07T10:16:01.079] [INFO] info - 
*************** response log start ***************
request method: POST
request originalUrl:  /bonus/admin/checkintype/getCheckInTypeList
request client ip:  ::1
request body: 
{}
response time: 18
response status: 200
response body: 
{"status":0,"code":0,"msg":"SUCCESS","data":{"list":[{"createdAt":"2019-04-05 05:52:52","updatedAt":"2019-04-05 05:52:55","id":"1","type":1,"name":"每日签到"},{"createdAt":"2019-04-05 05:53:11","updatedAt":"2019-04-05 05:53:15","id":"2","type":2,"name":"连续签到"},{"createdAt":"2019-04-05 05:53:34","updatedAt":"2019-04-05 05:53:37","id":"3","type":3,"name":"累计签到"}]}}
*************** response log end ***************

[2019-04-07T10:16:01.139] [INFO] info - 
*************** response log start ***************
request method: POST
request originalUrl:  /bonus/admin/datetype/getDateTypeList
request client ip:  ::1
request body: 
{"type":0}
response time: 8
response status: 200
response body: 
{"status":0,"code":0,"msg":"SUCCESS","data":{"list":[]}}
*************** response log end ***************

[2019-04-07T10:20:03.134] [INFO] info - 
*************** response log start ***************
request method: POST
request originalUrl:  /bonus/admin/checkintype/getCheckInTypeList
request client ip:  ::1
request body: 
{}
response time: 16
response status: 200
response body: 
{"status":0,"code":0,"msg":"SUCCESS","data":{"list":[{"createdAt":"2019-04-05 05:52:52","updatedAt":"2019-04-05 05:52:55","id":"1","type":1,"name":"每日签到"},{"createdAt":"2019-04-05 05:53:11","updatedAt":"2019-04-05 05:53:15","id":"2","type":2,"name":"连续签到"},{"createdAt":"2019-04-05 05:53:34","updatedAt":"2019-04-05 05:53:37","id":"3","type":3,"name":"累计签到"}]}}
*************** response log end ***************

[2019-04-07T10:20:03.195] [INFO] info - 
*************** response log start ***************
request method: POST
request originalUrl:  /bonus/admin/datetype/getDateTypeList
request client ip:  ::1
request body: 
{"type":0}
response time: 7
response status: 200
response body: 
{"status":0,"code":0,"msg":"SUCCESS","data":{"list":[]}}
*************** response log end ***************

[2019-04-07T10:20:52.998] [INFO] info - 
*************** response log start ***************
request method: POST
request originalUrl:  /bonus/admin/checkintype/getCheckInTypeList
request client ip:  ::1
request body: 
{}
response time: 28
response status: 200
response body: 
{"status":0,"code":0,"msg":"SUCCESS","data":{"list":[{"createdAt":"2019-04-05 05:52:52","updatedAt":"2019-04-05 05:52:55","id":"1","type":1,"name":"每日签到"},{"createdAt":"2019-04-05 05:53:11","updatedAt":"2019-04-05 05:53:15","id":"2","type":2,"name":"连续签到"},{"createdAt":"2019-04-05 05:53:34","updatedAt":"2019-04-05 05:53:37","id":"3","type":3,"name":"累计签到"}]}}
*************** response log end ***************

[2019-04-07T10:20:53.003] [INFO] info - 
*************** response log start ***************
request method: POST
request originalUrl:  /bonus/admin/datetype/getDateTypeList
request client ip:  ::1
request body: 
{"type":0}
response time: 26
response status: 200
response body: 
{"status":0,"code":0,"msg":"SUCCESS","data":{"list":[]}}
*************** response log end ***************

[2019-04-07T10:21:51.649] [INFO] info - 
*************** response log start ***************
request method: POST
request originalUrl:  /bonus/admin/checkintype/getCheckInTypeList
request client ip:  ::1
request body: 
{}
response time: 17
response status: 200
response body: 
{"status":0,"code":0,"msg":"SUCCESS","data":{"list":[{"createdAt":"2019-04-05 05:52:52","updatedAt":"2019-04-05 05:52:55","id":"1","type":1,"name":"每日签到"},{"createdAt":"2019-04-05 05:53:11","updatedAt":"2019-04-05 05:53:15","id":"2","type":2,"name":"连续签到"},{"createdAt":"2019-04-05 05:53:34","updatedAt":"2019-04-05 05:53:37","id":"3","type":3,"name":"累计签到"}]}}
*************** response log end ***************

[2019-04-07T10:21:51.680] [INFO] info - 
*************** response log start ***************
request method: POST
request originalUrl:  /bonus/admin/datetype/getDateTypeList
request client ip:  ::1
request body: 
{"type":0}
response time: 14
response status: 200
response body: 
{"status":0,"code":0,"msg":"SUCCESS","data":{"list":[]}}
*************** response log end ***************

[2019-04-07T10:23:22.388] [INFO] info - 
*************** response log start ***************
request method: POST
request originalUrl:  /bonus/admin/checkintype/getCheckInTypeList
request client ip:  ::1
request body: 
{}
response time: 18
response status: 200
response body: 
{"status":0,"code":0,"msg":"SUCCESS","data":{"list":[{"createdAt":"2019-04-05 05:52:52","updatedAt":"2019-04-05 05:52:55","id":"1","type":1,"name":"每日签到"},{"createdAt":"2019-04-05 05:53:11","updatedAt":"2019-04-05 05:53:15","id":"2","type":2,"name":"连续签到"},{"createdAt":"2019-04-05 05:53:34","updatedAt":"2019-04-05 05:53:37","id":"3","type":3,"name":"累计签到"}]}}
*************** response log end ***************

[2019-04-07T10:23:22.432] [INFO] info - 
*************** response log start ***************
request method: POST
request originalUrl:  /bonus/admin/datetype/getDateTypeList
request client ip:  ::1
request body: 
{"type":0}
response time: 11
response status: 200
response body: 
{"status":0,"code":0,"msg":"SUCCESS","data":{"list":[]}}
*************** response log end ***************

[2019-04-07T10:23:23.796] [INFO] info - 
*************** response log start ***************
request method: POST
request originalUrl:  /bonus/admin/checkintype/getCheckInTypeList
request client ip:  ::1
request body: 
{}
response time: 9
response status: 200
response body: 
{"status":0,"code":0,"msg":"SUCCESS","data":{"list":[{"createdAt":"2019-04-05 05:52:52","updatedAt":"2019-04-05 05:52:55","id":"1","type":1,"name":"每日签到"},{"createdAt":"2019-04-05 05:53:11","updatedAt":"2019-04-05 05:53:15","id":"2","type":2,"name":"连续签到"},{"createdAt":"2019-04-05 05:53:34","updatedAt":"2019-04-05 05:53:37","id":"3","type":3,"name":"累计签到"}]}}
*************** response log end ***************

[2019-04-07T10:23:23.829] [INFO] info - 
*************** response log start ***************
request method: POST
request originalUrl:  /bonus/admin/datetype/getDateTypeList
request client ip:  ::1
request body: 
{"type":0}
response time: 7
response status: 200
response body: 
{"status":0,"code":0,"msg":"SUCCESS","data":{"list":[]}}
*************** response log end ***************

[2019-04-07T10:23:26.967] [INFO] info - 
*************** response log start ***************
request method: POST
request originalUrl:  /bonus/admin/checkintype/getCheckInTypeList
request client ip:  ::1
request body: 
{}
response time: 9
response status: 200
response body: 
{"status":0,"code":0,"msg":"SUCCESS","data":{"list":[{"createdAt":"2019-04-05 05:52:52","updatedAt":"2019-04-05 05:52:55","id":"1","type":1,"name":"每日签到"},{"createdAt":"2019-04-05 05:53:11","updatedAt":"2019-04-05 05:53:15","id":"2","type":2,"name":"连续签到"},{"createdAt":"2019-04-05 05:53:34","updatedAt":"2019-04-05 05:53:37","id":"3","type":3,"name":"累计签到"}]}}
*************** response log end ***************

[2019-04-07T10:23:27.011] [INFO] info - 
*************** response log start ***************
request method: POST
request originalUrl:  /bonus/admin/datetype/getDateTypeList
request client ip:  ::1
request body: 
{"type":0}
response time: 9
response status: 200
response body: 
{"status":0,"code":0,"msg":"SUCCESS","data":{"list":[]}}
*************** response log end ***************

[2019-04-07T10:23:31.377] [INFO] info - 
*************** response log start ***************
request method: POST
request originalUrl:  /bonus/admin/checkintype/getCheckInTypeList
request client ip:  ::1
request body: 
{}
response time: 9
response status: 200
response body: 
{"status":0,"code":0,"msg":"SUCCESS","data":{"list":[{"createdAt":"2019-04-05 05:52:52","updatedAt":"2019-04-05 05:52:55","id":"1","type":1,"name":"每日签到"},{"createdAt":"2019-04-05 05:53:11","updatedAt":"2019-04-05 05:53:15","id":"2","type":2,"name":"连续签到"},{"createdAt":"2019-04-05 05:53:34","updatedAt":"2019-04-05 05:53:37","id":"3","type":3,"name":"累计签到"}]}}
*************** response log end ***************

[2019-04-07T10:23:31.390] [INFO] info - 
*************** response log start ***************
request method: POST
request originalUrl:  /bonus/admin/datetype/getDateTypeList
request client ip:  ::1
request body: 
{"type":0}
response time: 8
response status: 200
response body: 
{"status":0,"code":0,"msg":"SUCCESS","data":{"list":[]}}
*************** response log end ***************

[2019-04-07T10:23:39.869] [INFO] info - 
*************** response log start ***************
request method: POST
request originalUrl:  /bonus/admin/checkintype/getCheckInTypeList
request client ip:  ::1
request body: 
{}
response time: 8
response status: 200
response body: 
{"status":0,"code":0,"msg":"SUCCESS","data":{"list":[{"createdAt":"2019-04-05 05:52:52","updatedAt":"2019-04-05 05:52:55","id":"1","type":1,"name":"每日签到"},{"createdAt":"2019-04-05 05:53:11","updatedAt":"2019-04-05 05:53:15","id":"2","type":2,"name":"连续签到"},{"createdAt":"2019-04-05 05:53:34","updatedAt":"2019-04-05 05:53:37","id":"3","type":3,"name":"累计签到"}]}}
*************** response log end ***************

[2019-04-07T10:23:39.881] [INFO] info - 
*************** response log start ***************
request method: POST
request originalUrl:  /bonus/admin/datetype/getDateTypeList
request client ip:  ::1
request body: 
{"type":0}
response time: 8
response status: 200
response body: 
{"status":0,"code":0,"msg":"SUCCESS","data":{"list":[]}}
*************** response log end ***************

[2019-04-07T12:09:51.726] [INFO] info - 
*************** response log start ***************
request method: POST
request originalUrl:  /bonus/admin/checkintype/getCheckInTypeList
request client ip:  ::1
request body: 
{}
response time: 18
response status: 200
response body: 
{"status":0,"code":0,"msg":"SUCCESS","data":{"list":[{"createdAt":"2019-04-05 05:52:52","updatedAt":"2019-04-05 05:52:55","id":"1","type":1,"name":"每日签到"},{"createdAt":"2019-04-05 05:53:11","updatedAt":"2019-04-05 05:53:15","id":"2","type":2,"name":"连续签到"},{"createdAt":"2019-04-05 05:53:34","updatedAt":"2019-04-05 05:53:37","id":"3","type":3,"name":"累计签到"}]}}
*************** response log end ***************

[2019-04-07T12:09:51.823] [INFO] info - 
*************** response log start ***************
request method: POST
request originalUrl:  /bonus/admin/datetype/getDateTypeList
request client ip:  ::1
request body: 
{"type":0}
response time: 6
response status: 200
response body: 
{"status":0,"code":0,"msg":"SUCCESS","data":{"list":[]}}
*************** response log end ***************

[2019-04-07T12:10:02.455] [INFO] info - 
*************** response log start ***************
request method: POST
request originalUrl:  /bonus/admin/checkintype/getCheckInTypeList
request client ip:  ::1
request body: 
{}
response time: 7
response status: 200
response body: 
{"status":0,"code":0,"msg":"SUCCESS","data":{"list":[{"createdAt":"2019-04-05 05:52:52","updatedAt":"2019-04-05 05:52:55","id":"1","type":1,"name":"每日签到"},{"createdAt":"2019-04-05 05:53:11","updatedAt":"2019-04-05 05:53:15","id":"2","type":2,"name":"连续签到"},{"createdAt":"2019-04-05 05:53:34","updatedAt":"2019-04-05 05:53:37","id":"3","type":3,"name":"累计签到"}]}}
*************** response log end ***************

[2019-04-07T12:10:02.528] [INFO] info - 
*************** response log start ***************
request method: POST
request originalUrl:  /bonus/admin/datetype/getDateTypeList
request client ip:  ::1
request body: 
{"type":0}
response time: 8
response status: 200
response body: 
{"status":0,"code":0,"msg":"SUCCESS","data":{"list":[]}}
*************** response log end ***************

[2019-04-07T12:10:34.988] [INFO] info - 
*************** response log start ***************
request method: POST
request originalUrl:  /bonus/admin/signon/getSignonList
request client ip:  ::1
request body: 
{"page":1,"pageSize":10}
response time: 20
response status: 200
response body: 
{"status":0,"code":0,"msg":"SUCCESS","data":{"list":[{"cycle_text":{"type":1,"name":"日","number":0},"extra_text":{},"rule":{},"start_at":"2019-04-26","end_at":"2019-05-31","createdAt":"2019-04-07 09:44:07","updatedAt":"2019-04-07 09:44:07","id":"12","name":"每日签到-领奖","rule_desc":"每日签到-领奖","checkintype_id":"1","checkin_type":{"name":"每日签到","type":1}},{"cycle_text":{"type":4,"name":"年","number":0},"extra_text":{},"rule":{},"start_at":"2019-04-25","end_at":"2019-05-31","createdAt":"2019-04-05 17:47:11","updatedAt":"2019-04-05 17:47:11","id":"10","name":"测试3","rule_desc":"测试3","checkintype_id":"3","checkin_type":{"name":"累计签到","type":3}}],"count":2}}
*************** response log end ***************

[2019-04-07T12:10:58.927] [INFO] info - 
*************** response log start ***************
request method: POST
request originalUrl:  /bonus/admin/signon/getSignonList
request client ip:  ::1
request body: 
{"page":1,"pageSize":10}
response time: 19
response status: 200
response body: 
{"status":0,"code":0,"msg":"SUCCESS","data":{"list":[{"cycle_text":{"type":1,"name":"日","number":0},"extra_text":{},"rule":{},"start_at":"2019-04-26","end_at":"2019-05-31","createdAt":"2019-04-07 09:44:07","updatedAt":"2019-04-07 09:44:07","id":"12","name":"每日签到-领奖","rule_desc":"每日签到-领奖","checkintype_id":"1","checkin_type":{"name":"每日签到","type":1}},{"cycle_text":{"type":4,"name":"年","number":0},"extra_text":{},"rule":{},"start_at":"2019-04-25","end_at":"2019-05-31","createdAt":"2019-04-05 17:47:11","updatedAt":"2019-04-05 17:47:11","id":"10","name":"测试3","rule_desc":"测试3","checkintype_id":"3","checkin_type":{"name":"累计签到","type":3}}],"count":2}}
*************** response log end ***************

[2019-04-07T12:11:11.210] [INFO] info - 
*************** response log start ***************
request method: POST
request originalUrl:  /bonus/admin/signon/getSignonList
request client ip:  ::1
request body: 
{"page":1,"pageSize":10}
response time: 20
response status: 200
response body: 
{"status":0,"code":0,"msg":"SUCCESS","data":{"list":[{"cycle_text":{"type":1,"name":"日","number":0},"extra_text":{},"rule":{},"start_at":"2019-04-26","end_at":"2019-05-31","createdAt":"2019-04-07 09:44:07","updatedAt":"2019-04-07 09:44:07","id":"12","name":"每日签到-领奖","rule_desc":"每日签到-领奖","checkintype_id":"1","checkin_type":{"name":"每日签到","type":1}},{"cycle_text":{"type":4,"name":"年","number":0},"extra_text":{},"rule":{},"start_at":"2019-04-25","end_at":"2019-05-31","createdAt":"2019-04-05 17:47:11","updatedAt":"2019-04-05 17:47:11","id":"10","name":"测试3","rule_desc":"测试3","checkintype_id":"3","checkin_type":{"name":"累计签到","type":3}}],"count":2}}
*************** response log end ***************

[2019-04-07T12:11:13.335] [INFO] info - 
*************** response log start ***************
request method: POST
request originalUrl:  /bonus/admin/signon/getSignonList
request client ip:  ::1
request body: 
{"page":1,"pageSize":10}
response time: 35
response status: 200
response body: 
{"status":0,"code":0,"msg":"SUCCESS","data":{"list":[{"cycle_text":{"type":1,"name":"日","number":0},"extra_text":{},"rule":{},"start_at":"2019-04-26","end_at":"2019-05-31","createdAt":"2019-04-07 09:44:07","updatedAt":"2019-04-07 09:44:07","id":"12","name":"每日签到-领奖","rule_desc":"每日签到-领奖","checkintype_id":"1","checkin_type":{"name":"每日签到","type":1}},{"cycle_text":{"type":4,"name":"年","number":0},"extra_text":{},"rule":{},"start_at":"2019-04-25","end_at":"2019-05-31","createdAt":"2019-04-05 17:47:11","updatedAt":"2019-04-05 17:47:11","id":"10","name":"测试3","rule_desc":"测试3","checkintype_id":"3","checkin_type":{"name":"累计签到","type":3}}],"count":2}}
*************** response log end ***************

[2019-04-07T12:11:26.668] [INFO] info - 
*************** response log start ***************
request method: POST
request originalUrl:  /bonus/admin/signon/getSignonList
request client ip:  ::1
request body: 
{"page":1,"pageSize":10}
response time: 31
response status: 200
response body: 
{"status":0,"code":0,"msg":"SUCCESS","data":{"list":[{"cycle_text":{"type":1,"name":"日","number":0},"extra_text":{},"rule":{},"start_at":"2019-04-26","end_at":"2019-05-31","createdAt":"2019-04-07 09:44:07","updatedAt":"2019-04-07 09:44:07","id":"12","name":"每日签到-领奖","rule_desc":"每日签到-领奖","checkintype_id":"1","checkin_type":{"name":"每日签到","type":1}},{"cycle_text":{"type":4,"name":"年","number":0},"extra_text":{},"rule":{},"start_at":"2019-04-25","end_at":"2019-05-31","createdAt":"2019-04-05 17:47:11","updatedAt":"2019-04-05 17:47:11","id":"10","name":"测试3","rule_desc":"测试3","checkintype_id":"3","checkin_type":{"name":"累计签到","type":3}}],"count":2}}
*************** response log end ***************

[2019-04-07T12:45:28.911] [INFO] info - 
*************** response log start ***************
request method: POST
request originalUrl:  /bonus/admin/checkintype/getCheckInTypeList
request client ip:  ::1
request body: 
{}
response time: 22
response status: 200
response body: 
{"status":0,"code":0,"msg":"SUCCESS","data":{"list":[{"createdAt":"2019-04-05 05:52:52","updatedAt":"2019-04-05 05:52:55","id":"1","type":1,"name":"每日签到"},{"createdAt":"2019-04-05 05:53:11","updatedAt":"2019-04-05 05:53:15","id":"2","type":2,"name":"连续签到"},{"createdAt":"2019-04-05 05:53:34","updatedAt":"2019-04-05 05:53:37","id":"3","type":3,"name":"累计签到"}]}}
*************** response log end ***************

[2019-04-07T12:45:28.916] [INFO] info - 
*************** response log start ***************
request method: POST
request originalUrl:  /bonus/admin/datetype/getDateTypeList
request client ip:  ::1
request body: 
{"type":0}
response time: 16
response status: 200
response body: 
{"status":0,"code":0,"msg":"SUCCESS","data":{"list":[]}}
*************** response log end ***************

[2019-04-07T14:11:22.944] [INFO] info - 
*************** response log start ***************
request method: POST
request originalUrl:  /bonus/admin/checkintype/getCheckInTypeList
request client ip:  ::1
request body: 
{}
response time: 24
response status: 200
response body: 
{"status":0,"code":0,"msg":"SUCCESS","data":{"list":[{"createdAt":"2019-04-05 05:52:52","updatedAt":"2019-04-05 05:52:55","id":"1","type":1,"name":"每日签到"},{"createdAt":"2019-04-05 05:53:11","updatedAt":"2019-04-05 05:53:15","id":"2","type":2,"name":"连续签到"},{"createdAt":"2019-04-05 05:53:34","updatedAt":"2019-04-05 05:53:37","id":"3","type":3,"name":"累计签到"}]}}
*************** response log end ***************

[2019-04-07T14:11:22.949] [INFO] info - 
*************** response log start ***************
request method: POST
request originalUrl:  /bonus/admin/datetype/getDateTypeList
request client ip:  ::1
request body: 
{"type":0}
response time: 23
response status: 200
response body: 
{"status":0,"code":0,"msg":"SUCCESS","data":{"list":[]}}
*************** response log end ***************

[2019-04-07T14:12:23.801] [INFO] info - 
*************** response log start ***************
request method: POST
request originalUrl:  /bonus/admin/checkintype/getCheckInTypeList
request client ip:  ::1
request body: 
{}
response time: 17
response status: 200
response body: 
{"status":0,"code":0,"msg":"SUCCESS","data":{"list":[{"createdAt":"2019-04-05 05:52:52","updatedAt":"2019-04-05 05:52:55","id":"1","type":1,"name":"每日签到"},{"createdAt":"2019-04-05 05:53:11","updatedAt":"2019-04-05 05:53:15","id":"2","type":2,"name":"连续签到"},{"createdAt":"2019-04-05 05:53:34","updatedAt":"2019-04-05 05:53:37","id":"3","type":3,"name":"累计签到"}]}}
*************** response log end ***************

[2019-04-07T14:12:23.815] [INFO] info - 
*************** response log start ***************
request method: POST
request originalUrl:  /bonus/admin/datetype/getDateTypeList
request client ip:  ::1
request body: 
{"type":0}
response time: 6
response status: 200
response body: 
{"status":0,"code":0,"msg":"SUCCESS","data":{"list":[]}}
*************** response log end ***************

[2019-04-07T14:12:30.848] [INFO] info - 
*************** response log start ***************
request method: POST
request originalUrl:  /bonus/admin/checkintype/getCheckInTypeList
request client ip:  ::1
request body: 
{}
response time: 7
response status: 200
response body: 
{"status":0,"code":0,"msg":"SUCCESS","data":{"list":[{"createdAt":"2019-04-05 05:52:52","updatedAt":"2019-04-05 05:52:55","id":"1","type":1,"name":"每日签到"},{"createdAt":"2019-04-05 05:53:11","updatedAt":"2019-04-05 05:53:15","id":"2","type":2,"name":"连续签到"},{"createdAt":"2019-04-05 05:53:34","updatedAt":"2019-04-05 05:53:37","id":"3","type":3,"name":"累计签到"}]}}
*************** response log end ***************

[2019-04-07T14:12:30.863] [INFO] info - 
*************** response log start ***************
request method: POST
request originalUrl:  /bonus/admin/datetype/getDateTypeList
request client ip:  ::1
request body: 
{"type":0}
response time: 6
response status: 200
response body: 
{"status":0,"code":0,"msg":"SUCCESS","data":{"list":[]}}
*************** response log end ***************

[2019-04-07T14:12:35.367] [INFO] info - 
*************** response log start ***************
request method: POST
request originalUrl:  /bonus/admin/checkintype/getCheckInTypeList
request client ip:  ::1
request body: 
{}
response time: 8
response status: 200
response body: 
{"status":0,"code":0,"msg":"SUCCESS","data":{"list":[{"createdAt":"2019-04-05 05:52:52","updatedAt":"2019-04-05 05:52:55","id":"1","type":1,"name":"每日签到"},{"createdAt":"2019-04-05 05:53:11","updatedAt":"2019-04-05 05:53:15","id":"2","type":2,"name":"连续签到"},{"createdAt":"2019-04-05 05:53:34","updatedAt":"2019-04-05 05:53:37","id":"3","type":3,"name":"累计签到"}]}}
*************** response log end ***************

[2019-04-07T14:12:35.814] [INFO] info - 
*************** response log start ***************
request method: POST
request originalUrl:  /bonus/admin/datetype/getDateTypeList
request client ip:  ::1
request body: 
{"type":0}
response time: 5
response status: 200
response body: 
{"status":0,"code":0,"msg":"SUCCESS","data":{"list":[]}}
*************** response log end ***************

[2019-04-07T14:12:37.290] [INFO] info - 
*************** response log start ***************
request method: POST
request originalUrl:  /bonus/admin/checkintype/getCheckInTypeList
request client ip:  ::1
request body: 
{}
response time: 5
response status: 200
response body: 
{"status":0,"code":0,"msg":"SUCCESS","data":{"list":[{"createdAt":"2019-04-05 05:52:52","updatedAt":"2019-04-05 05:52:55","id":"1","type":1,"name":"每日签到"},{"createdAt":"2019-04-05 05:53:11","updatedAt":"2019-04-05 05:53:15","id":"2","type":2,"name":"连续签到"},{"createdAt":"2019-04-05 05:53:34","updatedAt":"2019-04-05 05:53:37","id":"3","type":3,"name":"累计签到"}]}}
*************** response log end ***************

[2019-04-07T14:12:37.318] [INFO] info - 
*************** response log start ***************
request method: POST
request originalUrl:  /bonus/admin/datetype/getDateTypeList
request client ip:  ::1
request body: 
{"type":0}
response time: 7
response status: 200
response body: 
{"status":0,"code":0,"msg":"SUCCESS","data":{"list":[]}}
*************** response log end ***************

[2019-04-07T14:12:39.705] [INFO] info - 
*************** response log start ***************
request method: POST
request originalUrl:  /bonus/admin/checkintype/getCheckInTypeList
request client ip:  ::1
request body: 
{}
response time: 5
response status: 200
response body: 
{"status":0,"code":0,"msg":"SUCCESS","data":{"list":[{"createdAt":"2019-04-05 05:52:52","updatedAt":"2019-04-05 05:52:55","id":"1","type":1,"name":"每日签到"},{"createdAt":"2019-04-05 05:53:11","updatedAt":"2019-04-05 05:53:15","id":"2","type":2,"name":"连续签到"},{"createdAt":"2019-04-05 05:53:34","updatedAt":"2019-04-05 05:53:37","id":"3","type":3,"name":"累计签到"}]}}
*************** response log end ***************

[2019-04-07T14:12:39.725] [INFO] info - 
*************** response log start ***************
request method: POST
request originalUrl:  /bonus/admin/datetype/getDateTypeList
request client ip:  ::1
request body: 
{"type":0}
response time: 6
response status: 200
response body: 
{"status":0,"code":0,"msg":"SUCCESS","data":{"list":[]}}
*************** response log end ***************

[2019-04-07T14:12:44.064] [INFO] info - 
*************** response log start ***************
request method: POST
request originalUrl:  /bonus/admin/checkintype/getCheckInTypeList
request client ip:  ::1
request body: 
{}
response time: 6
response status: 200
response body: 
{"status":0,"code":0,"msg":"SUCCESS","data":{"list":[{"createdAt":"2019-04-05 05:52:52","updatedAt":"2019-04-05 05:52:55","id":"1","type":1,"name":"每日签到"},{"createdAt":"2019-04-05 05:53:11","updatedAt":"2019-04-05 05:53:15","id":"2","type":2,"name":"连续签到"},{"createdAt":"2019-04-05 05:53:34","updatedAt":"2019-04-05 05:53:37","id":"3","type":3,"name":"累计签到"}]}}
*************** response log end ***************

[2019-04-07T14:12:44.151] [INFO] info - 
*************** response log start ***************
request method: POST
request originalUrl:  /bonus/admin/datetype/getDateTypeList
request client ip:  ::1
request body: 
{"type":0}
response time: 7
response status: 200
response body: 
{"status":0,"code":0,"msg":"SUCCESS","data":{"list":[]}}
*************** response log end ***************

[2019-04-07T14:19:32.900] [INFO] info - 
*************** response log start ***************
request method: POST
request originalUrl:  /bonus/admin/checkintype/getCheckInTypeList
request client ip:  ::1
request body: 
{}
response time: 29
response status: 200
response body: 
{"status":0,"code":0,"msg":"SUCCESS","data":{"list":[{"createdAt":"2019-04-05 05:52:52","updatedAt":"2019-04-05 05:52:55","id":"1","type":1,"name":"每日签到"},{"createdAt":"2019-04-05 05:53:11","updatedAt":"2019-04-05 05:53:15","id":"2","type":2,"name":"连续签到"},{"createdAt":"2019-04-05 05:53:34","updatedAt":"2019-04-05 05:53:37","id":"3","type":3,"name":"累计签到"}]}}
*************** response log end ***************

[2019-04-07T14:19:32.907] [INFO] info - 
*************** response log start ***************
request method: POST
request originalUrl:  /bonus/admin/datetype/getDateTypeList
request client ip:  ::1
request body: 
{"type":0}
response time: 28
response status: 200
response body: 
{"status":0,"code":0,"msg":"SUCCESS","data":{"list":[]}}
*************** response log end ***************

[2019-04-07T14:19:36.343] [INFO] info - 
*************** response log start ***************
request method: POST
request originalUrl:  /bonus/admin/checkintype/getCheckInTypeList
request client ip:  ::1
request body: 
{}
response time: 7
response status: 200
response body: 
{"status":0,"code":0,"msg":"SUCCESS","data":{"list":[{"createdAt":"2019-04-05 05:52:52","updatedAt":"2019-04-05 05:52:55","id":"1","type":1,"name":"每日签到"},{"createdAt":"2019-04-05 05:53:11","updatedAt":"2019-04-05 05:53:15","id":"2","type":2,"name":"连续签到"},{"createdAt":"2019-04-05 05:53:34","updatedAt":"2019-04-05 05:53:37","id":"3","type":3,"name":"累计签到"}]}}
*************** response log end ***************

[2019-04-07T14:19:36.353] [INFO] info - 
*************** response log start ***************
request method: POST
request originalUrl:  /bonus/admin/datetype/getDateTypeList
request client ip:  ::1
request body: 
{"type":0}
response time: 7
response status: 200
response body: 
{"status":0,"code":0,"msg":"SUCCESS","data":{"list":[]}}
*************** response log end ***************

[2019-04-07T14:19:39.785] [INFO] info - 
*************** response log start ***************
request method: POST
request originalUrl:  /bonus/admin/checkintype/getCheckInTypeList
request client ip:  ::1
request body: 
{}
response time: 7
response status: 200
response body: 
{"status":0,"code":0,"msg":"SUCCESS","data":{"list":[{"createdAt":"2019-04-05 05:52:52","updatedAt":"2019-04-05 05:52:55","id":"1","type":1,"name":"每日签到"},{"createdAt":"2019-04-05 05:53:11","updatedAt":"2019-04-05 05:53:15","id":"2","type":2,"name":"连续签到"},{"createdAt":"2019-04-05 05:53:34","updatedAt":"2019-04-05 05:53:37","id":"3","type":3,"name":"累计签到"}]}}
*************** response log end ***************

[2019-04-07T14:19:39.799] [INFO] info - 
*************** response log start ***************
request method: POST
request originalUrl:  /bonus/admin/datetype/getDateTypeList
request client ip:  ::1
request body: 
{"type":0}
response time: 8
response status: 200
response body: 
{"status":0,"code":0,"msg":"SUCCESS","data":{"list":[]}}
*************** response log end ***************

[2019-04-07T14:19:43.237] [INFO] info - 
*************** response log start ***************
request method: POST
request originalUrl:  /bonus/admin/checkintype/getCheckInTypeList
request client ip:  ::1
request body: 
{}
response time: 8
response status: 200
response body: 
{"status":0,"code":0,"msg":"SUCCESS","data":{"list":[{"createdAt":"2019-04-05 05:52:52","updatedAt":"2019-04-05 05:52:55","id":"1","type":1,"name":"每日签到"},{"createdAt":"2019-04-05 05:53:11","updatedAt":"2019-04-05 05:53:15","id":"2","type":2,"name":"连续签到"},{"createdAt":"2019-04-05 05:53:34","updatedAt":"2019-04-05 05:53:37","id":"3","type":3,"name":"累计签到"}]}}
*************** response log end ***************

[2019-04-07T14:19:43.336] [INFO] info - 
*************** response log start ***************
request method: POST
request originalUrl:  /bonus/admin/datetype/getDateTypeList
request client ip:  ::1
request body: 
{"type":0}
response time: 7
response status: 200
response body: 
{"status":0,"code":0,"msg":"SUCCESS","data":{"list":[]}}
*************** response log end ***************

[2019-04-07T14:20:41.678] [INFO] info - 
*************** response log start ***************
request method: POST
request originalUrl:  /bonus/admin/checkintype/getCheckInTypeList
request client ip:  ::1
request body: 
{}
response time: 20
response status: 200
response body: 
{"status":0,"code":0,"msg":"SUCCESS","data":{"list":[{"createdAt":"2019-04-05 05:52:52","updatedAt":"2019-04-05 05:52:55","id":"1","type":1,"name":"每日签到"},{"createdAt":"2019-04-05 05:53:11","updatedAt":"2019-04-05 05:53:15","id":"2","type":2,"name":"连续签到"},{"createdAt":"2019-04-05 05:53:34","updatedAt":"2019-04-05 05:53:37","id":"3","type":3,"name":"累计签到"}]}}
*************** response log end ***************

[2019-04-07T14:20:41.683] [INFO] info - 
*************** response log start ***************
request method: POST
request originalUrl:  /bonus/admin/datetype/getDateTypeList
request client ip:  ::1
request body: 
{"type":0}
response time: 21
response status: 200
response body: 
{"status":0,"code":0,"msg":"SUCCESS","data":{"list":[]}}
*************** response log end ***************

[2019-04-07T14:21:02.047] [INFO] info - 
*************** response log start ***************
request method: POST
request originalUrl:  /bonus/admin/checkintype/getCheckInTypeList
request client ip:  ::1
request body: 
{}
response time: 13
response status: 200
response body: 
{"status":0,"code":0,"msg":"SUCCESS","data":{"list":[{"createdAt":"2019-04-05 05:52:52","updatedAt":"2019-04-05 05:52:55","id":"1","type":1,"name":"每日签到"},{"createdAt":"2019-04-05 05:53:11","updatedAt":"2019-04-05 05:53:15","id":"2","type":2,"name":"连续签到"},{"createdAt":"2019-04-05 05:53:34","updatedAt":"2019-04-05 05:53:37","id":"3","type":3,"name":"累计签到"}]}}
*************** response log end ***************

[2019-04-07T14:21:02.188] [INFO] info - 
*************** response log start ***************
request method: POST
request originalUrl:  /bonus/admin/datetype/getDateTypeList
request client ip:  ::1
request body: 
{"type":0}
response time: 6
response status: 200
response body: 
{"status":0,"code":0,"msg":"SUCCESS","data":{"list":[]}}
*************** response log end ***************

[2019-04-07T14:21:25.151] [INFO] info - 
*************** response log start ***************
request method: POST
request originalUrl:  /bonus/admin/checkintype/getCheckInTypeList
request client ip:  ::1
request body: 
{}
response time: 20
response status: 200
response body: 
{"status":0,"code":0,"msg":"SUCCESS","data":{"list":[{"createdAt":"2019-04-05 05:52:52","updatedAt":"2019-04-05 05:52:55","id":"1","type":1,"name":"每日签到"},{"createdAt":"2019-04-05 05:53:11","updatedAt":"2019-04-05 05:53:15","id":"2","type":2,"name":"连续签到"},{"createdAt":"2019-04-05 05:53:34","updatedAt":"2019-04-05 05:53:37","id":"3","type":3,"name":"累计签到"}]}}
*************** response log end ***************

[2019-04-07T14:21:25.202] [INFO] info - 
*************** response log start ***************
request method: POST
request originalUrl:  /bonus/admin/datetype/getDateTypeList
request client ip:  ::1
request body: 
{"type":0}
response time: 8
response status: 200
response body: 
{"status":0,"code":0,"msg":"SUCCESS","data":{"list":[]}}
*************** response log end ***************

[2019-04-07T14:21:27.086] [INFO] info - 
*************** response log start ***************
request method: POST
request originalUrl:  /bonus/admin/checkintype/getCheckInTypeList
request client ip:  ::1
request body: 
{}
response time: 7
response status: 200
response body: 
{"status":0,"code":0,"msg":"SUCCESS","data":{"list":[{"createdAt":"2019-04-05 05:52:52","updatedAt":"2019-04-05 05:52:55","id":"1","type":1,"name":"每日签到"},{"createdAt":"2019-04-05 05:53:11","updatedAt":"2019-04-05 05:53:15","id":"2","type":2,"name":"连续签到"},{"createdAt":"2019-04-05 05:53:34","updatedAt":"2019-04-05 05:53:37","id":"3","type":3,"name":"累计签到"}]}}
*************** response log end ***************

[2019-04-07T14:21:27.127] [INFO] info - 
*************** response log start ***************
request method: POST
request originalUrl:  /bonus/admin/datetype/getDateTypeList
request client ip:  ::1
request body: 
{"type":0}
response time: 7
response status: 200
response body: 
{"status":0,"code":0,"msg":"SUCCESS","data":{"list":[]}}
*************** response log end ***************

[2019-04-07T14:21:32.251] [INFO] info - 
*************** response log start ***************
request method: POST
request originalUrl:  /bonus/admin/checkintype/getCheckInTypeList
request client ip:  ::1
request body: 
{}
response time: 8
response status: 200
response body: 
{"status":0,"code":0,"msg":"SUCCESS","data":{"list":[{"createdAt":"2019-04-05 05:52:52","updatedAt":"2019-04-05 05:52:55","id":"1","type":1,"name":"每日签到"},{"createdAt":"2019-04-05 05:53:11","updatedAt":"2019-04-05 05:53:15","id":"2","type":2,"name":"连续签到"},{"createdAt":"2019-04-05 05:53:34","updatedAt":"2019-04-05 05:53:37","id":"3","type":3,"name":"累计签到"}]}}
*************** response log end ***************

[2019-04-07T14:21:32.334] [INFO] info - 
*************** response log start ***************
request method: POST
request originalUrl:  /bonus/admin/datetype/getDateTypeList
request client ip:  ::1
request body: 
{"type":0}
response time: 7
response status: 200
response body: 
{"status":0,"code":0,"msg":"SUCCESS","data":{"list":[]}}
*************** response log end ***************

[2019-04-07T14:21:42.310] [INFO] info - 
*************** response log start ***************
request method: POST
request originalUrl:  /bonus/admin/datetype/getDateTypeList
request client ip:  ::1
request body: 
{"type":3}
response time: 36
response status: 200
response body: 
{"status":0,"code":0,"msg":"SUCCESS","data":{"list":[{"createdAt":"2019-04-05 05:54:36","updatedAt":"2019-04-05 05:54:33","id":"2","type":2,"name":"周"},{"createdAt":"2019-04-05 05:54:40","updatedAt":"2019-04-05 05:54:33","id":"3","type":3,"name":"月"},{"createdAt":"2019-04-05 05:54:43","updatedAt":"2019-04-05 05:54:33","id":"4","type":4,"name":"年"},{"createdAt":"2019-04-05 05:54:46","updatedAt":"2019-04-05 05:54:33","id":"5","type":5,"name":"自定义"}]}}
*************** response log end ***************

[2019-04-07T14:21:49.959] [INFO] info - 
*************** response log start ***************
request method: POST
request originalUrl:  /bonus/admin/datetype/getDateTypeList
request client ip:  ::1
request body: 
{"type":1}
response time: 7
response status: 200
response body: 
{"status":0,"code":0,"msg":"SUCCESS","data":{"list":[{"createdAt":"2019-04-05 05:54:33","updatedAt":"2019-04-05 05:55:17","id":"1","type":1,"name":"日"}]}}
*************** response log end ***************

[2019-04-07T14:22:18.821] [INFO] info - 
*************** response log start ***************
request method: POST
request originalUrl:  /bonus/admin/checkintype/getCheckInTypeList
request client ip:  ::1
request body: 
{}
response time: 31
response status: 200
response body: 
{"status":0,"code":0,"msg":"SUCCESS","data":{"list":[{"createdAt":"2019-04-05 05:52:52","updatedAt":"2019-04-05 05:52:55","id":"1","type":1,"name":"每日签到"},{"createdAt":"2019-04-05 05:53:11","updatedAt":"2019-04-05 05:53:15","id":"2","type":2,"name":"连续签到"},{"createdAt":"2019-04-05 05:53:34","updatedAt":"2019-04-05 05:53:37","id":"3","type":3,"name":"累计签到"}]}}
*************** response log end ***************

[2019-04-07T14:22:18.830] [INFO] info - 
*************** response log start ***************
request method: POST
request originalUrl:  /bonus/admin/datetype/getDateTypeList
request client ip:  ::1
request body: 
{"type":0}
response time: 30
response status: 200
response body: 
{"status":0,"code":0,"msg":"SUCCESS","data":{"list":[]}}
*************** response log end ***************

[2019-04-07T14:22:31.795] [INFO] info - 
*************** response log start ***************
request method: POST
request originalUrl:  /bonus/admin/checkintype/getCheckInTypeList
request client ip:  ::1
request body: 
{}
response time: 15
response status: 200
response body: 
{"status":0,"code":0,"msg":"SUCCESS","data":{"list":[{"createdAt":"2019-04-05 05:52:52","updatedAt":"2019-04-05 05:52:55","id":"1","type":1,"name":"每日签到"},{"createdAt":"2019-04-05 05:53:11","updatedAt":"2019-04-05 05:53:15","id":"2","type":2,"name":"连续签到"},{"createdAt":"2019-04-05 05:53:34","updatedAt":"2019-04-05 05:53:37","id":"3","type":3,"name":"累计签到"}]}}
*************** response log end ***************

[2019-04-07T14:22:31.861] [INFO] info - 
*************** response log start ***************
request method: POST
request originalUrl:  /bonus/admin/datetype/getDateTypeList
request client ip:  ::1
request body: 
{"type":0}
response time: 7
response status: 200
response body: 
{"status":0,"code":0,"msg":"SUCCESS","data":{"list":[]}}
*************** response log end ***************

[2019-04-07T14:22:36.967] [INFO] info - 
*************** response log start ***************
request method: POST
request originalUrl:  /bonus/admin/checkintype/getCheckInTypeList
request client ip:  ::1
request body: 
{}
response time: 7
response status: 200
response body: 
{"status":0,"code":0,"msg":"SUCCESS","data":{"list":[{"createdAt":"2019-04-05 05:52:52","updatedAt":"2019-04-05 05:52:55","id":"1","type":1,"name":"每日签到"},{"createdAt":"2019-04-05 05:53:11","updatedAt":"2019-04-05 05:53:15","id":"2","type":2,"name":"连续签到"},{"createdAt":"2019-04-05 05:53:34","updatedAt":"2019-04-05 05:53:37","id":"3","type":3,"name":"累计签到"}]}}
*************** response log end ***************

[2019-04-07T14:22:37.047] [INFO] info - 
*************** response log start ***************
request method: POST
request originalUrl:  /bonus/admin/datetype/getDateTypeList
request client ip:  ::1
request body: 
{"type":0}
response time: 12
response status: 200
response body: 
{"status":0,"code":0,"msg":"SUCCESS","data":{"list":[]}}
*************** response log end ***************

[2019-04-07T14:22:42.400] [INFO] info - 
*************** response log start ***************
request method: POST
request originalUrl:  /bonus/admin/datetype/getDateTypeList
request client ip:  ::1
request body: 
{"type":3}
response time: 9
response status: 200
response body: 
{"status":0,"code":0,"msg":"SUCCESS","data":{"list":[{"createdAt":"2019-04-05 05:54:36","updatedAt":"2019-04-05 05:54:33","id":"2","type":2,"name":"周"},{"createdAt":"2019-04-05 05:54:40","updatedAt":"2019-04-05 05:54:33","id":"3","type":3,"name":"月"},{"createdAt":"2019-04-05 05:54:43","updatedAt":"2019-04-05 05:54:33","id":"4","type":4,"name":"年"},{"createdAt":"2019-04-05 05:54:46","updatedAt":"2019-04-05 05:54:33","id":"5","type":5,"name":"自定义"}]}}
*************** response log end ***************

[2019-04-07T14:27:06.735] [INFO] info - 
*************** response log start ***************
request method: POST
request originalUrl:  /bonus/admin/signon/getSignonList
request client ip:  ::1
request body: 
{"page":1,"pageSize":10}
response time: 36
response status: 200
response body: 
{"status":0,"code":0,"msg":"SUCCESS","data":{"list":[{"cycle_text":{"type":1,"name":"日","number":0},"extra_text":{},"rule":{},"start_at":"2019-04-26","end_at":"2019-05-31","createdAt":"2019-04-07 09:44:07","updatedAt":"2019-04-07 09:44:07","id":"12","name":"每日签到-领奖","rule_desc":"每日签到-领奖","checkintype_id":"1","checkin_type":{"name":"每日签到","type":1}},{"cycle_text":{"type":4,"name":"年","number":0},"extra_text":{},"rule":{},"start_at":"2019-04-25","end_at":"2019-05-31","createdAt":"2019-04-05 17:47:11","updatedAt":"2019-04-05 17:47:11","id":"10","name":"测试3","rule_desc":"测试3","checkintype_id":"3","checkin_type":{"name":"累计签到","type":3}}],"count":2}}
*************** response log end ***************

[2019-04-07T14:27:10.498] [INFO] info - 
*************** response log start ***************
request method: POST
request originalUrl:  /bonus/admin/checkintype/getCheckInTypeList
request client ip:  ::1
request body: 
{}
response time: 12
response status: 200
response body: 
{"status":0,"code":0,"msg":"SUCCESS","data":{"list":[{"createdAt":"2019-04-05 05:52:52","updatedAt":"2019-04-05 05:52:55","id":"1","type":1,"name":"每日签到"},{"createdAt":"2019-04-05 05:53:11","updatedAt":"2019-04-05 05:53:15","id":"2","type":2,"name":"连续签到"},{"createdAt":"2019-04-05 05:53:34","updatedAt":"2019-04-05 05:53:37","id":"3","type":3,"name":"累计签到"}]}}
*************** response log end ***************

[2019-04-07T14:27:10.502] [INFO] info - 
*************** response log start ***************
request method: POST
request originalUrl:  /bonus/admin/datetype/getDateTypeList
request client ip:  ::1
request body: 
{"type":0}
response time: 14
response status: 200
response body: 
{"status":0,"code":0,"msg":"SUCCESS","data":{"list":[]}}
*************** response log end ***************

[2019-04-07T14:27:30.117] [INFO] info - 
*************** response log start ***************
request method: POST
request originalUrl:  /bonus/admin/scene/getSceneList
request client ip:  ::1
request body: 
{}
response time: 20
response status: 200
response body: 
{"status":0,"code":0,"msg":"SUCCESS","data":{"list":[{"createdAt":"2019-04-04 21:51:33","updatedAt":"2019-04-04 21:51:33","id":"1","name":"测试","desc":"测试"}]}}
*************** response log end ***************

[2019-04-07T14:27:30.183] [INFO] info - 
*************** response log start ***************
request method: POST
request originalUrl:  /bonus/admin/signon/getSignonList
request client ip:  ::1
request body: 
{}
response time: 31
response status: 200
response body: 
{"status":0,"code":0,"msg":"SUCCESS","data":{"list":[{"cycle_text":{"type":1,"name":"日","number":0},"extra_text":{},"rule":{},"start_at":"2019-04-26","end_at":"2019-05-31","createdAt":"2019-04-07 09:44:07","updatedAt":"2019-04-07 09:44:07","id":"12","name":"每日签到-领奖","rule_desc":"每日签到-领奖","checkintype_id":"1","checkin_type":{"name":"每日签到","type":1}},{"cycle_text":{"type":4,"name":"年","number":0},"extra_text":{},"rule":{},"start_at":"2019-04-25","end_at":"2019-05-31","createdAt":"2019-04-05 17:47:11","updatedAt":"2019-04-05 17:47:11","id":"10","name":"测试3","rule_desc":"测试3","checkintype_id":"3","checkin_type":{"name":"累计签到","type":3}}],"count":2}}
*************** response log end ***************

[2019-04-07T14:27:31.795] [INFO] info - 
*************** response log start ***************
request method: POST
request originalUrl:  /bonus/admin/signon/getSignonList
request client ip:  ::1
request body: 
{"page":1,"pageSize":10}
response time: 17
response status: 200
response body: 
{"status":0,"code":0,"msg":"SUCCESS","data":{"list":[{"cycle_text":{"type":1,"name":"日","number":0},"extra_text":{},"rule":{},"start_at":"2019-04-26","end_at":"2019-05-31","createdAt":"2019-04-07 09:44:07","updatedAt":"2019-04-07 09:44:07","id":"12","name":"每日签到-领奖","rule_desc":"每日签到-领奖","checkintype_id":"1","checkin_type":{"name":"每日签到","type":1}},{"cycle_text":{"type":4,"name":"年","number":0},"extra_text":{},"rule":{},"start_at":"2019-04-25","end_at":"2019-05-31","createdAt":"2019-04-05 17:47:11","updatedAt":"2019-04-05 17:47:11","id":"10","name":"测试3","rule_desc":"测试3","checkintype_id":"3","checkin_type":{"name":"累计签到","type":3}}],"count":2}}
*************** response log end ***************

[2019-04-07T14:27:33.479] [INFO] info - 
*************** response log start ***************
request method: POST
request originalUrl:  /bonus/admin/checkintype/getCheckInTypeList
request client ip:  ::1
request body: 
{}
response time: 8
response status: 200
response body: 
{"status":0,"code":0,"msg":"SUCCESS","data":{"list":[{"createdAt":"2019-04-05 05:52:52","updatedAt":"2019-04-05 05:52:55","id":"1","type":1,"name":"每日签到"},{"createdAt":"2019-04-05 05:53:11","updatedAt":"2019-04-05 05:53:15","id":"2","type":2,"name":"连续签到"},{"createdAt":"2019-04-05 05:53:34","updatedAt":"2019-04-05 05:53:37","id":"3","type":3,"name":"累计签到"}]}}
*************** response log end ***************

[2019-04-07T14:27:33.492] [INFO] info - 
*************** response log start ***************
request method: POST
request originalUrl:  /bonus/admin/datetype/getDateTypeList
request client ip:  ::1
request body: 
{"type":0}
response time: 6
response status: 200
response body: 
{"status":0,"code":0,"msg":"SUCCESS","data":{"list":[]}}
*************** response log end ***************

[2019-04-07T14:27:34.254] [INFO] info - 
*************** response log start ***************
request method: POST
request originalUrl:  /bonus/admin/signon/getSignonList
request client ip:  ::1
request body: 
{"page":1,"pageSize":10}
response time: 12
response status: 200
response body: 
{"status":0,"code":0,"msg":"SUCCESS","data":{"list":[{"cycle_text":{"type":1,"name":"日","number":0},"extra_text":{},"rule":{},"start_at":"2019-04-26","end_at":"2019-05-31","createdAt":"2019-04-07 09:44:07","updatedAt":"2019-04-07 09:44:07","id":"12","name":"每日签到-领奖","rule_desc":"每日签到-领奖","checkintype_id":"1","checkin_type":{"name":"每日签到","type":1}},{"cycle_text":{"type":4,"name":"年","number":0},"extra_text":{},"rule":{},"start_at":"2019-04-25","end_at":"2019-05-31","createdAt":"2019-04-05 17:47:11","updatedAt":"2019-04-05 17:47:11","id":"10","name":"测试3","rule_desc":"测试3","checkintype_id":"3","checkin_type":{"name":"累计签到","type":3}}],"count":2}}
*************** response log end ***************

[2019-04-07T14:27:35.350] [INFO] info - 
*************** response log start ***************
request method: POST
request originalUrl:  /bonus/admin/checkintype/getCheckInTypeList
request client ip:  ::1
request body: 
{}
response time: 10
response status: 200
response body: 
{"status":0,"code":0,"msg":"SUCCESS","data":{"list":[{"createdAt":"2019-04-05 05:52:52","updatedAt":"2019-04-05 05:52:55","id":"1","type":1,"name":"每日签到"},{"createdAt":"2019-04-05 05:53:11","updatedAt":"2019-04-05 05:53:15","id":"2","type":2,"name":"连续签到"},{"createdAt":"2019-04-05 05:53:34","updatedAt":"2019-04-05 05:53:37","id":"3","type":3,"name":"累计签到"}]}}
*************** response log end ***************

[2019-04-07T14:27:35.371] [INFO] info - 
*************** response log start ***************
request method: POST
request originalUrl:  /bonus/admin/datetype/getDateTypeList
request client ip:  ::1
request body: 
{"type":0}
response time: 8
response status: 200
response body: 
{"status":0,"code":0,"msg":"SUCCESS","data":{"list":[]}}
*************** response log end ***************

[2019-04-07T19:30:03.103] [INFO] info - 
*************** response log start ***************
request method: POST
request originalUrl:  /bonus/admin/scene/getSceneList
request client ip:  ::1
request body: 
{}
response time: 28
response status: 200
response body: 
{"status":0,"code":0,"msg":"SUCCESS","data":{"list":[{"createdAt":"2019-04-04 21:51:33","updatedAt":"2019-04-04 21:51:33","id":"1","name":"测试","desc":"测试"}]}}
*************** response log end ***************

[2019-04-07T19:30:03.114] [INFO] info - 
*************** response log start ***************
request method: POST
request originalUrl:  /bonus/admin/signon/getSignonList
request client ip:  ::1
request body: 
{}
response time: 26
response status: 200
response body: 
{"status":0,"code":0,"msg":"SUCCESS","data":{"list":[{"cycle_text":{"type":1,"name":"日","number":0},"extra_text":{},"rule":{},"start_at":"2019-04-26","end_at":"2019-05-31","createdAt":"2019-04-07 09:44:07","updatedAt":"2019-04-07 09:44:07","id":"12","name":"每日签到-领奖","rule_desc":"每日签到-领奖","checkintype_id":"1","checkin_type":{"name":"每日签到","type":1}},{"cycle_text":{"type":4,"name":"年","number":0},"extra_text":{},"rule":{},"start_at":"2019-04-25","end_at":"2019-05-31","createdAt":"2019-04-05 17:47:11","updatedAt":"2019-04-05 17:47:11","id":"10","name":"测试3","rule_desc":"测试3","checkintype_id":"3","checkin_type":{"name":"累计签到","type":3}}],"count":2}}
*************** response log end ***************

[2019-04-07T19:30:04.999] [INFO] info - 
*************** response log start ***************
request method: POST
request originalUrl:  /bonus/admin/signon/getSignonList
request client ip:  ::1
request body: 
{"page":1,"pageSize":10}
response time: 17
response status: 200
response body: 
{"status":0,"code":0,"msg":"SUCCESS","data":{"list":[{"cycle_text":{"type":1,"name":"日","number":0},"extra_text":{},"rule":{},"start_at":"2019-04-26","end_at":"2019-05-31","createdAt":"2019-04-07 09:44:07","updatedAt":"2019-04-07 09:44:07","id":"12","name":"每日签到-领奖","rule_desc":"每日签到-领奖","checkintype_id":"1","checkin_type":{"name":"每日签到","type":1}},{"cycle_text":{"type":4,"name":"年","number":0},"extra_text":{},"rule":{},"start_at":"2019-04-25","end_at":"2019-05-31","createdAt":"2019-04-05 17:47:11","updatedAt":"2019-04-05 17:47:11","id":"10","name":"测试3","rule_desc":"测试3","checkintype_id":"3","checkin_type":{"name":"累计签到","type":3}}],"count":2}}
*************** response log end ***************

[2019-04-07T19:30:06.225] [INFO] info - 
*************** response log start ***************
request method: POST
request originalUrl:  /bonus/admin/checkintype/getCheckInTypeList
request client ip:  ::1
request body: 
{}
response time: 12
response status: 200
response body: 
{"status":0,"code":0,"msg":"SUCCESS","data":{"list":[{"createdAt":"2019-04-05 05:52:52","updatedAt":"2019-04-05 05:52:55","id":"1","type":1,"name":"每日签到"},{"createdAt":"2019-04-05 05:53:11","updatedAt":"2019-04-05 05:53:15","id":"2","type":2,"name":"连续签到"},{"createdAt":"2019-04-05 05:53:34","updatedAt":"2019-04-05 05:53:37","id":"3","type":3,"name":"累计签到"}]}}
*************** response log end ***************

[2019-04-07T19:30:06.233] [INFO] info - 
*************** response log start ***************
request method: POST
request originalUrl:  /bonus/admin/datetype/getDateTypeList
request client ip:  ::1
request body: 
{"type":0}
response time: 10
response status: 200
response body: 
{"status":0,"code":0,"msg":"SUCCESS","data":{"list":[]}}
*************** response log end ***************

[2019-04-07T19:30:06.886] [INFO] info - 
*************** response log start ***************
request method: POST
request originalUrl:  /bonus/admin/signon/getSignonList
request client ip:  ::1
request body: 
{"page":1,"pageSize":10}
response time: 12
response status: 200
response body: 
{"status":0,"code":0,"msg":"SUCCESS","data":{"list":[{"cycle_text":{"type":1,"name":"日","number":0},"extra_text":{},"rule":{},"start_at":"2019-04-26","end_at":"2019-05-31","createdAt":"2019-04-07 09:44:07","updatedAt":"2019-04-07 09:44:07","id":"12","name":"每日签到-领奖","rule_desc":"每日签到-领奖","checkintype_id":"1","checkin_type":{"name":"每日签到","type":1}},{"cycle_text":{"type":4,"name":"年","number":0},"extra_text":{},"rule":{},"start_at":"2019-04-25","end_at":"2019-05-31","createdAt":"2019-04-05 17:47:11","updatedAt":"2019-04-05 17:47:11","id":"10","name":"测试3","rule_desc":"测试3","checkintype_id":"3","checkin_type":{"name":"累计签到","type":3}}],"count":2}}
*************** response log end ***************

[2019-04-07T19:30:14.745] [INFO] info - 
*************** response log start ***************
request method: POST
request originalUrl:  /bonus/admin/scene/getSceneList
request client ip:  ::1
request body: 
{}
response time: 11
response status: 200
response body: 
{"status":0,"code":0,"msg":"SUCCESS","data":{"list":[{"createdAt":"2019-04-04 21:51:33","updatedAt":"2019-04-04 21:51:33","id":"1","name":"测试","desc":"测试"}]}}
*************** response log end ***************

[2019-04-07T19:30:14.761] [INFO] info - 
*************** response log start ***************
request method: POST
request originalUrl:  /bonus/admin/signon/getSignonList
request client ip:  ::1
request body: 
{}
response time: 21
response status: 200
response body: 
{"status":0,"code":0,"msg":"SUCCESS","data":{"list":[{"cycle_text":{"type":1,"name":"日","number":0},"extra_text":{},"rule":{},"start_at":"2019-04-26","end_at":"2019-05-31","createdAt":"2019-04-07 09:44:07","updatedAt":"2019-04-07 09:44:07","id":"12","name":"每日签到-领奖","rule_desc":"每日签到-领奖","checkintype_id":"1","checkin_type":{"name":"每日签到","type":1}},{"cycle_text":{"type":4,"name":"年","number":0},"extra_text":{},"rule":{},"start_at":"2019-04-25","end_at":"2019-05-31","createdAt":"2019-04-05 17:47:11","updatedAt":"2019-04-05 17:47:11","id":"10","name":"测试3","rule_desc":"测试3","checkintype_id":"3","checkin_type":{"name":"累计签到","type":3}}],"count":2}}
*************** response log end ***************

[2019-04-07T19:30:15.914] [INFO] info - 
*************** response log start ***************
request method: POST
request originalUrl:  /bonus/admin/signon/getSignonListBySceneId
request client ip:  ::1
request body: 
{"sceneId":"1","type":1}
response time: 31
response status: 200
response body: 
{"status":0,"code":0,"msg":"SUCCESS","data":{"list":[{"cycle_text":{"type":1,"name":"日","number":0},"extra_text":{},"rule":{},"start_at":"2019-04-26","end_at":"2019-05-31","createdAt":"2019-04-07 09:44:07","updatedAt":"2019-04-07 09:44:07","id":"12","name":"每日签到-领奖","rule_desc":"每日签到-领奖","checkintype_id":"1","checkin_type":{"name":"每日签到","type":1}},{"cycle_text":{"type":4,"name":"年","number":0},"extra_text":{},"rule":{},"start_at":"2019-04-25","end_at":"2019-05-31","createdAt":"2019-04-05 17:47:11","updatedAt":"2019-04-05 17:47:11","id":"10","name":"测试3","rule_desc":"测试3","checkintype_id":"3","checkin_type":{"name":"累计签到","type":3}}]}}
*************** response log end ***************

[2019-04-07T19:30:19.332] [INFO] info - 
*************** response log start ***************
request method: POST
request originalUrl:  /bonus/admin/signon/getSignonListBySceneId
request client ip:  ::1
request body: 
{"sceneId":"1","type":1}
response time: 24
response status: 200
response body: 
{"status":0,"code":0,"msg":"SUCCESS","data":{"list":[{"cycle_text":{"type":1,"name":"日","number":0},"extra_text":{},"rule":{},"start_at":"2019-04-26","end_at":"2019-05-31","createdAt":"2019-04-07 09:44:07","updatedAt":"2019-04-07 09:44:07","id":"12","name":"每日签到-领奖","rule_desc":"每日签到-领奖","checkintype_id":"1","checkin_type":{"name":"每日签到","type":1}},{"cycle_text":{"type":4,"name":"年","number":0},"extra_text":{},"rule":{},"start_at":"2019-04-25","end_at":"2019-05-31","createdAt":"2019-04-05 17:47:11","updatedAt":"2019-04-05 17:47:11","id":"10","name":"测试3","rule_desc":"测试3","checkintype_id":"3","checkin_type":{"name":"累计签到","type":3}}]}}
*************** response log end ***************

[2019-04-07T19:30:22.430] [INFO] info - 
*************** response log start ***************
request method: POST
request originalUrl:  /bonus/admin/checkintype/getCheckInTypeList
request client ip:  ::1
request body: 
{}
response time: 6
response status: 200
response body: 
{"status":0,"code":0,"msg":"SUCCESS","data":{"list":[{"createdAt":"2019-04-05 05:52:52","updatedAt":"2019-04-05 05:52:55","id":"1","type":1,"name":"每日签到"},{"createdAt":"2019-04-05 05:53:11","updatedAt":"2019-04-05 05:53:15","id":"2","type":2,"name":"连续签到"},{"createdAt":"2019-04-05 05:53:34","updatedAt":"2019-04-05 05:53:37","id":"3","type":3,"name":"累计签到"}]}}
*************** response log end ***************

[2019-04-07T19:30:22.445] [INFO] info - 
*************** response log start ***************
request method: POST
request originalUrl:  /bonus/admin/datetype/getDateTypeList
request client ip:  ::1
request body: 
{"type":0}
response time: 6
response status: 200
response body: 
{"status":0,"code":0,"msg":"SUCCESS","data":{"list":[]}}
*************** response log end ***************

[2019-04-07T19:30:23.383] [INFO] info - 
*************** response log start ***************
request method: POST
request originalUrl:  /bonus/admin/signon/getSignonList
request client ip:  ::1
request body: 
{"page":1,"pageSize":10}
response time: 13
response status: 200
response body: 
{"status":0,"code":0,"msg":"SUCCESS","data":{"list":[{"cycle_text":{"type":1,"name":"日","number":0},"extra_text":{},"rule":{},"start_at":"2019-04-26","end_at":"2019-05-31","createdAt":"2019-04-07 09:44:07","updatedAt":"2019-04-07 09:44:07","id":"12","name":"每日签到-领奖","rule_desc":"每日签到-领奖","checkintype_id":"1","checkin_type":{"name":"每日签到","type":1}},{"cycle_text":{"type":4,"name":"年","number":0},"extra_text":{},"rule":{},"start_at":"2019-04-25","end_at":"2019-05-31","createdAt":"2019-04-05 17:47:11","updatedAt":"2019-04-05 17:47:11","id":"10","name":"测试3","rule_desc":"测试3","checkintype_id":"3","checkin_type":{"name":"累计签到","type":3}}],"count":2}}
*************** response log end ***************

[2019-04-07T20:24:56.168] [INFO] info - 
*************** response log start ***************
request method: POST
request originalUrl:  /bonus/admin/checkintype/getCheckInTypeList
request client ip:  ::1
request body: 
{}
response time: 27
response status: 200
response body: 
{"status":0,"code":0,"msg":"SUCCESS","data":{"list":[{"createdAt":"2019-04-05 05:52:52","updatedAt":"2019-04-05 05:52:55","id":"1","type":1,"name":"每日签到"},{"createdAt":"2019-04-05 05:53:11","updatedAt":"2019-04-05 05:53:15","id":"2","type":2,"name":"连续签到"},{"createdAt":"2019-04-05 05:53:34","updatedAt":"2019-04-05 05:53:37","id":"3","type":3,"name":"累计签到"}]}}
*************** response log end ***************

[2019-04-07T20:24:56.173] [INFO] info - 
*************** response log start ***************
request method: POST
request originalUrl:  /bonus/admin/datetype/getDateTypeList
request client ip:  ::1
request body: 
{"type":0}
response time: 25
response status: 200
response body: 
{"status":0,"code":0,"msg":"SUCCESS","data":{"list":[]}}
*************** response log end ***************

